2023-03-09 13:12:07.713 [info] Log level: Info
2023-03-09 13:12:07.713 [info] Validating found git in: "git"
2023-03-09 13:12:07.713 [info] Using git "2.17.1" from "git"
2023-03-09 13:12:07.713 [info] > git rev-parse --show-toplevel [23ms]
2023-03-09 13:12:07.713 [info] fatal: not a git repository (or any of the parent directories): .git
2023-03-09 13:12:07.713 [info] > git rev-parse --show-toplevel [24ms]
2023-03-09 13:12:07.713 [info] fatal: not a git repository (or any of the parent directories): .git
2023-03-09 13:12:07.713 [info] > git rev-parse --show-toplevel [15ms]
2023-03-09 13:12:07.713 [info] fatal: not a git repository (or any of the parent directories): .git
2023-03-09 13:12:07.713 [info] > git rev-parse --show-toplevel [23ms]
2023-03-09 13:12:07.713 [info] fatal: not a git repository (or any of the parent directories): .git
2023-03-09 13:12:07.713 [info] > git rev-parse --show-toplevel [22ms]
2023-03-09 13:12:07.713 [info] fatal: not a git repository (or any of the parent directories): .git
2023-03-09 13:12:07.713 [info] > git rev-parse --show-toplevel [10ms]
2023-03-09 13:12:07.713 [info] fatal: not a git repository (or any of the parent directories): .git
2023-03-09 13:12:07.713 [info] > git rev-parse --show-toplevel [16ms]
2023-03-09 13:12:07.713 [info] fatal: not a git repository (or any of the parent directories): .git
2023-03-09 13:12:07.713 [info] > git rev-parse --show-toplevel [3ms]
2023-03-09 13:12:07.713 [info] fatal: not a git repository (or any of the parent directories): .git
2023-03-09 13:12:07.713 [info] > git rev-parse --show-toplevel [3ms]
2023-03-09 13:12:07.713 [info] fatal: not a git repository (or any of the parent directories): .git
2023-03-09 13:12:07.713 [info] > git rev-parse --show-toplevel [2ms]
2023-03-09 13:12:07.713 [info] fatal: not a git repository (or any of the parent directories): .git
2023-03-09 13:12:32.587 [info] > git rev-parse --show-toplevel [68ms]
2023-03-09 13:12:32.587 [info] fatal: not a git repository (or any of the parent directories): .git
2023-03-09 13:14:45.540 [info] > git rev-parse --show-toplevel [5ms]
2023-03-09 13:14:45.541 [info] fatal: not a git repository (or any of the parent directories): .git
2023-03-09 13:18:59.595 [info] > git rev-parse --show-toplevel [8ms]
2023-03-09 13:18:59.595 [info] fatal: not a git repository (or any of the parent directories): .git
2023-03-09 13:19:00.913 [info] > git rev-parse --show-toplevel [11ms]
2023-03-09 13:19:00.913 [info] fatal: not a git repository (or any of the parent directories): .git
2023-03-09 13:19:17.237 [info] > git rev-parse --show-toplevel [21ms]
2023-03-09 13:19:17.237 [info] fatal: not a git repository (or any of the parent directories): .git
2023-03-09 13:19:20.481 [info] > git rev-parse --show-toplevel [15ms]
2023-03-09 13:19:20.481 [info] fatal: not a git repository (or any of the parent directories): .git
2023-03-09 13:19:27.716 [info] > git rev-parse --show-toplevel [29ms]
2023-03-09 13:19:27.716 [info] fatal: not a git repository (or any of the parent directories): .git
2023-03-09 13:19:31.799 [info] > git rev-parse --show-toplevel [40ms]
2023-03-09 13:19:31.799 [info] fatal: not a git repository (or any of the parent directories): .git
2023-03-09 13:19:45.096 [info] > git rev-parse --show-toplevel [85ms]
2023-03-09 13:19:45.097 [info] fatal: not a git repository (or any of the parent directories): .git
2023-03-09 13:20:09.490 [info] > git rev-parse --show-toplevel [5ms]
2023-03-09 13:20:09.490 [info] fatal: not a git repository (or any of the parent directories): .git
2023-03-09 13:22:22.340 [info] > git rev-parse --show-toplevel [12ms]
2023-03-09 13:22:22.340 [info] fatal: not a git repository (or any of the parent directories): .git
2023-03-09 13:22:34.184 [info] > git rev-parse --show-toplevel [15ms]
2023-03-09 13:22:34.184 [info] fatal: not a git repository (or any of the parent directories): .git
2023-03-09 13:22:44.865 [info] > git rev-parse --show-toplevel [19ms]
2023-03-09 13:22:44.866 [info] fatal: not a git repository (or any of the parent directories): .git
2023-03-09 13:27:48.760 [info] > git rev-parse --show-toplevel [35ms]
2023-03-09 13:27:48.760 [info] fatal: not a git repository (or any of the parent directories): .git
2023-03-09 13:28:52.028 [info] > git rev-parse --show-toplevel [32ms]
2023-03-09 13:28:52.028 [info] fatal: not a git repository (or any of the parent directories): .git
2023-03-09 13:28:53.329 [info] > git rev-parse --show-toplevel [10ms]
2023-03-09 13:28:53.329 [info] fatal: not a git repository (or any of the parent directories): .git
2023-03-09 13:28:54.033 [info] > git rev-parse --show-toplevel [16ms]
2023-03-09 13:28:54.033 [info] fatal: not a git repository (or any of the parent directories): .git
2023-03-09 13:28:56.468 [info] > git rev-parse --show-toplevel [9ms]
2023-03-09 13:28:56.468 [info] fatal: not a git repository (or any of the parent directories): .git
2023-03-09 13:29:00.567 [info] > git rev-parse --show-toplevel [3ms]
2023-03-09 13:29:00.568 [info] fatal: not a git repository (or any of the parent directories): .git
2023-03-09 13:29:03.092 [info] > git rev-parse --show-toplevel [8ms]
2023-03-09 13:29:03.092 [info] fatal: not a git repository (or any of the parent directories): .git
2023-03-09 13:29:04.024 [info] > git rev-parse --show-toplevel [9ms]
2023-03-09 13:29:04.024 [info] fatal: not a git repository (or any of the parent directories): .git
2023-03-09 13:29:06.108 [info] > git rev-parse --show-toplevel [9ms]
2023-03-09 13:29:06.108 [info] fatal: not a git repository (or any of the parent directories): .git
2023-03-09 13:29:07.823 [info] > git rev-parse --show-toplevel [91ms]
2023-03-09 13:29:07.823 [info] fatal: not a git repository (or any of the parent directories): .git
2023-03-09 13:29:22.485 [info] > git rev-parse --show-toplevel [6ms]
2023-03-09 13:29:22.485 [info] fatal: not a git repository (or any of the parent directories): .git
2023-03-09 13:29:30.737 [info] > git rev-parse --show-toplevel [3ms]
2023-03-09 13:29:30.737 [info] fatal: not a git repository (or any of the parent directories): .git
2023-03-09 13:29:41.688 [info] > git rev-parse --show-toplevel [22ms]
2023-03-09 13:29:41.688 [info] fatal: not a git repository (or any of the parent directories): .git
2023-03-09 13:30:33.243 [info] > git rev-parse --show-toplevel [11ms]
2023-03-09 13:30:33.243 [info] fatal: not a git repository (or any of the parent directories): .git
2023-03-09 13:30:36.064 [info] > git rev-parse --show-toplevel [9ms]
2023-03-09 13:30:36.064 [info] fatal: not a git repository (or any of the parent directories): .git
2023-03-09 13:30:37.283 [info] > git rev-parse --show-toplevel [52ms]
2023-03-09 13:30:37.283 [info] fatal: not a git repository (or any of the parent directories): .git
2023-03-09 13:30:40.745 [info] > git rev-parse --show-toplevel [13ms]
2023-03-09 13:30:40.745 [info] fatal: not a git repository (or any of the parent directories): .git
2023-03-09 13:30:42.475 [info] > git rev-parse --show-toplevel [15ms]
2023-03-09 13:30:42.475 [info] fatal: not a git repository (or any of the parent directories): .git
2023-03-09 13:31:06.516 [info] > git rev-parse --show-toplevel [18ms]
2023-03-09 13:31:06.516 [info] fatal: not a git repository (or any of the parent directories): .git
2023-03-09 13:32:39.479 [info] > git rev-parse --show-toplevel [11ms]
2023-03-09 13:32:39.479 [info] fatal: not a git repository (or any of the parent directories): .git
2023-03-09 13:32:47.567 [info] > git rev-parse --show-toplevel [19ms]
2023-03-09 13:32:47.567 [info] fatal: not a git repository (or any of the parent directories): .git
2023-03-09 13:34:06.518 [info] > git rev-parse --show-toplevel [8ms]
2023-03-09 13:34:06.518 [info] fatal: not a git repository (or any of the parent directories): .git
2023-03-09 13:34:17.634 [info] > git rev-parse --show-toplevel [2ms]
2023-03-09 13:34:17.634 [info] fatal: not a git repository (or any of the parent directories): .git
2023-03-09 13:34:20.829 [info] > git rev-parse --show-toplevel [18ms]
2023-03-09 13:34:20.829 [info] fatal: not a git repository (or any of the parent directories): .git
2023-03-09 13:34:53.396 [info] > git rev-parse --show-toplevel [25ms]
2023-03-09 13:34:53.396 [info] fatal: not a git repository (or any of the parent directories): .git
2023-03-09 13:34:56.904 [info] > git rev-parse --show-toplevel [3ms]
2023-03-09 13:34:56.904 [info] fatal: not a git repository (or any of the parent directories): .git
2023-03-09 13:35:18.582 [info] > git rev-parse --show-toplevel [18ms]
2023-03-09 13:35:18.582 [info] fatal: not a git repository (or any of the parent directories): .git
2023-03-09 13:35:21.488 [info] > git rev-parse --show-toplevel [21ms]
2023-03-09 13:35:21.488 [info] fatal: not a git repository (or any of the parent directories): .git
2023-03-09 13:35:22.753 [info] > git rev-parse --show-toplevel [16ms]
2023-03-09 13:35:22.753 [info] fatal: not a git repository (or any of the parent directories): .git
2023-03-09 13:35:33.619 [info] > git rev-parse --show-toplevel [15ms]
2023-03-09 13:35:33.619 [info] fatal: not a git repository (or any of the parent directories): .git
2023-03-09 13:35:47.873 [info] > git rev-parse --show-toplevel [10ms]
2023-03-09 13:35:47.873 [info] fatal: not a git repository (or any of the parent directories): .git
2023-03-09 13:36:01.381 [info] > git rev-parse --show-toplevel [17ms]
2023-03-09 13:36:01.381 [info] fatal: not a git repository (or any of the parent directories): .git
2023-03-09 13:36:02.123 [info] > git rev-parse --show-toplevel [12ms]
2023-03-09 13:36:02.124 [info] fatal: not a git repository (or any of the parent directories): .git
2023-03-09 13:36:21.440 [info] > git rev-parse --show-toplevel [5ms]
2023-03-09 13:36:21.440 [info] fatal: not a git repository (or any of the parent directories): .git
2023-03-09 13:36:22.552 [info] > git rev-parse --show-toplevel [9ms]
2023-03-09 13:36:22.552 [info] fatal: not a git repository (or any of the parent directories): .git
2023-03-09 13:36:26.440 [info] > git rev-parse --show-toplevel [6ms]
2023-03-09 13:36:26.440 [info] fatal: not a git repository (or any of the parent directories): .git
2023-03-09 13:38:52.229 [info] > git rev-parse --show-toplevel [22ms]
2023-03-09 13:38:52.229 [info] fatal: not a git repository (or any of the parent directories): .git
2023-03-09 13:42:40.918 [info] > git rev-parse --show-toplevel [15ms]
2023-03-09 13:42:40.918 [info] fatal: not a git repository (or any of the parent directories): .git
2023-03-09 13:42:44.647 [info] > git rev-parse --show-toplevel [18ms]
2023-03-09 13:42:44.647 [info] fatal: not a git repository (or any of the parent directories): .git
