2023-03-31 07:16:54.723 [info] Log level: Info
2023-03-31 07:16:54.723 [info] Validating found git in: "git"
2023-03-31 07:16:54.723 [info] Using git "2.17.1" from "git"
2023-03-31 07:16:54.723 [info] > git rev-parse --show-toplevel [42ms]
2023-03-31 07:16:54.723 [info] > git rev-parse --git-dir --git-common-dir [3ms]
2023-03-31 07:16:54.723 [info] Open repository: /home/longvu
2023-03-31 07:16:54.723 [info] > git config --get commit.template [34ms]
2023-03-31 07:16:54.723 [info] > git rev-parse --show-toplevel [66ms]
2023-03-31 07:16:54.723 [info] > git rev-parse --show-toplevel [41ms]
2023-03-31 07:16:54.723 [info] > git for-each-ref --format=%(refname)%00%(upstream:short)%00%(objectname)%00%(upstream:track)%00%(upstream:remotename)%00%(upstream:remoteref) refs/heads/main refs/remotes/main [30ms]
2023-03-31 07:16:54.723 [info] > git rev-parse --show-toplevel [19ms]
2023-03-31 07:16:54.723 [info] > git rev-parse --show-toplevel [72ms]
2023-03-31 07:16:54.723 [info] > git rev-parse --show-toplevel [2ms]
2023-03-31 07:16:54.723 [info] > git rev-parse --show-toplevel [4ms]
2023-03-31 07:16:54.723 [info] > git rev-parse --show-toplevel [11ms]
2023-03-31 07:16:54.723 [info] > git rev-parse --show-toplevel [54ms]
2023-03-31 07:16:54.723 [info] > git rev-parse --show-toplevel [49ms]
2023-03-31 07:16:55.211 [info] > git check-ignore -v -z --stdin [32ms]
2023-03-31 07:16:55.330 [info] > git status -z -uall [1059ms]
2023-03-31 07:16:59.857 [info] > git fetch [5739ms]
2023-03-31 07:16:59.857 [info] Missing or invalid credentials.
Skip silent fetch commands
Missing or invalid credentials.
Skip silent fetch commands
remote: Repository not found.
fatal: Authentication failed for 'https://github.com/TrinhLongVu/nachos.git/'
2023-03-31 07:17:00.041 [info] > git config --get commit.template [243ms]
2023-03-31 07:17:00.050 [info] > git config --get commit.template [66ms]
2023-03-31 07:17:00.124 [info] > git for-each-ref --format=%(refname)%00%(upstream:short)%00%(objectname)%00%(upstream:track)%00%(upstream:remotename)%00%(upstream:remoteref) refs/heads/main refs/remotes/main [44ms]
2023-03-31 07:17:00.151 [info] > git for-each-ref --format=%(refname)%00%(upstream:short)%00%(objectname)%00%(upstream:track)%00%(upstream:remotename)%00%(upstream:remoteref) refs/heads/main refs/remotes/main [32ms]
2023-03-31 07:17:05.699 [info] > git status -z -uall [5502ms]
2023-03-31 07:17:12.249 [info] > git show --textconv :newNachos/nachos/NachOS-4.0/code/userprog/exception.cc [62ms]
2023-03-31 07:17:12.250 [info] > git ls-files --stage -- /home/longvu/newNachos/nachos/NachOS-4.0/code/userprog/exception.cc [47ms]
2023-03-31 07:17:12.278 [info] > git cat-file -s 6060de21c551d3f2ca53d2e017d5c6b311c85713 [5ms]
2023-03-31 07:17:23.834 [info] > git config --get commit.template [1ms]
2023-03-31 07:17:23.848 [info] > git for-each-ref --format=%(refname)%00%(upstream:short)%00%(objectname)%00%(upstream:track)%00%(upstream:remotename)%00%(upstream:remoteref) refs/heads/main refs/remotes/main [3ms]
2023-03-31 07:17:24.434 [info] > git status -z -uall [576ms]
2023-03-31 07:17:30.182 [info] > git config --get commit.template [2ms]
2023-03-31 07:17:30.195 [info] > git for-each-ref --format=%(refname)%00%(upstream:short)%00%(objectname)%00%(upstream:track)%00%(upstream:remotename)%00%(upstream:remoteref) refs/heads/main refs/remotes/main [1ms]
2023-03-31 07:17:30.702 [info] > git status -z -uall [496ms]
2023-03-31 07:17:36.259 [info] > git config --get commit.template [26ms]
2023-03-31 07:17:36.261 [info] > git for-each-ref --format=%(refname)%00%(upstream:short)%00%(objectname)%00%(upstream:track)%00%(upstream:remotename)%00%(upstream:remoteref) refs/heads/main refs/remotes/main [5ms]
2023-03-31 07:17:36.710 [info] > git status -z -uall [436ms]
2023-03-31 07:17:42.305 [info] > git config --get commit.template [50ms]
2023-03-31 07:17:42.306 [info] > git for-each-ref --format=%(refname)%00%(upstream:short)%00%(objectname)%00%(upstream:track)%00%(upstream:remotename)%00%(upstream:remoteref) refs/heads/main refs/remotes/main [4ms]
2023-03-31 07:17:42.768 [info] > git status -z -uall [446ms]
2023-03-31 07:17:48.411 [info] > git config --get commit.template [7ms]
2023-03-31 07:17:48.437 [info] > git for-each-ref --format=%(refname)%00%(upstream:short)%00%(objectname)%00%(upstream:track)%00%(upstream:remotename)%00%(upstream:remoteref) refs/heads/main refs/remotes/main [4ms]
2023-03-31 07:17:48.966 [info] > git status -z -uall [516ms]
2023-03-31 07:17:54.763 [info] > git config --get commit.template [19ms]
2023-03-31 07:17:54.772 [info] > git for-each-ref --format=%(refname)%00%(upstream:short)%00%(objectname)%00%(upstream:track)%00%(upstream:remotename)%00%(upstream:remoteref) refs/heads/main refs/remotes/main [10ms]
2023-03-31 07:17:55.424 [info] > git status -z -uall [637ms]
2023-03-31 07:18:01.030 [info] > git config --get commit.template [36ms]
2023-03-31 07:18:01.031 [info] > git for-each-ref --format=%(refname)%00%(upstream:short)%00%(objectname)%00%(upstream:track)%00%(upstream:remotename)%00%(upstream:remoteref) refs/heads/main refs/remotes/main [8ms]
2023-03-31 07:18:01.530 [info] > git status -z -uall [479ms]
2023-03-31 07:18:07.127 [info] > git config --get commit.template [15ms]
2023-03-31 07:18:07.127 [info] > git for-each-ref --format=%(refname)%00%(upstream:short)%00%(objectname)%00%(upstream:track)%00%(upstream:remotename)%00%(upstream:remoteref) refs/heads/main refs/remotes/main [2ms]
2023-03-31 07:18:07.633 [info] > git status -z -uall [496ms]
2023-03-31 07:18:13.167 [info] > git config --get commit.template [1ms]
2023-03-31 07:18:13.187 [info] > git for-each-ref --format=%(refname)%00%(upstream:short)%00%(objectname)%00%(upstream:track)%00%(upstream:remotename)%00%(upstream:remoteref) refs/heads/main refs/remotes/main [3ms]
2023-03-31 07:18:13.741 [info] > git status -z -uall [532ms]
2023-03-31 07:18:19.348 [info] > git for-each-ref --format=%(refname)%00%(upstream:short)%00%(objectname)%00%(upstream:track)%00%(upstream:remotename)%00%(upstream:remoteref) refs/heads/main refs/remotes/main [5ms]
2023-03-31 07:18:19.349 [info] > git config --get commit.template [16ms]
2023-03-31 07:18:19.849 [info] > git status -z -uall [490ms]
2023-03-31 07:18:25.458 [info] > git config --get commit.template [21ms]
2023-03-31 07:18:25.462 [info] > git for-each-ref --format=%(refname)%00%(upstream:short)%00%(objectname)%00%(upstream:track)%00%(upstream:remotename)%00%(upstream:remoteref) refs/heads/main refs/remotes/main [5ms]
2023-03-31 07:18:26.054 [info] > git status -z -uall [575ms]
2023-03-31 07:18:31.650 [info] > git config --get commit.template [8ms]
2023-03-31 07:18:31.679 [info] > git for-each-ref --format=%(refname)%00%(upstream:short)%00%(objectname)%00%(upstream:track)%00%(upstream:remotename)%00%(upstream:remoteref) refs/heads/main refs/remotes/main [3ms]
2023-03-31 07:18:32.157 [info] > git status -z -uall [461ms]
2023-03-31 07:18:37.801 [info] > git config --get commit.template [4ms]
2023-03-31 07:18:37.827 [info] > git for-each-ref --format=%(refname)%00%(upstream:short)%00%(objectname)%00%(upstream:track)%00%(upstream:remotename)%00%(upstream:remoteref) refs/heads/main refs/remotes/main [2ms]
2023-03-31 07:18:38.291 [info] > git status -z -uall [453ms]
2023-03-31 07:18:57.714 [info] > git config --get commit.template [15ms]
2023-03-31 07:18:57.716 [info] > git for-each-ref --format=%(refname)%00%(upstream:short)%00%(objectname)%00%(upstream:track)%00%(upstream:remotename)%00%(upstream:remoteref) refs/heads/main refs/remotes/main [2ms]
2023-03-31 07:18:58.184 [info] > git status -z -uall [456ms]
2023-03-31 07:19:04.118 [info] > git config --get commit.template [13ms]
2023-03-31 07:19:04.118 [info] > git for-each-ref --format=%(refname)%00%(upstream:short)%00%(objectname)%00%(upstream:track)%00%(upstream:remotename)%00%(upstream:remoteref) refs/heads/main refs/remotes/main [2ms]
2023-03-31 07:19:04.639 [info] > git status -z -uall [510ms]
2023-03-31 07:19:10.190 [info] > git config --get commit.template [33ms]
2023-03-31 07:19:10.192 [info] > git for-each-ref --format=%(refname)%00%(upstream:short)%00%(objectname)%00%(upstream:track)%00%(upstream:remotename)%00%(upstream:remoteref) refs/heads/main refs/remotes/main [5ms]
2023-03-31 07:19:10.684 [info] > git status -z -uall [475ms]
2023-03-31 07:19:16.426 [info] > git config --get commit.template [18ms]
2023-03-31 07:19:16.426 [info] > git for-each-ref --format=%(refname)%00%(upstream:short)%00%(objectname)%00%(upstream:track)%00%(upstream:remotename)%00%(upstream:remoteref) refs/heads/main refs/remotes/main [1ms]
2023-03-31 07:19:16.903 [info] > git status -z -uall [462ms]
2023-03-31 07:19:22.690 [info] > git config --get commit.template [5ms]
2023-03-31 07:19:22.717 [info] > git for-each-ref --format=%(refname)%00%(upstream:short)%00%(objectname)%00%(upstream:track)%00%(upstream:remotename)%00%(upstream:remoteref) refs/heads/main refs/remotes/main [3ms]
2023-03-31 07:19:23.191 [info] > git status -z -uall [452ms]
2023-03-31 07:19:28.938 [info] > git config --get commit.template [2ms]
2023-03-31 07:19:28.957 [info] > git for-each-ref --format=%(refname)%00%(upstream:short)%00%(objectname)%00%(upstream:track)%00%(upstream:remotename)%00%(upstream:remoteref) refs/heads/main refs/remotes/main [2ms]
2023-03-31 07:19:29.398 [info] > git status -z -uall [426ms]
2023-03-31 07:19:35.119 [info] > git config --get commit.template [31ms]
2023-03-31 07:19:35.123 [info] > git for-each-ref --format=%(refname)%00%(upstream:short)%00%(objectname)%00%(upstream:track)%00%(upstream:remotename)%00%(upstream:remoteref) refs/heads/main refs/remotes/main [5ms]
2023-03-31 07:19:35.573 [info] > git status -z -uall [433ms]
2023-03-31 07:19:41.334 [info] > git config --get commit.template [25ms]
2023-03-31 07:19:41.335 [info] > git for-each-ref --format=%(refname)%00%(upstream:short)%00%(objectname)%00%(upstream:track)%00%(upstream:remotename)%00%(upstream:remoteref) refs/heads/main refs/remotes/main [2ms]
2023-03-31 07:19:41.952 [info] > git status -z -uall [599ms]
2023-03-31 07:19:47.804 [info] > git config --get commit.template [28ms]
2023-03-31 07:19:47.811 [info] > git for-each-ref --format=%(refname)%00%(upstream:short)%00%(objectname)%00%(upstream:track)%00%(upstream:remotename)%00%(upstream:remoteref) refs/heads/main refs/remotes/main [9ms]
2023-03-31 07:19:48.435 [info] > git status -z -uall [610ms]
2023-03-31 07:19:54.170 [info] > git config --get commit.template [18ms]
2023-03-31 07:19:54.170 [info] > git for-each-ref --format=%(refname)%00%(upstream:short)%00%(objectname)%00%(upstream:track)%00%(upstream:remotename)%00%(upstream:remoteref) refs/heads/main refs/remotes/main [2ms]
2023-03-31 07:19:54.670 [info] > git status -z -uall [486ms]
2023-03-31 07:20:00.367 [info] > git config --get commit.template [2ms]
2023-03-31 07:20:00.395 [info] > git for-each-ref --format=%(refname)%00%(upstream:short)%00%(objectname)%00%(upstream:track)%00%(upstream:remotename)%00%(upstream:remoteref) refs/heads/main refs/remotes/main [2ms]
2023-03-31 07:20:00.965 [info] > git status -z -uall [547ms]
2023-03-31 07:20:06.906 [info] > git config --get commit.template [29ms]
2023-03-31 07:20:06.908 [info] > git for-each-ref --format=%(refname)%00%(upstream:short)%00%(objectname)%00%(upstream:track)%00%(upstream:remotename)%00%(upstream:remoteref) refs/heads/main refs/remotes/main [3ms]
2023-03-31 07:20:07.400 [info] > git status -z -uall [476ms]
2023-03-31 07:20:13.120 [info] > git config --get commit.template [31ms]
2023-03-31 07:20:13.122 [info] > git for-each-ref --format=%(refname)%00%(upstream:short)%00%(objectname)%00%(upstream:track)%00%(upstream:remotename)%00%(upstream:remoteref) refs/heads/main refs/remotes/main [3ms]
2023-03-31 07:20:13.711 [info] > git status -z -uall [573ms]
2023-03-31 07:20:19.620 [info] > git config --get commit.template [24ms]
2023-03-31 07:20:19.622 [info] > git for-each-ref --format=%(refname)%00%(upstream:short)%00%(objectname)%00%(upstream:track)%00%(upstream:remotename)%00%(upstream:remoteref) refs/heads/main refs/remotes/main [3ms]
2023-03-31 07:20:20.224 [info] > git status -z -uall [578ms]
2023-03-31 07:20:26.024 [info] > git config --get commit.template [31ms]
2023-03-31 07:20:26.024 [info] > git for-each-ref --format=%(refname)%00%(upstream:short)%00%(objectname)%00%(upstream:track)%00%(upstream:remotename)%00%(upstream:remoteref) refs/heads/main refs/remotes/main [2ms]
2023-03-31 07:20:26.207 [info] > git check-ignore -v -z --stdin [46ms]
2023-03-31 07:20:26.568 [info] > git status -z -uall [524ms]
2023-03-31 07:20:32.418 [info] > git config --get commit.template [25ms]
2023-03-31 07:20:32.419 [info] > git for-each-ref --format=%(refname)%00%(upstream:short)%00%(objectname)%00%(upstream:track)%00%(upstream:remotename)%00%(upstream:remoteref) refs/heads/main refs/remotes/main [2ms]
2023-03-31 07:20:32.862 [info] > git status -z -uall [430ms]
2023-03-31 07:20:38.589 [info] > git config --get commit.template [22ms]
2023-03-31 07:20:38.591 [info] > git for-each-ref --format=%(refname)%00%(upstream:short)%00%(objectname)%00%(upstream:track)%00%(upstream:remotename)%00%(upstream:remoteref) refs/heads/main refs/remotes/main [4ms]
2023-03-31 07:20:39.090 [info] > git status -z -uall [476ms]
2023-03-31 07:20:44.822 [info] > git config --get commit.template [9ms]
2023-03-31 07:20:44.843 [info] > git for-each-ref --format=%(refname)%00%(upstream:short)%00%(objectname)%00%(upstream:track)%00%(upstream:remotename)%00%(upstream:remoteref) refs/heads/main refs/remotes/main [1ms]
2023-03-31 07:20:45.301 [info] > git status -z -uall [444ms]
2023-03-31 07:20:51.055 [info] > git config --get commit.template [2ms]
2023-03-31 07:20:51.069 [info] > git for-each-ref --format=%(refname)%00%(upstream:short)%00%(objectname)%00%(upstream:track)%00%(upstream:remotename)%00%(upstream:remoteref) refs/heads/main refs/remotes/main [2ms]
2023-03-31 07:20:51.511 [info] > git status -z -uall [426ms]
2023-03-31 07:20:57.232 [info] > git config --get commit.template [30ms]
2023-03-31 07:20:57.233 [info] > git for-each-ref --format=%(refname)%00%(upstream:short)%00%(objectname)%00%(upstream:track)%00%(upstream:remotename)%00%(upstream:remoteref) refs/heads/main refs/remotes/main [5ms]
2023-03-31 07:20:57.692 [info] > git status -z -uall [440ms]
2023-03-31 07:21:03.392 [info] > git config --get commit.template [24ms]
2023-03-31 07:21:03.393 [info] > git for-each-ref --format=%(refname)%00%(upstream:short)%00%(objectname)%00%(upstream:track)%00%(upstream:remotename)%00%(upstream:remoteref) refs/heads/main refs/remotes/main [1ms]
2023-03-31 07:21:03.962 [info] > git status -z -uall [540ms]
2023-03-31 07:21:09.764 [info] > git config --get commit.template [7ms]
2023-03-31 07:21:09.785 [info] > git for-each-ref --format=%(refname)%00%(upstream:short)%00%(objectname)%00%(upstream:track)%00%(upstream:remotename)%00%(upstream:remoteref) refs/heads/main refs/remotes/main [1ms]
2023-03-31 07:21:10.268 [info] > git status -z -uall [469ms]
2023-03-31 07:21:15.994 [info] > git config --get commit.template [2ms]
2023-03-31 07:21:16.014 [info] > git for-each-ref --format=%(refname)%00%(upstream:short)%00%(objectname)%00%(upstream:track)%00%(upstream:remotename)%00%(upstream:remoteref) refs/heads/main refs/remotes/main [2ms]
2023-03-31 07:21:16.452 [info] > git status -z -uall [423ms]
2023-03-31 07:21:22.153 [info] > git config --get commit.template [2ms]
2023-03-31 07:21:27.059 [info] > git for-each-ref --format=%(refname)%00%(upstream:short)%00%(objectname)%00%(upstream:track)%00%(upstream:remotename)%00%(upstream:remoteref) refs/heads/main refs/remotes/main [23ms]
2023-03-31 07:21:27.559 [info] > git status -z -uall [485ms]
2023-03-31 07:21:33.240 [info] > git config --get commit.template [3ms]
2023-03-31 07:21:33.258 [info] > git for-each-ref --format=%(refname)%00%(upstream:short)%00%(objectname)%00%(upstream:track)%00%(upstream:remotename)%00%(upstream:remoteref) refs/heads/main refs/remotes/main [3ms]
2023-03-31 07:21:33.964 [info] > git status -z -uall [691ms]
2023-03-31 07:21:39.980 [info] > git config --get commit.template [4ms]
2023-03-31 07:21:39.999 [info] > git for-each-ref --format=%(refname)%00%(upstream:short)%00%(objectname)%00%(upstream:track)%00%(upstream:remotename)%00%(upstream:remoteref) refs/heads/main refs/remotes/main [2ms]
2023-03-31 07:21:40.528 [info] > git status -z -uall [518ms]
2023-03-31 07:21:46.278 [info] > git config --get commit.template [9ms]
2023-03-31 07:21:46.354 [info] > git for-each-ref --format=%(refname)%00%(upstream:short)%00%(objectname)%00%(upstream:track)%00%(upstream:remotename)%00%(upstream:remoteref) refs/heads/main refs/remotes/main [5ms]
2023-03-31 07:21:46.515 [info] > git show --textconv :newNachos/nachos/NachOS-4.0/code/test/TestClient.c [20ms]
2023-03-31 07:21:46.533 [info] > git ls-files --stage -- /home/longvu/newNachos/nachos/NachOS-4.0/code/test/TestClient.c [19ms]
2023-03-31 07:21:46.579 [info] > git cat-file -s 2fbe1e509f2ad6f91ff514ad10c5f757ec78d55e [12ms]
2023-03-31 07:21:47.022 [info] > git status -z -uall [643ms]
2023-03-31 07:21:49.186 [info] > git check-ignore -v -z --stdin [2199ms]
2023-03-31 07:21:52.843 [info] > git config --get commit.template [23ms]
2023-03-31 07:21:52.843 [info] > git for-each-ref --format=%(refname)%00%(upstream:short)%00%(objectname)%00%(upstream:track)%00%(upstream:remotename)%00%(upstream:remoteref) refs/heads/main refs/remotes/main [1ms]
2023-03-31 07:21:53.321 [info] > git status -z -uall [461ms]
2023-03-31 07:21:59.071 [info] > git config --get commit.template [6ms]
2023-03-31 07:21:59.088 [info] > git for-each-ref --format=%(refname)%00%(upstream:short)%00%(objectname)%00%(upstream:track)%00%(upstream:remotename)%00%(upstream:remoteref) refs/heads/main refs/remotes/main [1ms]
2023-03-31 07:21:59.563 [info] > git status -z -uall [461ms]
2023-03-31 07:22:05.253 [info] > git config --get commit.template [19ms]
2023-03-31 07:22:05.254 [info] > git for-each-ref --format=%(refname)%00%(upstream:short)%00%(objectname)%00%(upstream:track)%00%(upstream:remotename)%00%(upstream:remoteref) refs/heads/main refs/remotes/main [2ms]
2023-03-31 07:22:05.730 [info] > git status -z -uall [461ms]
2023-03-31 07:22:11.445 [info] > git config --get commit.template [3ms]
2023-03-31 07:22:11.488 [info] > git for-each-ref --format=%(refname)%00%(upstream:short)%00%(objectname)%00%(upstream:track)%00%(upstream:remotename)%00%(upstream:remoteref) refs/heads/main refs/remotes/main [7ms]
2023-03-31 07:22:11.971 [info] > git status -z -uall [467ms]
2023-03-31 07:22:17.895 [info] > git config --get commit.template [37ms]
2023-03-31 07:22:17.898 [info] > git for-each-ref --format=%(refname)%00%(upstream:short)%00%(objectname)%00%(upstream:track)%00%(upstream:remotename)%00%(upstream:remoteref) refs/heads/main refs/remotes/main [4ms]
2023-03-31 07:22:18.392 [info] > git status -z -uall [466ms]
2023-03-31 07:22:24.231 [info] > git config --get commit.template [33ms]
2023-03-31 07:22:24.237 [info] > git for-each-ref --format=%(refname)%00%(upstream:short)%00%(objectname)%00%(upstream:track)%00%(upstream:remotename)%00%(upstream:remoteref) refs/heads/main refs/remotes/main [10ms]
2023-03-31 07:22:24.716 [info] > git status -z -uall [459ms]
2023-03-31 07:22:30.476 [info] > git config --get commit.template [23ms]
2023-03-31 07:22:30.482 [info] > git for-each-ref --format=%(refname)%00%(upstream:short)%00%(objectname)%00%(upstream:track)%00%(upstream:remotename)%00%(upstream:remoteref) refs/heads/main refs/remotes/main [7ms]
2023-03-31 07:22:30.841 [info] > git status -z -uall [341ms]
2023-03-31 07:22:36.522 [info] > git config --get commit.template [23ms]
2023-03-31 07:22:36.525 [info] > git for-each-ref --format=%(refname)%00%(upstream:short)%00%(objectname)%00%(upstream:track)%00%(upstream:remotename)%00%(upstream:remoteref) refs/heads/main refs/remotes/main [4ms]
2023-03-31 07:22:37.021 [info] > git status -z -uall [479ms]
2023-03-31 07:22:42.794 [info] > git config --get commit.template [2ms]
2023-03-31 07:22:42.816 [info] > git for-each-ref --format=%(refname)%00%(upstream:short)%00%(objectname)%00%(upstream:track)%00%(upstream:remotename)%00%(upstream:remoteref) refs/heads/main refs/remotes/main [6ms]
2023-03-31 07:22:43.295 [info] > git status -z -uall [463ms]
2023-03-31 07:22:49.114 [info] > git config --get commit.template [5ms]
2023-03-31 07:22:49.140 [info] > git for-each-ref --format=%(refname)%00%(upstream:short)%00%(objectname)%00%(upstream:track)%00%(upstream:remotename)%00%(upstream:remoteref) refs/heads/main refs/remotes/main [3ms]
2023-03-31 07:22:49.628 [info] > git status -z -uall [467ms]
2023-03-31 07:22:55.425 [info] > git config --get commit.template [19ms]
2023-03-31 07:22:55.427 [info] > git for-each-ref --format=%(refname)%00%(upstream:short)%00%(objectname)%00%(upstream:track)%00%(upstream:remotename)%00%(upstream:remoteref) refs/heads/main refs/remotes/main [4ms]
2023-03-31 07:22:56.027 [info] > git status -z -uall [582ms]
2023-03-31 07:23:01.898 [info] > git config --get commit.template [24ms]
2023-03-31 07:23:01.899 [info] > git for-each-ref --format=%(refname)%00%(upstream:short)%00%(objectname)%00%(upstream:track)%00%(upstream:remotename)%00%(upstream:remoteref) refs/heads/main refs/remotes/main [2ms]
2023-03-31 07:23:02.472 [info] > git status -z -uall [552ms]
2023-03-31 07:23:08.340 [info] > git config --get commit.template [23ms]
2023-03-31 07:23:08.343 [info] > git for-each-ref --format=%(refname)%00%(upstream:short)%00%(objectname)%00%(upstream:track)%00%(upstream:remotename)%00%(upstream:remoteref) refs/heads/main refs/remotes/main [4ms]
2023-03-31 07:23:08.909 [info] > git status -z -uall [548ms]
2023-03-31 07:23:14.894 [info] > git config --get commit.template [3ms]
2023-03-31 07:23:14.919 [info] > git for-each-ref --format=%(refname)%00%(upstream:short)%00%(objectname)%00%(upstream:track)%00%(upstream:remotename)%00%(upstream:remoteref) refs/heads/main refs/remotes/main [2ms]
2023-03-31 07:23:15.530 [info] > git status -z -uall [595ms]
2023-03-31 07:23:21.450 [info] > git config --get commit.template [26ms]
2023-03-31 07:23:21.453 [info] > git for-each-ref --format=%(refname)%00%(upstream:short)%00%(objectname)%00%(upstream:track)%00%(upstream:remotename)%00%(upstream:remoteref) refs/heads/main refs/remotes/main [4ms]
2023-03-31 07:23:22.120 [info] > git status -z -uall [647ms]
2023-03-31 07:23:28.274 [info] > git config --get commit.template [34ms]
2023-03-31 07:23:28.275 [info] > git for-each-ref --format=%(refname)%00%(upstream:short)%00%(objectname)%00%(upstream:track)%00%(upstream:remotename)%00%(upstream:remoteref) refs/heads/main refs/remotes/main [3ms]
2023-03-31 07:23:28.775 [info] > git status -z -uall [475ms]
2023-03-31 07:23:34.566 [info] > git config --get commit.template [26ms]
2023-03-31 07:23:34.569 [info] > git for-each-ref --format=%(refname)%00%(upstream:short)%00%(objectname)%00%(upstream:track)%00%(upstream:remotename)%00%(upstream:remoteref) refs/heads/main refs/remotes/main [4ms]
2023-03-31 07:23:35.141 [info] > git status -z -uall [551ms]
2023-03-31 07:23:40.927 [info] > git config --get commit.template [3ms]
2023-03-31 07:23:40.951 [info] > git for-each-ref --format=%(refname)%00%(upstream:short)%00%(objectname)%00%(upstream:track)%00%(upstream:remotename)%00%(upstream:remoteref) refs/heads/main refs/remotes/main [4ms]
2023-03-31 07:23:41.428 [info] > git status -z -uall [458ms]
2023-03-31 07:23:47.133 [info] > git config --get commit.template [3ms]
2023-03-31 07:23:47.161 [info] > git for-each-ref --format=%(refname)%00%(upstream:short)%00%(objectname)%00%(upstream:track)%00%(upstream:remotename)%00%(upstream:remoteref) refs/heads/main refs/remotes/main [4ms]
2023-03-31 07:23:47.614 [info] > git status -z -uall [438ms]
2023-03-31 07:23:53.345 [info] > git config --get commit.template [26ms]
2023-03-31 07:23:53.346 [info] > git for-each-ref --format=%(refname)%00%(upstream:short)%00%(objectname)%00%(upstream:track)%00%(upstream:remotename)%00%(upstream:remoteref) refs/heads/main refs/remotes/main [3ms]
2023-03-31 07:23:53.881 [info] > git status -z -uall [510ms]
2023-03-31 07:23:59.503 [info] > git config --get commit.template [23ms]
2023-03-31 07:23:59.507 [info] > git for-each-ref --format=%(refname)%00%(upstream:short)%00%(objectname)%00%(upstream:track)%00%(upstream:remotename)%00%(upstream:remoteref) refs/heads/main refs/remotes/main [4ms]
2023-03-31 07:24:00.052 [info] > git status -z -uall [528ms]
2023-03-31 07:24:05.748 [info] > git config --get commit.template [20ms]
2023-03-31 07:24:05.749 [info] > git for-each-ref --format=%(refname)%00%(upstream:short)%00%(objectname)%00%(upstream:track)%00%(upstream:remotename)%00%(upstream:remoteref) refs/heads/main refs/remotes/main [2ms]
2023-03-31 07:24:06.286 [info] > git status -z -uall [519ms]
2023-03-31 07:24:12.171 [info] > git config --get commit.template [2ms]
2023-03-31 07:24:12.197 [info] > git for-each-ref --format=%(refname)%00%(upstream:short)%00%(objectname)%00%(upstream:track)%00%(upstream:remotename)%00%(upstream:remoteref) refs/heads/main refs/remotes/main [3ms]
2023-03-31 07:24:12.687 [info] > git status -z -uall [473ms]
2023-03-31 07:24:18.435 [info] > git config --get commit.template [27ms]
2023-03-31 07:24:18.436 [info] > git for-each-ref --format=%(refname)%00%(upstream:short)%00%(objectname)%00%(upstream:track)%00%(upstream:remotename)%00%(upstream:remoteref) refs/heads/main refs/remotes/main [5ms]
2023-03-31 07:24:18.914 [info] > git status -z -uall [453ms]
2023-03-31 07:24:24.616 [info] > git config --get commit.template [24ms]
2023-03-31 07:24:24.621 [info] > git for-each-ref --format=%(refname)%00%(upstream:short)%00%(objectname)%00%(upstream:track)%00%(upstream:remotename)%00%(upstream:remoteref) refs/heads/main refs/remotes/main [8ms]
2023-03-31 07:24:25.188 [info] > git status -z -uall [549ms]
2023-03-31 07:24:30.926 [info] > git config --get commit.template [21ms]
2023-03-31 07:24:30.927 [info] > git for-each-ref --format=%(refname)%00%(upstream:short)%00%(objectname)%00%(upstream:track)%00%(upstream:remotename)%00%(upstream:remoteref) refs/heads/main refs/remotes/main [2ms]
2023-03-31 07:24:31.427 [info] > git status -z -uall [482ms]
2023-03-31 07:24:37.204 [info] > git config --get commit.template [22ms]
2023-03-31 07:24:37.207 [info] > git for-each-ref --format=%(refname)%00%(upstream:short)%00%(objectname)%00%(upstream:track)%00%(upstream:remotename)%00%(upstream:remoteref) refs/heads/main refs/remotes/main [4ms]
2023-03-31 07:24:37.811 [info] > git status -z -uall [586ms]
2023-03-31 07:24:43.627 [info] > git config --get commit.template [20ms]
2023-03-31 07:24:43.629 [info] > git for-each-ref --format=%(refname)%00%(upstream:short)%00%(objectname)%00%(upstream:track)%00%(upstream:remotename)%00%(upstream:remoteref) refs/heads/main refs/remotes/main [4ms]
2023-03-31 07:24:44.259 [info] > git status -z -uall [615ms]
2023-03-31 07:24:50.252 [info] > git config --get commit.template [21ms]
2023-03-31 07:24:50.253 [info] > git for-each-ref --format=%(refname)%00%(upstream:short)%00%(objectname)%00%(upstream:track)%00%(upstream:remotename)%00%(upstream:remoteref) refs/heads/main refs/remotes/main [2ms]
2023-03-31 07:24:50.864 [info] > git status -z -uall [591ms]
2023-03-31 07:24:56.715 [info] > git config --get commit.template [4ms]
2023-03-31 07:24:56.744 [info] > git for-each-ref --format=%(refname)%00%(upstream:short)%00%(objectname)%00%(upstream:track)%00%(upstream:remotename)%00%(upstream:remoteref) refs/heads/main refs/remotes/main [1ms]
2023-03-31 07:24:57.254 [info] > git status -z -uall [494ms]
2023-03-31 07:25:02.992 [info] > git config --get commit.template [18ms]
2023-03-31 07:25:02.995 [info] > git for-each-ref --format=%(refname)%00%(upstream:short)%00%(objectname)%00%(upstream:track)%00%(upstream:remotename)%00%(upstream:remoteref) refs/heads/main refs/remotes/main [4ms]
2023-03-31 07:25:03.524 [info] > git status -z -uall [506ms]
2023-03-31 07:25:09.209 [info] > git config --get commit.template [2ms]
2023-03-31 07:25:09.230 [info] > git for-each-ref --format=%(refname)%00%(upstream:short)%00%(objectname)%00%(upstream:track)%00%(upstream:remotename)%00%(upstream:remoteref) refs/heads/main refs/remotes/main [2ms]
2023-03-31 07:25:09.785 [info] > git status -z -uall [540ms]
2023-03-31 07:25:15.521 [info] > git config --get commit.template [29ms]
2023-03-31 07:25:15.521 [info] > git for-each-ref --format=%(refname)%00%(upstream:short)%00%(objectname)%00%(upstream:track)%00%(upstream:remotename)%00%(upstream:remoteref) refs/heads/main refs/remotes/main [2ms]
2023-03-31 07:25:15.983 [info] > git status -z -uall [444ms]
2023-03-31 07:25:21.745 [info] > git config --get commit.template [2ms]
2023-03-31 07:25:21.786 [info] > git for-each-ref --format=%(refname)%00%(upstream:short)%00%(objectname)%00%(upstream:track)%00%(upstream:remotename)%00%(upstream:remoteref) refs/heads/main refs/remotes/main [11ms]
2023-03-31 07:25:22.327 [info] > git status -z -uall [520ms]
2023-03-31 07:25:28.071 [info] > git config --get commit.template [37ms]
2023-03-31 07:25:28.072 [info] > git for-each-ref --format=%(refname)%00%(upstream:short)%00%(objectname)%00%(upstream:track)%00%(upstream:remotename)%00%(upstream:remoteref) refs/heads/main refs/remotes/main [3ms]
2023-03-31 07:25:28.620 [info] > git status -z -uall [530ms]
2023-03-31 07:25:34.325 [info] > git config --get commit.template [2ms]
2023-03-31 07:25:34.346 [info] > git for-each-ref --format=%(refname)%00%(upstream:short)%00%(objectname)%00%(upstream:track)%00%(upstream:remotename)%00%(upstream:remoteref) refs/heads/main refs/remotes/main [2ms]
2023-03-31 07:25:34.894 [info] > git status -z -uall [532ms]
2023-03-31 07:25:40.608 [info] > git config --get commit.template [18ms]
2023-03-31 07:25:40.609 [info] > git for-each-ref --format=%(refname)%00%(upstream:short)%00%(objectname)%00%(upstream:track)%00%(upstream:remotename)%00%(upstream:remoteref) refs/heads/main refs/remotes/main [3ms]
2023-03-31 07:25:41.160 [info] > git status -z -uall [538ms]
2023-03-31 07:25:46.764 [info] > git config --get commit.template [21ms]
2023-03-31 07:25:46.767 [info] > git for-each-ref --format=%(refname)%00%(upstream:short)%00%(objectname)%00%(upstream:track)%00%(upstream:remotename)%00%(upstream:remoteref) refs/heads/main refs/remotes/main [5ms]
2023-03-31 07:25:47.358 [info] > git status -z -uall [577ms]
2023-03-31 07:25:52.946 [info] > git config --get commit.template [21ms]
2023-03-31 07:25:52.949 [info] > git for-each-ref --format=%(refname)%00%(upstream:short)%00%(objectname)%00%(upstream:track)%00%(upstream:remotename)%00%(upstream:remoteref) refs/heads/main refs/remotes/main [3ms]
2023-03-31 07:25:53.616 [info] > git status -z -uall [652ms]
2023-03-31 07:25:59.227 [info] > git config --get commit.template [22ms]
2023-03-31 07:25:59.232 [info] > git for-each-ref --format=%(refname)%00%(upstream:short)%00%(objectname)%00%(upstream:track)%00%(upstream:remotename)%00%(upstream:remoteref) refs/heads/main refs/remotes/main [6ms]
2023-03-31 07:25:59.959 [info] > git status -z -uall [704ms]
2023-03-31 07:26:05.786 [info] > git config --get commit.template [3ms]
2023-03-31 07:26:05.804 [info] > git for-each-ref --format=%(refname)%00%(upstream:short)%00%(objectname)%00%(upstream:track)%00%(upstream:remotename)%00%(upstream:remoteref) refs/heads/main refs/remotes/main [3ms]
2023-03-31 07:26:06.299 [info] > git status -z -uall [476ms]
2023-03-31 07:26:12.062 [info] > git config --get commit.template [34ms]
2023-03-31 07:26:12.068 [info] > git for-each-ref --format=%(refname)%00%(upstream:short)%00%(objectname)%00%(upstream:track)%00%(upstream:remotename)%00%(upstream:remoteref) refs/heads/main refs/remotes/main [8ms]
2023-03-31 07:26:12.725 [info] > git status -z -uall [627ms]
2023-03-31 07:26:18.744 [info] > git config --get commit.template [3ms]
2023-03-31 07:26:18.762 [info] > git for-each-ref --format=%(refname)%00%(upstream:short)%00%(objectname)%00%(upstream:track)%00%(upstream:remotename)%00%(upstream:remoteref) refs/heads/main refs/remotes/main [2ms]
2023-03-31 07:26:19.402 [info] > git status -z -uall [620ms]
2023-03-31 07:26:25.345 [info] > git config --get commit.template [26ms]
2023-03-31 07:26:25.346 [info] > git for-each-ref --format=%(refname)%00%(upstream:short)%00%(objectname)%00%(upstream:track)%00%(upstream:remotename)%00%(upstream:remoteref) refs/heads/main refs/remotes/main [1ms]
2023-03-31 07:26:25.832 [info] > git status -z -uall [469ms]
2023-03-31 07:26:31.584 [info] > git config --get commit.template [33ms]
2023-03-31 07:26:31.585 [info] > git for-each-ref --format=%(refname)%00%(upstream:short)%00%(objectname)%00%(upstream:track)%00%(upstream:remotename)%00%(upstream:remoteref) refs/heads/main refs/remotes/main [1ms]
2023-03-31 07:26:32.058 [info] > git status -z -uall [451ms]
2023-03-31 07:26:37.828 [info] > git config --get commit.template [29ms]
2023-03-31 07:26:37.829 [info] > git for-each-ref --format=%(refname)%00%(upstream:short)%00%(objectname)%00%(upstream:track)%00%(upstream:remotename)%00%(upstream:remoteref) refs/heads/main refs/remotes/main [1ms]
2023-03-31 07:26:38.276 [info] > git status -z -uall [432ms]
2023-03-31 07:26:44.036 [info] > git config --get commit.template [39ms]
2023-03-31 07:26:44.037 [info] > git for-each-ref --format=%(refname)%00%(upstream:short)%00%(objectname)%00%(upstream:track)%00%(upstream:remotename)%00%(upstream:remoteref) refs/heads/main refs/remotes/main [4ms]
2023-03-31 07:26:44.515 [info] > git status -z -uall [451ms]
2023-03-31 07:27:19.952 [info] > git config --get commit.template [14ms]
2023-03-31 07:27:19.976 [info] > git for-each-ref --format=%(refname)%00%(upstream:short)%00%(objectname)%00%(upstream:track)%00%(upstream:remotename)%00%(upstream:remoteref) refs/heads/main refs/remotes/main [8ms]
2023-03-31 07:27:20.509 [info] > git status -z -uall [517ms]
2023-03-31 07:27:26.197 [info] > git config --get commit.template [25ms]
2023-03-31 07:27:26.198 [info] > git for-each-ref --format=%(refname)%00%(upstream:short)%00%(objectname)%00%(upstream:track)%00%(upstream:remotename)%00%(upstream:remoteref) refs/heads/main refs/remotes/main [3ms]
2023-03-31 07:27:26.708 [info] > git status -z -uall [495ms]
2023-03-31 07:27:32.388 [info] > git config --get commit.template [32ms]
2023-03-31 07:27:32.389 [info] > git for-each-ref --format=%(refname)%00%(upstream:short)%00%(objectname)%00%(upstream:track)%00%(upstream:remotename)%00%(upstream:remoteref) refs/heads/main refs/remotes/main [3ms]
2023-03-31 07:27:33.015 [info] > git status -z -uall [602ms]
2023-03-31 07:27:38.875 [info] > git config --get commit.template [27ms]
2023-03-31 07:27:38.876 [info] > git for-each-ref --format=%(refname)%00%(upstream:short)%00%(objectname)%00%(upstream:track)%00%(upstream:remotename)%00%(upstream:remoteref) refs/heads/main refs/remotes/main [2ms]
2023-03-31 07:27:39.375 [info] > git status -z -uall [481ms]
2023-03-31 07:27:45.241 [info] > git config --get commit.template [28ms]
2023-03-31 07:27:45.242 [info] > git for-each-ref --format=%(refname)%00%(upstream:short)%00%(objectname)%00%(upstream:track)%00%(upstream:remotename)%00%(upstream:remoteref) refs/heads/main refs/remotes/main [2ms]
2023-03-31 07:27:45.752 [info] > git status -z -uall [490ms]
2023-03-31 07:27:51.596 [info] > git config --get commit.template [2ms]
2023-03-31 07:27:51.620 [info] > git for-each-ref --format=%(refname)%00%(upstream:short)%00%(objectname)%00%(upstream:track)%00%(upstream:remotename)%00%(upstream:remoteref) refs/heads/main refs/remotes/main [1ms]
2023-03-31 07:27:52.103 [info] > git status -z -uall [467ms]
2023-03-31 07:27:57.897 [info] > git config --get commit.template [30ms]
2023-03-31 07:27:57.898 [info] > git for-each-ref --format=%(refname)%00%(upstream:short)%00%(objectname)%00%(upstream:track)%00%(upstream:remotename)%00%(upstream:remoteref) refs/heads/main refs/remotes/main [2ms]
2023-03-31 07:27:58.396 [info] > git status -z -uall [482ms]
2023-03-31 07:28:04.120 [info] > git config --get commit.template [19ms]
2023-03-31 07:28:04.121 [info] > git for-each-ref --format=%(refname)%00%(upstream:short)%00%(objectname)%00%(upstream:track)%00%(upstream:remotename)%00%(upstream:remoteref) refs/heads/main refs/remotes/main [2ms]
2023-03-31 07:28:04.641 [info] > git status -z -uall [499ms]
2023-03-31 07:28:10.460 [info] > git config --get commit.template [3ms]
2023-03-31 07:28:10.480 [info] > git for-each-ref --format=%(refname)%00%(upstream:short)%00%(objectname)%00%(upstream:track)%00%(upstream:remotename)%00%(upstream:remoteref) refs/heads/main refs/remotes/main [2ms]
2023-03-31 07:28:10.932 [info] > git status -z -uall [435ms]
2023-03-31 07:28:16.686 [info] > git config --get commit.template [6ms]
2023-03-31 07:28:16.713 [info] > git for-each-ref --format=%(refname)%00%(upstream:short)%00%(objectname)%00%(upstream:track)%00%(upstream:remotename)%00%(upstream:remoteref) refs/heads/main refs/remotes/main [3ms]
2023-03-31 07:28:17.169 [info] > git status -z -uall [437ms]
2023-03-31 07:28:22.882 [info] > git config --get commit.template [22ms]
2023-03-31 07:28:22.883 [info] > git for-each-ref --format=%(refname)%00%(upstream:short)%00%(objectname)%00%(upstream:track)%00%(upstream:remotename)%00%(upstream:remoteref) refs/heads/main refs/remotes/main [2ms]
2023-03-31 07:28:23.347 [info] > git status -z -uall [448ms]
2023-03-31 07:28:29.034 [info] > git config --get commit.template [6ms]
2023-03-31 07:28:29.058 [info] > git for-each-ref --format=%(refname)%00%(upstream:short)%00%(objectname)%00%(upstream:track)%00%(upstream:remotename)%00%(upstream:remoteref) refs/heads/main refs/remotes/main [2ms]
2023-03-31 07:28:29.593 [info] > git status -z -uall [518ms]
2023-03-31 07:28:35.328 [info] > git config --get commit.template [33ms]
2023-03-31 07:28:35.329 [info] > git for-each-ref --format=%(refname)%00%(upstream:short)%00%(objectname)%00%(upstream:track)%00%(upstream:remotename)%00%(upstream:remoteref) refs/heads/main refs/remotes/main [2ms]
2023-03-31 07:28:35.789 [info] > git status -z -uall [436ms]
2023-03-31 07:28:41.522 [info] > git config --get commit.template [5ms]
2023-03-31 07:28:41.546 [info] > git for-each-ref --format=%(refname)%00%(upstream:short)%00%(objectname)%00%(upstream:track)%00%(upstream:remotename)%00%(upstream:remoteref) refs/heads/main refs/remotes/main [2ms]
2023-03-31 07:28:42.005 [info] > git status -z -uall [442ms]
2023-03-31 07:28:47.840 [info] > git config --get commit.template [6ms]
2023-03-31 07:28:47.860 [info] > git for-each-ref --format=%(refname)%00%(upstream:short)%00%(objectname)%00%(upstream:track)%00%(upstream:remotename)%00%(upstream:remoteref) refs/heads/main refs/remotes/main [1ms]
2023-03-31 07:28:48.359 [info] > git status -z -uall [482ms]
2023-03-31 07:28:54.079 [info] > git config --get commit.template [18ms]
2023-03-31 07:28:54.080 [info] > git for-each-ref --format=%(refname)%00%(upstream:short)%00%(objectname)%00%(upstream:track)%00%(upstream:remotename)%00%(upstream:remoteref) refs/heads/main refs/remotes/main [2ms]
2023-03-31 07:28:54.584 [info] > git status -z -uall [487ms]
2023-03-31 07:29:00.326 [info] > git config --get commit.template [17ms]
2023-03-31 07:29:00.327 [info] > git for-each-ref --format=%(refname)%00%(upstream:short)%00%(objectname)%00%(upstream:track)%00%(upstream:remotename)%00%(upstream:remoteref) refs/heads/main refs/remotes/main [2ms]
2023-03-31 07:29:00.817 [info] > git status -z -uall [478ms]
2023-03-31 07:29:06.609 [info] > git config --get commit.template [5ms]
2023-03-31 07:29:06.634 [info] > git for-each-ref --format=%(refname)%00%(upstream:short)%00%(objectname)%00%(upstream:track)%00%(upstream:remotename)%00%(upstream:remoteref) refs/heads/main refs/remotes/main [3ms]
2023-03-31 07:29:07.148 [info] > git status -z -uall [499ms]
2023-03-31 07:29:12.879 [info] > git config --get commit.template [2ms]
2023-03-31 07:29:12.900 [info] > git for-each-ref --format=%(refname)%00%(upstream:short)%00%(objectname)%00%(upstream:track)%00%(upstream:remotename)%00%(upstream:remoteref) refs/heads/main refs/remotes/main [2ms]
2023-03-31 07:29:13.372 [info] > git status -z -uall [457ms]
2023-03-31 07:29:19.128 [info] > git config --get commit.template [4ms]
2023-03-31 07:29:19.155 [info] > git for-each-ref --format=%(refname)%00%(upstream:short)%00%(objectname)%00%(upstream:track)%00%(upstream:remotename)%00%(upstream:remoteref) refs/heads/main refs/remotes/main [6ms]
2023-03-31 07:29:19.696 [info] > git status -z -uall [520ms]
2023-03-31 07:29:25.564 [info] > git config --get commit.template [2ms]
2023-03-31 07:29:25.590 [info] > git for-each-ref --format=%(refname)%00%(upstream:short)%00%(objectname)%00%(upstream:track)%00%(upstream:remotename)%00%(upstream:remoteref) refs/heads/main refs/remotes/main [4ms]
2023-03-31 07:29:26.069 [info] > git status -z -uall [452ms]
2023-03-31 07:29:34.575 [info] > git config --get commit.template [28ms]
2023-03-31 07:29:34.577 [info] > git for-each-ref --format=%(refname)%00%(upstream:short)%00%(objectname)%00%(upstream:track)%00%(upstream:remotename)%00%(upstream:remoteref) refs/heads/main refs/remotes/main [4ms]
2023-03-31 07:29:35.046 [info] > git status -z -uall [448ms]
2023-03-31 07:29:40.772 [info] > git config --get commit.template [3ms]
2023-03-31 07:29:40.809 [info] > git for-each-ref --format=%(refname)%00%(upstream:short)%00%(objectname)%00%(upstream:track)%00%(upstream:remotename)%00%(upstream:remoteref) refs/heads/main refs/remotes/main [4ms]
2023-03-31 07:29:41.340 [info] > git status -z -uall [506ms]
2023-03-31 07:29:47.015 [info] > git config --get commit.template [16ms]
2023-03-31 07:29:47.016 [info] > git for-each-ref --format=%(refname)%00%(upstream:short)%00%(objectname)%00%(upstream:track)%00%(upstream:remotename)%00%(upstream:remoteref) refs/heads/main refs/remotes/main [2ms]
2023-03-31 07:29:47.500 [info] > git status -z -uall [471ms]
2023-03-31 07:29:53.087 [info] > git config --get commit.template [27ms]
2023-03-31 07:29:53.088 [info] > git for-each-ref --format=%(refname)%00%(upstream:short)%00%(objectname)%00%(upstream:track)%00%(upstream:remotename)%00%(upstream:remoteref) refs/heads/main refs/remotes/main [5ms]
2023-03-31 07:29:53.693 [info] > git status -z -uall [577ms]
2023-03-31 07:29:59.424 [info] > git config --get commit.template [19ms]
2023-03-31 07:29:59.425 [info] > git for-each-ref --format=%(refname)%00%(upstream:short)%00%(objectname)%00%(upstream:track)%00%(upstream:remotename)%00%(upstream:remoteref) refs/heads/main refs/remotes/main [3ms]
2023-03-31 07:29:59.969 [info] > git status -z -uall [531ms]
2023-03-31 07:30:05.663 [info] > git config --get commit.template [21ms]
2023-03-31 07:30:05.664 [info] > git for-each-ref --format=%(refname)%00%(upstream:short)%00%(objectname)%00%(upstream:track)%00%(upstream:remotename)%00%(upstream:remoteref) refs/heads/main refs/remotes/main [2ms]
2023-03-31 07:30:06.118 [info] > git status -z -uall [441ms]
2023-03-31 07:30:11.852 [info] > git for-each-ref --format=%(refname)%00%(upstream:short)%00%(objectname)%00%(upstream:track)%00%(upstream:remotename)%00%(upstream:remoteref) refs/heads/main refs/remotes/main [4ms]
2023-03-31 07:30:11.852 [info] > git config --get commit.template [30ms]
2023-03-31 07:30:12.334 [info] > git status -z -uall [467ms]
2023-03-31 07:30:18.090 [info] > git config --get commit.template [1ms]
2023-03-31 07:30:18.109 [info] > git for-each-ref --format=%(refname)%00%(upstream:short)%00%(objectname)%00%(upstream:track)%00%(upstream:remotename)%00%(upstream:remoteref) refs/heads/main refs/remotes/main [1ms]
2023-03-31 07:30:18.583 [info] > git status -z -uall [458ms]
2023-03-31 07:30:24.333 [info] > git config --get commit.template [4ms]
2023-03-31 07:30:24.359 [info] > git for-each-ref --format=%(refname)%00%(upstream:short)%00%(objectname)%00%(upstream:track)%00%(upstream:remotename)%00%(upstream:remoteref) refs/heads/main refs/remotes/main [1ms]
2023-03-31 07:30:24.838 [info] > git status -z -uall [464ms]
2023-03-31 07:30:30.608 [info] > git config --get commit.template [32ms]
2023-03-31 07:30:30.609 [info] > git for-each-ref --format=%(refname)%00%(upstream:short)%00%(objectname)%00%(upstream:track)%00%(upstream:remotename)%00%(upstream:remoteref) refs/heads/main refs/remotes/main [3ms]
2023-03-31 07:30:31.077 [info] > git status -z -uall [444ms]
2023-03-31 07:30:36.818 [info] > git config --get commit.template [2ms]
2023-03-31 07:30:36.839 [info] > git for-each-ref --format=%(refname)%00%(upstream:short)%00%(objectname)%00%(upstream:track)%00%(upstream:remotename)%00%(upstream:remoteref) refs/heads/main refs/remotes/main [2ms]
2023-03-31 07:30:37.352 [info] > git status -z -uall [497ms]
2023-03-31 07:30:43.174 [info] > git config --get commit.template [3ms]
2023-03-31 07:30:43.202 [info] > git for-each-ref --format=%(refname)%00%(upstream:short)%00%(objectname)%00%(upstream:track)%00%(upstream:remotename)%00%(upstream:remoteref) refs/heads/main refs/remotes/main [2ms]
2023-03-31 07:30:43.677 [info] > git status -z -uall [458ms]
2023-03-31 07:30:49.397 [info] > git config --get commit.template [20ms]
2023-03-31 07:30:49.398 [info] > git for-each-ref --format=%(refname)%00%(upstream:short)%00%(objectname)%00%(upstream:track)%00%(upstream:remotename)%00%(upstream:remoteref) refs/heads/main refs/remotes/main [2ms]
2023-03-31 07:30:49.880 [info] > git status -z -uall [464ms]
2023-03-31 07:30:55.605 [info] > git config --get commit.template [2ms]
2023-03-31 07:30:55.628 [info] > git for-each-ref --format=%(refname)%00%(upstream:short)%00%(objectname)%00%(upstream:track)%00%(upstream:remotename)%00%(upstream:remoteref) refs/heads/main refs/remotes/main [2ms]
2023-03-31 07:30:56.213 [info] > git status -z -uall [563ms]
2023-03-31 07:31:02.161 [info] > git config --get commit.template [23ms]
2023-03-31 07:31:02.162 [info] > git for-each-ref --format=%(refname)%00%(upstream:short)%00%(objectname)%00%(upstream:track)%00%(upstream:remotename)%00%(upstream:remoteref) refs/heads/main refs/remotes/main [3ms]
2023-03-31 07:31:02.631 [info] > git status -z -uall [450ms]
2023-03-31 07:31:08.561 [info] > git config --get commit.template [18ms]
2023-03-31 07:31:08.562 [info] > git for-each-ref --format=%(refname)%00%(upstream:short)%00%(objectname)%00%(upstream:track)%00%(upstream:remotename)%00%(upstream:remoteref) refs/heads/main refs/remotes/main [2ms]
2023-03-31 07:31:09.051 [info] > git status -z -uall [473ms]
2023-03-31 07:31:14.807 [info] > git config --get commit.template [22ms]
2023-03-31 07:31:14.808 [info] > git for-each-ref --format=%(refname)%00%(upstream:short)%00%(objectname)%00%(upstream:track)%00%(upstream:remotename)%00%(upstream:remoteref) refs/heads/main refs/remotes/main [2ms]
2023-03-31 07:31:15.313 [info] > git status -z -uall [489ms]
2023-03-31 07:31:21.034 [info] > git config --get commit.template [20ms]
2023-03-31 07:31:21.034 [info] > git for-each-ref --format=%(refname)%00%(upstream:short)%00%(objectname)%00%(upstream:track)%00%(upstream:remotename)%00%(upstream:remoteref) refs/heads/main refs/remotes/main [1ms]
2023-03-31 07:31:21.543 [info] > git status -z -uall [493ms]
2023-03-31 07:31:27.286 [info] > git config --get commit.template [24ms]
2023-03-31 07:31:27.287 [info] > git for-each-ref --format=%(refname)%00%(upstream:short)%00%(objectname)%00%(upstream:track)%00%(upstream:remotename)%00%(upstream:remoteref) refs/heads/main refs/remotes/main [3ms]
2023-03-31 07:31:27.852 [info] > git status -z -uall [544ms]
2023-03-31 07:31:33.622 [info] > git config --get commit.template [20ms]
2023-03-31 07:31:33.623 [info] > git for-each-ref --format=%(refname)%00%(upstream:short)%00%(objectname)%00%(upstream:track)%00%(upstream:remotename)%00%(upstream:remoteref) refs/heads/main refs/remotes/main [2ms]
2023-03-31 07:31:34.204 [info] > git status -z -uall [558ms]
2023-03-31 07:31:39.992 [info] > git config --get commit.template [17ms]
2023-03-31 07:31:39.993 [info] > git for-each-ref --format=%(refname)%00%(upstream:short)%00%(objectname)%00%(upstream:track)%00%(upstream:remotename)%00%(upstream:remoteref) refs/heads/main refs/remotes/main [1ms]
2023-03-31 07:31:40.485 [info] > git status -z -uall [475ms]
2023-03-31 07:31:46.350 [info] > git config --get commit.template [24ms]
2023-03-31 07:31:46.352 [info] > git for-each-ref --format=%(refname)%00%(upstream:short)%00%(objectname)%00%(upstream:track)%00%(upstream:remotename)%00%(upstream:remoteref) refs/heads/main refs/remotes/main [3ms]
2023-03-31 07:31:46.914 [info] > git status -z -uall [541ms]
2023-03-31 07:31:52.711 [info] > git config --get commit.template [2ms]
2023-03-31 07:31:52.729 [info] > git for-each-ref --format=%(refname)%00%(upstream:short)%00%(objectname)%00%(upstream:track)%00%(upstream:remotename)%00%(upstream:remoteref) refs/heads/main refs/remotes/main [1ms]
2023-03-31 07:31:53.205 [info] > git status -z -uall [460ms]
2023-03-31 07:31:58.998 [info] > git config --get commit.template [35ms]
2023-03-31 07:31:59.000 [info] > git for-each-ref --format=%(refname)%00%(upstream:short)%00%(objectname)%00%(upstream:track)%00%(upstream:remotename)%00%(upstream:remoteref) refs/heads/main refs/remotes/main [4ms]
2023-03-31 07:31:59.479 [info] > git status -z -uall [458ms]
2023-03-31 07:32:05.352 [info] > git config --get commit.template [4ms]
2023-03-31 07:32:05.385 [info] > git for-each-ref --format=%(refname)%00%(upstream:short)%00%(objectname)%00%(upstream:track)%00%(upstream:remotename)%00%(upstream:remoteref) refs/heads/main refs/remotes/main [3ms]
2023-03-31 07:32:05.901 [info] > git status -z -uall [486ms]
2023-03-31 07:32:11.621 [info] > git config --get commit.template [2ms]
2023-03-31 07:32:11.643 [info] > git for-each-ref --format=%(refname)%00%(upstream:short)%00%(objectname)%00%(upstream:track)%00%(upstream:remotename)%00%(upstream:remoteref) refs/heads/main refs/remotes/main [1ms]
2023-03-31 07:32:12.192 [info] > git status -z -uall [528ms]
2023-03-31 07:32:17.982 [info] > git config --get commit.template [25ms]
2023-03-31 07:32:17.982 [info] > git for-each-ref --format=%(refname)%00%(upstream:short)%00%(objectname)%00%(upstream:track)%00%(upstream:remotename)%00%(upstream:remoteref) refs/heads/main refs/remotes/main [2ms]
2023-03-31 07:32:18.499 [info] > git status -z -uall [495ms]
2023-03-31 07:32:24.187 [info] > git config --get commit.template [19ms]
2023-03-31 07:32:24.188 [info] > git for-each-ref --format=%(refname)%00%(upstream:short)%00%(objectname)%00%(upstream:track)%00%(upstream:remotename)%00%(upstream:remoteref) refs/heads/main refs/remotes/main [2ms]
2023-03-31 07:32:24.772 [info] > git status -z -uall [567ms]
2023-03-31 07:32:30.582 [info] > git config --get commit.template [10ms]
2023-03-31 07:32:30.615 [info] > git for-each-ref --format=%(refname)%00%(upstream:short)%00%(objectname)%00%(upstream:track)%00%(upstream:remotename)%00%(upstream:remoteref) refs/heads/main refs/remotes/main [2ms]
2023-03-31 07:32:31.112 [info] > git status -z -uall [475ms]
2023-03-31 07:32:36.901 [info] > git config --get commit.template [28ms]
2023-03-31 07:32:36.902 [info] > git for-each-ref --format=%(refname)%00%(upstream:short)%00%(objectname)%00%(upstream:track)%00%(upstream:remotename)%00%(upstream:remoteref) refs/heads/main refs/remotes/main [3ms]
2023-03-31 07:32:37.421 [info] > git status -z -uall [502ms]
2023-03-31 07:32:43.187 [info] > git config --get commit.template [19ms]
2023-03-31 07:32:43.188 [info] > git for-each-ref --format=%(refname)%00%(upstream:short)%00%(objectname)%00%(upstream:track)%00%(upstream:remotename)%00%(upstream:remoteref) refs/heads/main refs/remotes/main [2ms]
2023-03-31 07:32:43.709 [info] > git status -z -uall [505ms]
2023-03-31 07:32:49.452 [info] > git config --get commit.template [1ms]
2023-03-31 07:32:49.472 [info] > git for-each-ref --format=%(refname)%00%(upstream:short)%00%(objectname)%00%(upstream:track)%00%(upstream:remotename)%00%(upstream:remoteref) refs/heads/main refs/remotes/main [2ms]
2023-03-31 07:32:50.017 [info] > git status -z -uall [525ms]
2023-03-31 07:32:55.907 [info] > git config --get commit.template [26ms]
2023-03-31 07:32:55.908 [info] > git for-each-ref --format=%(refname)%00%(upstream:short)%00%(objectname)%00%(upstream:track)%00%(upstream:remotename)%00%(upstream:remoteref) refs/heads/main refs/remotes/main [5ms]
2023-03-31 07:32:56.423 [info] > git status -z -uall [495ms]
2023-03-31 07:33:02.270 [info] > git config --get commit.template [3ms]
2023-03-31 07:33:02.291 [info] > git for-each-ref --format=%(refname)%00%(upstream:short)%00%(objectname)%00%(upstream:track)%00%(upstream:remotename)%00%(upstream:remoteref) refs/heads/main refs/remotes/main [2ms]
2023-03-31 07:33:02.751 [info] > git status -z -uall [444ms]
2023-03-31 07:33:08.557 [info] > git config --get commit.template [25ms]
2023-03-31 07:33:08.557 [info] > git for-each-ref --format=%(refname)%00%(upstream:short)%00%(objectname)%00%(upstream:track)%00%(upstream:remotename)%00%(upstream:remoteref) refs/heads/main refs/remotes/main [2ms]
2023-03-31 07:33:09.022 [info] > git status -z -uall [447ms]
2023-03-31 07:33:14.750 [info] > git config --get commit.template [3ms]
2023-03-31 07:33:14.780 [info] > git for-each-ref --format=%(refname)%00%(upstream:short)%00%(objectname)%00%(upstream:track)%00%(upstream:remotename)%00%(upstream:remoteref) refs/heads/main refs/remotes/main [2ms]
2023-03-31 07:33:15.313 [info] > git status -z -uall [515ms]
2023-03-31 07:33:21.063 [info] > git config --get commit.template [36ms]
2023-03-31 07:33:21.064 [info] > git for-each-ref --format=%(refname)%00%(upstream:short)%00%(objectname)%00%(upstream:track)%00%(upstream:remotename)%00%(upstream:remoteref) refs/heads/main refs/remotes/main [3ms]
2023-03-31 07:33:21.595 [info] > git status -z -uall [502ms]
2023-03-31 07:33:27.429 [info] > git config --get commit.template [34ms]
2023-03-31 07:33:27.430 [info] > git for-each-ref --format=%(refname)%00%(upstream:short)%00%(objectname)%00%(upstream:track)%00%(upstream:remotename)%00%(upstream:remoteref) refs/heads/main refs/remotes/main [3ms]
2023-03-31 07:33:27.892 [info] > git status -z -uall [438ms]
2023-03-31 07:33:33.571 [info] > git config --get commit.template [1ms]
2023-03-31 07:33:33.592 [info] > git for-each-ref --format=%(refname)%00%(upstream:short)%00%(objectname)%00%(upstream:track)%00%(upstream:remotename)%00%(upstream:remoteref) refs/heads/main refs/remotes/main [1ms]
2023-03-31 07:33:34.144 [info] > git status -z -uall [529ms]
2023-03-31 07:33:39.998 [info] > git config --get commit.template [52ms]
2023-03-31 07:33:40.006 [info] > git for-each-ref --format=%(refname)%00%(upstream:short)%00%(objectname)%00%(upstream:track)%00%(upstream:remotename)%00%(upstream:remoteref) refs/heads/main refs/remotes/main [8ms]
2023-03-31 07:33:40.572 [info] > git status -z -uall [544ms]
2023-03-31 07:33:46.482 [info] > git config --get commit.template [2ms]
2023-03-31 07:33:46.502 [info] > git for-each-ref --format=%(refname)%00%(upstream:short)%00%(objectname)%00%(upstream:track)%00%(upstream:remotename)%00%(upstream:remoteref) refs/heads/main refs/remotes/main [2ms]
2023-03-31 07:33:46.967 [info] > git status -z -uall [449ms]
2023-03-31 07:33:52.709 [info] > git config --get commit.template [3ms]
2023-03-31 07:33:52.730 [info] > git for-each-ref --format=%(refname)%00%(upstream:short)%00%(objectname)%00%(upstream:track)%00%(upstream:remotename)%00%(upstream:remoteref) refs/heads/main refs/remotes/main [1ms]
2023-03-31 07:33:53.191 [info] > git status -z -uall [444ms]
2023-03-31 07:33:58.986 [info] > git config --get commit.template [31ms]
2023-03-31 07:33:58.987 [info] > git for-each-ref --format=%(refname)%00%(upstream:short)%00%(objectname)%00%(upstream:track)%00%(upstream:remotename)%00%(upstream:remoteref) refs/heads/main refs/remotes/main [4ms]
2023-03-31 07:33:59.438 [info] > git status -z -uall [431ms]
2023-03-31 07:34:05.165 [info] > git config --get commit.template [30ms]
2023-03-31 07:34:05.166 [info] > git for-each-ref --format=%(refname)%00%(upstream:short)%00%(objectname)%00%(upstream:track)%00%(upstream:remotename)%00%(upstream:remoteref) refs/heads/main refs/remotes/main [2ms]
2023-03-31 07:34:05.637 [info] > git status -z -uall [453ms]
2023-03-31 07:34:11.339 [info] > git config --get commit.template [24ms]
2023-03-31 07:34:11.340 [info] > git for-each-ref --format=%(refname)%00%(upstream:short)%00%(objectname)%00%(upstream:track)%00%(upstream:remotename)%00%(upstream:remoteref) refs/heads/main refs/remotes/main [3ms]
2023-03-31 07:34:11.807 [info] > git status -z -uall [454ms]
2023-03-31 07:34:17.399 [info] > git config --get commit.template [24ms]
2023-03-31 07:34:17.400 [info] > git for-each-ref --format=%(refname)%00%(upstream:short)%00%(objectname)%00%(upstream:track)%00%(upstream:remotename)%00%(upstream:remoteref) refs/heads/main refs/remotes/main [3ms]
2023-03-31 07:34:17.854 [info] > git status -z -uall [438ms]
2023-03-31 07:34:23.558 [info] > git config --get commit.template [25ms]
2023-03-31 07:34:23.559 [info] > git for-each-ref --format=%(refname)%00%(upstream:short)%00%(objectname)%00%(upstream:track)%00%(upstream:remotename)%00%(upstream:remoteref) refs/heads/main refs/remotes/main [2ms]
2023-03-31 07:34:24.014 [info] > git status -z -uall [436ms]
2023-03-31 07:34:29.752 [info] > git config --get commit.template [46ms]
2023-03-31 07:34:29.752 [info] > git for-each-ref --format=%(refname)%00%(upstream:short)%00%(objectname)%00%(upstream:track)%00%(upstream:remotename)%00%(upstream:remoteref) refs/heads/main refs/remotes/main [2ms]
2023-03-31 07:34:30.270 [info] > git status -z -uall [498ms]
2023-03-31 07:34:35.990 [info] > git config --get commit.template [22ms]
2023-03-31 07:34:35.992 [info] > git for-each-ref --format=%(refname)%00%(upstream:short)%00%(objectname)%00%(upstream:track)%00%(upstream:remotename)%00%(upstream:remoteref) refs/heads/main refs/remotes/main [5ms]
2023-03-31 07:34:36.629 [info] > git status -z -uall [614ms]
2023-03-31 07:34:42.534 [info] > git config --get commit.template [16ms]
2023-03-31 07:34:42.554 [info] > git for-each-ref --format=%(refname)%00%(upstream:short)%00%(objectname)%00%(upstream:track)%00%(upstream:remotename)%00%(upstream:remoteref) refs/heads/main refs/remotes/main [21ms]
2023-03-31 07:34:43.159 [info] > git status -z -uall [592ms]
2023-03-31 07:34:48.882 [info] > git config --get commit.template [21ms]
2023-03-31 07:34:48.886 [info] > git for-each-ref --format=%(refname)%00%(upstream:short)%00%(objectname)%00%(upstream:track)%00%(upstream:remotename)%00%(upstream:remoteref) refs/heads/main refs/remotes/main [4ms]
2023-03-31 07:34:49.423 [info] > git status -z -uall [518ms]
2023-03-31 07:34:55.237 [info] > git config --get commit.template [28ms]
2023-03-31 07:34:55.238 [info] > git for-each-ref --format=%(refname)%00%(upstream:short)%00%(objectname)%00%(upstream:track)%00%(upstream:remotename)%00%(upstream:remoteref) refs/heads/main refs/remotes/main [7ms]
2023-03-31 07:34:55.744 [info] > git status -z -uall [484ms]
2023-03-31 07:35:01.499 [info] > git config --get commit.template [24ms]
2023-03-31 07:35:01.500 [info] > git for-each-ref --format=%(refname)%00%(upstream:short)%00%(objectname)%00%(upstream:track)%00%(upstream:remotename)%00%(upstream:remoteref) refs/heads/main refs/remotes/main [2ms]
2023-03-31 07:35:02.062 [info] > git status -z -uall [544ms]
2023-03-31 07:35:08.007 [info] > git config --get commit.template [21ms]
2023-03-31 07:35:08.008 [info] > git for-each-ref --format=%(refname)%00%(upstream:short)%00%(objectname)%00%(upstream:track)%00%(upstream:remotename)%00%(upstream:remoteref) refs/heads/main refs/remotes/main [4ms]
2023-03-31 07:35:08.460 [info] > git status -z -uall [435ms]
2023-03-31 07:35:14.244 [info] > git config --get commit.template [40ms]
2023-03-31 07:35:14.245 [info] > git for-each-ref --format=%(refname)%00%(upstream:short)%00%(objectname)%00%(upstream:track)%00%(upstream:remotename)%00%(upstream:remoteref) refs/heads/main refs/remotes/main [4ms]
2023-03-31 07:35:14.720 [info] > git status -z -uall [458ms]
2023-03-31 07:35:20.450 [info] > git config --get commit.template [28ms]
2023-03-31 07:35:20.451 [info] > git for-each-ref --format=%(refname)%00%(upstream:short)%00%(objectname)%00%(upstream:track)%00%(upstream:remotename)%00%(upstream:remoteref) refs/heads/main refs/remotes/main [2ms]
2023-03-31 07:35:21.002 [info] > git status -z -uall [533ms]
2023-03-31 07:35:26.787 [info] > git config --get commit.template [19ms]
2023-03-31 07:35:26.788 [info] > git for-each-ref --format=%(refname)%00%(upstream:short)%00%(objectname)%00%(upstream:track)%00%(upstream:remotename)%00%(upstream:remoteref) refs/heads/main refs/remotes/main [2ms]
2023-03-31 07:35:27.339 [info] > git status -z -uall [534ms]
2023-03-31 07:35:33.065 [info] > git config --get commit.template [5ms]
2023-03-31 07:35:33.085 [info] > git for-each-ref --format=%(refname)%00%(upstream:short)%00%(objectname)%00%(upstream:track)%00%(upstream:remotename)%00%(upstream:remoteref) refs/heads/main refs/remotes/main [3ms]
2023-03-31 07:35:33.692 [info] > git status -z -uall [588ms]
2023-03-31 07:35:39.399 [info] > git config --get commit.template [2ms]
2023-03-31 07:35:39.419 [info] > git for-each-ref --format=%(refname)%00%(upstream:short)%00%(objectname)%00%(upstream:track)%00%(upstream:remotename)%00%(upstream:remoteref) refs/heads/main refs/remotes/main [3ms]
2023-03-31 07:35:39.896 [info] > git status -z -uall [461ms]
2023-03-31 07:35:45.641 [info] > git config --get commit.template [27ms]
2023-03-31 07:35:45.642 [info] > git for-each-ref --format=%(refname)%00%(upstream:short)%00%(objectname)%00%(upstream:track)%00%(upstream:remotename)%00%(upstream:remoteref) refs/heads/main refs/remotes/main [1ms]
2023-03-31 07:35:46.108 [info] > git status -z -uall [450ms]
2023-03-31 07:35:52.211 [info] > git config --get commit.template [24ms]
2023-03-31 07:35:52.213 [info] > git for-each-ref --format=%(refname)%00%(upstream:short)%00%(objectname)%00%(upstream:track)%00%(upstream:remotename)%00%(upstream:remoteref) refs/heads/main refs/remotes/main [4ms]
2023-03-31 07:35:52.710 [info] > git status -z -uall [470ms]
2023-03-31 07:35:56.063 [info] > git show --textconv :newNachos/nachos/NachOS-4.0/code/userprog/syscall.h [21ms]
2023-03-31 07:35:56.071 [info] > git ls-files --stage -- /home/longvu/newNachos/nachos/NachOS-4.0/code/userprog/syscall.h [9ms]
2023-03-31 07:35:56.089 [info] > git cat-file -s ed215b4f1d83772a67df34124a986766ded51c7d [2ms]
2023-03-31 07:35:58.496 [info] > git config --get commit.template [32ms]
2023-03-31 07:35:58.502 [info] > git for-each-ref --format=%(refname)%00%(upstream:short)%00%(objectname)%00%(upstream:track)%00%(upstream:remotename)%00%(upstream:remoteref) refs/heads/main refs/remotes/main [8ms]
2023-03-31 07:35:59.051 [info] > git status -z -uall [528ms]
2023-03-31 07:36:04.729 [info] > git config --get commit.template [3ms]
2023-03-31 07:36:04.756 [info] > git for-each-ref --format=%(refname)%00%(upstream:short)%00%(objectname)%00%(upstream:track)%00%(upstream:remotename)%00%(upstream:remoteref) refs/heads/main refs/remotes/main [3ms]
2023-03-31 07:36:05.255 [info] > git status -z -uall [476ms]
2023-03-31 07:36:10.988 [info] > git config --get commit.template [30ms]
2023-03-31 07:36:11.018 [info] > git for-each-ref --format=%(refname)%00%(upstream:short)%00%(objectname)%00%(upstream:track)%00%(upstream:remotename)%00%(upstream:remoteref) refs/heads/main refs/remotes/main [4ms]
2023-03-31 07:36:11.520 [info] > git status -z -uall [482ms]
2023-03-31 07:36:17.270 [info] > git config --get commit.template [23ms]
2023-03-31 07:36:17.274 [info] > git for-each-ref --format=%(refname)%00%(upstream:short)%00%(objectname)%00%(upstream:track)%00%(upstream:remotename)%00%(upstream:remoteref) refs/heads/main refs/remotes/main [6ms]
2023-03-31 07:36:17.764 [info] > git status -z -uall [470ms]
2023-03-31 07:36:23.573 [info] > git config --get commit.template [8ms]
2023-03-31 07:36:23.608 [info] > git for-each-ref --format=%(refname)%00%(upstream:short)%00%(objectname)%00%(upstream:track)%00%(upstream:remotename)%00%(upstream:remoteref) refs/heads/main refs/remotes/main [5ms]
2023-03-31 07:36:24.247 [info] > git status -z -uall [611ms]
2023-03-31 07:36:30.122 [info] > git config --get commit.template [3ms]
2023-03-31 07:36:30.149 [info] > git for-each-ref --format=%(refname)%00%(upstream:short)%00%(objectname)%00%(upstream:track)%00%(upstream:remotename)%00%(upstream:remoteref) refs/heads/main refs/remotes/main [4ms]
2023-03-31 07:36:30.644 [info] > git status -z -uall [476ms]
2023-03-31 07:36:36.377 [info] > git config --get commit.template [20ms]
2023-03-31 07:36:36.379 [info] > git for-each-ref --format=%(refname)%00%(upstream:short)%00%(objectname)%00%(upstream:track)%00%(upstream:remotename)%00%(upstream:remoteref) refs/heads/main refs/remotes/main [4ms]
2023-03-31 07:36:36.871 [info] > git status -z -uall [472ms]
2023-03-31 07:36:42.616 [info] > git config --get commit.template [7ms]
2023-03-31 07:36:42.638 [info] > git for-each-ref --format=%(refname)%00%(upstream:short)%00%(objectname)%00%(upstream:track)%00%(upstream:remotename)%00%(upstream:remoteref) refs/heads/main refs/remotes/main [2ms]
2023-03-31 07:36:43.104 [info] > git status -z -uall [449ms]
2023-03-31 07:36:47.318 [info] > git check-ignore -v -z --stdin [23ms]
2023-03-31 07:36:48.880 [info] > git config --get commit.template [29ms]
2023-03-31 07:36:48.882 [info] > git for-each-ref --format=%(refname)%00%(upstream:short)%00%(objectname)%00%(upstream:track)%00%(upstream:remotename)%00%(upstream:remoteref) refs/heads/main refs/remotes/main [3ms]
2023-03-31 07:36:49.421 [info] > git status -z -uall [519ms]
2023-03-31 07:36:54.400 [info] > git show --textconv :newNachos/nachos/NachOS-4.0/code/test/input.txt [60ms]
2023-03-31 07:36:54.405 [info] > git ls-files --stage -- /home/longvu/newNachos/nachos/NachOS-4.0/code/test/input.txt [30ms]
2023-03-31 07:36:54.591 [info] > git check-ignore -v -z --stdin [15ms]
2023-03-31 07:36:55.404 [info] > git config --get commit.template [19ms]
2023-03-31 07:36:55.405 [info] > git for-each-ref --format=%(refname)%00%(upstream:short)%00%(objectname)%00%(upstream:track)%00%(upstream:remotename)%00%(upstream:remoteref) refs/heads/main refs/remotes/main [3ms]
2023-03-31 07:36:55.904 [info] > git status -z -uall [483ms]
2023-03-31 07:37:01.631 [info] > git config --get commit.template [28ms]
2023-03-31 07:37:01.632 [info] > git for-each-ref --format=%(refname)%00%(upstream:short)%00%(objectname)%00%(upstream:track)%00%(upstream:remotename)%00%(upstream:remoteref) refs/heads/main refs/remotes/main [2ms]
2023-03-31 07:37:02.133 [info] > git status -z -uall [486ms]
2023-03-31 07:37:07.887 [info] > git config --get commit.template [36ms]
2023-03-31 07:37:07.888 [info] > git for-each-ref --format=%(refname)%00%(upstream:short)%00%(objectname)%00%(upstream:track)%00%(upstream:remotename)%00%(upstream:remoteref) refs/heads/main refs/remotes/main [2ms]
2023-03-31 07:37:08.405 [info] > git status -z -uall [500ms]
2023-03-31 07:37:14.148 [info] > git config --get commit.template [1ms]
2023-03-31 07:37:14.176 [info] > git for-each-ref --format=%(refname)%00%(upstream:short)%00%(objectname)%00%(upstream:track)%00%(upstream:remotename)%00%(upstream:remoteref) refs/heads/main refs/remotes/main [4ms]
2023-03-31 07:37:14.666 [info] > git status -z -uall [474ms]
2023-03-31 07:37:20.384 [info] > git config --get commit.template [2ms]
2023-03-31 07:37:20.410 [info] > git for-each-ref --format=%(refname)%00%(upstream:short)%00%(objectname)%00%(upstream:track)%00%(upstream:remotename)%00%(upstream:remoteref) refs/heads/main refs/remotes/main [3ms]
2023-03-31 07:37:20.911 [info] > git status -z -uall [485ms]
2023-03-31 07:37:26.596 [info] > git config --get commit.template [31ms]
2023-03-31 07:37:26.597 [info] > git for-each-ref --format=%(refname)%00%(upstream:short)%00%(objectname)%00%(upstream:track)%00%(upstream:remotename)%00%(upstream:remoteref) refs/heads/main refs/remotes/main [2ms]
2023-03-31 07:37:27.096 [info] > git status -z -uall [478ms]
2023-03-31 07:37:32.811 [info] > git config --get commit.template [25ms]
2023-03-31 07:37:32.812 [info] > git for-each-ref --format=%(refname)%00%(upstream:short)%00%(objectname)%00%(upstream:track)%00%(upstream:remotename)%00%(upstream:remoteref) refs/heads/main refs/remotes/main [2ms]
2023-03-31 07:37:33.268 [info] > git status -z -uall [442ms]
2023-03-31 07:37:39.062 [info] > git config --get commit.template [3ms]
2023-03-31 07:37:39.090 [info] > git for-each-ref --format=%(refname)%00%(upstream:short)%00%(objectname)%00%(upstream:track)%00%(upstream:remotename)%00%(upstream:remoteref) refs/heads/main refs/remotes/main [2ms]
2023-03-31 07:37:39.624 [info] > git status -z -uall [515ms]
2023-03-31 07:37:45.341 [info] > git config --get commit.template [25ms]
2023-03-31 07:37:45.343 [info] > git for-each-ref --format=%(refname)%00%(upstream:short)%00%(objectname)%00%(upstream:track)%00%(upstream:remotename)%00%(upstream:remoteref) refs/heads/main refs/remotes/main [3ms]
2023-03-31 07:37:45.820 [info] > git status -z -uall [457ms]
2023-03-31 07:37:51.379 [info] > git config --get commit.template [5ms]
2023-03-31 07:37:51.404 [info] > git for-each-ref --format=%(refname)%00%(upstream:short)%00%(objectname)%00%(upstream:track)%00%(upstream:remotename)%00%(upstream:remoteref) refs/heads/main refs/remotes/main [1ms]
2023-03-31 07:37:51.856 [info] > git status -z -uall [439ms]
2023-03-31 07:37:57.581 [info] > git config --get commit.template [24ms]
2023-03-31 07:37:57.582 [info] > git for-each-ref --format=%(refname)%00%(upstream:short)%00%(objectname)%00%(upstream:track)%00%(upstream:remotename)%00%(upstream:remoteref) refs/heads/main refs/remotes/main [2ms]
2023-03-31 07:37:58.166 [info] > git status -z -uall [561ms]
2023-03-31 07:38:04.077 [info] > git config --get commit.template [22ms]
2023-03-31 07:38:04.078 [info] > git for-each-ref --format=%(refname)%00%(upstream:short)%00%(objectname)%00%(upstream:track)%00%(upstream:remotename)%00%(upstream:remoteref) refs/heads/main refs/remotes/main [2ms]
2023-03-31 07:38:04.576 [info] > git status -z -uall [481ms]
2023-03-31 07:38:10.438 [info] > git config --get commit.template [23ms]
2023-03-31 07:38:10.439 [info] > git for-each-ref --format=%(refname)%00%(upstream:short)%00%(objectname)%00%(upstream:track)%00%(upstream:remotename)%00%(upstream:remoteref) refs/heads/main refs/remotes/main [2ms]
2023-03-31 07:38:10.977 [info] > git status -z -uall [523ms]
2023-03-31 07:38:16.749 [info] > git config --get commit.template [3ms]
2023-03-31 07:38:16.777 [info] > git for-each-ref --format=%(refname)%00%(upstream:short)%00%(objectname)%00%(upstream:track)%00%(upstream:remotename)%00%(upstream:remoteref) refs/heads/main refs/remotes/main [2ms]
2023-03-31 07:38:17.335 [info] > git status -z -uall [529ms]
2023-03-31 07:38:23.167 [info] > git for-each-ref --format=%(refname)%00%(upstream:short)%00%(objectname)%00%(upstream:track)%00%(upstream:remotename)%00%(upstream:remoteref) refs/heads/main refs/remotes/main [4ms]
2023-03-31 07:38:23.168 [info] > git config --get commit.template [45ms]
2023-03-31 07:38:23.657 [info] > git status -z -uall [462ms]
2023-03-31 07:38:29.395 [info] > git config --get commit.template [26ms]
2023-03-31 07:38:29.395 [info] > git for-each-ref --format=%(refname)%00%(upstream:short)%00%(objectname)%00%(upstream:track)%00%(upstream:remotename)%00%(upstream:remoteref) refs/heads/main refs/remotes/main [2ms]
2023-03-31 07:38:29.958 [info] > git status -z -uall [541ms]
2023-03-31 07:38:35.743 [info] > git config --get commit.template [38ms]
2023-03-31 07:38:35.744 [info] > git for-each-ref --format=%(refname)%00%(upstream:short)%00%(objectname)%00%(upstream:track)%00%(upstream:remotename)%00%(upstream:remoteref) refs/heads/main refs/remotes/main [4ms]
2023-03-31 07:38:36.229 [info] > git status -z -uall [466ms]
2023-03-31 07:38:41.979 [info] > git config --get commit.template [1ms]
2023-03-31 07:38:42.004 [info] > git for-each-ref --format=%(refname)%00%(upstream:short)%00%(objectname)%00%(upstream:track)%00%(upstream:remotename)%00%(upstream:remoteref) refs/heads/main refs/remotes/main [4ms]
2023-03-31 07:38:42.549 [info] > git status -z -uall [520ms]
2023-03-31 07:38:48.432 [info] > git config --get commit.template [25ms]
2023-03-31 07:38:48.434 [info] > git for-each-ref --format=%(refname)%00%(upstream:short)%00%(objectname)%00%(upstream:track)%00%(upstream:remotename)%00%(upstream:remoteref) refs/heads/main refs/remotes/main [3ms]
2023-03-31 07:38:48.917 [info] > git status -z -uall [464ms]
2023-03-31 07:38:54.733 [info] > git config --get commit.template [24ms]
2023-03-31 07:38:54.735 [info] > git for-each-ref --format=%(refname)%00%(upstream:short)%00%(objectname)%00%(upstream:track)%00%(upstream:remotename)%00%(upstream:remoteref) refs/heads/main refs/remotes/main [4ms]
2023-03-31 07:38:55.215 [info] > git status -z -uall [461ms]
2023-03-31 07:39:00.786 [info] > git config --get commit.template [3ms]
2023-03-31 07:39:00.812 [info] > git for-each-ref --format=%(refname)%00%(upstream:short)%00%(objectname)%00%(upstream:track)%00%(upstream:remotename)%00%(upstream:remoteref) refs/heads/main refs/remotes/main [3ms]
2023-03-31 07:39:01.295 [info] > git status -z -uall [463ms]
2023-03-31 07:39:07.089 [info] > git config --get commit.template [5ms]
2023-03-31 07:39:07.112 [info] > git for-each-ref --format=%(refname)%00%(upstream:short)%00%(objectname)%00%(upstream:track)%00%(upstream:remotename)%00%(upstream:remoteref) refs/heads/main refs/remotes/main [2ms]
2023-03-31 07:39:07.634 [info] > git status -z -uall [506ms]
2023-03-31 07:39:13.314 [info] > git config --get commit.template [24ms]
2023-03-31 07:39:13.315 [info] > git for-each-ref --format=%(refname)%00%(upstream:short)%00%(objectname)%00%(upstream:track)%00%(upstream:remotename)%00%(upstream:remoteref) refs/heads/main refs/remotes/main [3ms]
2023-03-31 07:39:13.794 [info] > git status -z -uall [466ms]
2023-03-31 07:39:19.565 [info] > git config --get commit.template [21ms]
2023-03-31 07:39:19.568 [info] > git for-each-ref --format=%(refname)%00%(upstream:short)%00%(objectname)%00%(upstream:track)%00%(upstream:remotename)%00%(upstream:remoteref) refs/heads/main refs/remotes/main [6ms]
2023-03-31 07:39:20.121 [info] > git status -z -uall [537ms]
2023-03-31 07:39:25.771 [info] > git config --get commit.template [4ms]
2023-03-31 07:39:25.793 [info] > git for-each-ref --format=%(refname)%00%(upstream:short)%00%(objectname)%00%(upstream:track)%00%(upstream:remotename)%00%(upstream:remoteref) refs/heads/main refs/remotes/main [2ms]
2023-03-31 07:39:26.257 [info] > git status -z -uall [451ms]
2023-03-31 07:39:31.985 [info] > git config --get commit.template [3ms]
2023-03-31 07:39:32.006 [info] > git for-each-ref --format=%(refname)%00%(upstream:short)%00%(objectname)%00%(upstream:track)%00%(upstream:remotename)%00%(upstream:remoteref) refs/heads/main refs/remotes/main [1ms]
2023-03-31 07:39:32.513 [info] > git status -z -uall [490ms]
2023-03-31 07:39:38.290 [info] > git config --get commit.template [3ms]
2023-03-31 07:39:38.318 [info] > git for-each-ref --format=%(refname)%00%(upstream:short)%00%(objectname)%00%(upstream:track)%00%(upstream:remotename)%00%(upstream:remoteref) refs/heads/main refs/remotes/main [2ms]
2023-03-31 07:39:38.812 [info] > git show --textconv :newNachos/nachos/NachOS-4.0/code/test/input.txt [30ms]
2023-03-31 07:39:38.829 [info] > git ls-files --stage -- /home/longvu/newNachos/nachos/NachOS-4.0/code/test/input.txt [20ms]
2023-03-31 07:39:38.913 [info] > git status -z -uall [577ms]
2023-03-31 07:39:44.824 [info] > git config --get commit.template [28ms]
2023-03-31 07:39:44.825 [info] > git for-each-ref --format=%(refname)%00%(upstream:short)%00%(objectname)%00%(upstream:track)%00%(upstream:remotename)%00%(upstream:remoteref) refs/heads/main refs/remotes/main [2ms]
2023-03-31 07:39:45.273 [info] > git status -z -uall [431ms]
2023-03-31 07:39:51.040 [info] > git config --get commit.template [24ms]
2023-03-31 07:39:51.040 [info] > git for-each-ref --format=%(refname)%00%(upstream:short)%00%(objectname)%00%(upstream:track)%00%(upstream:remotename)%00%(upstream:remoteref) refs/heads/main refs/remotes/main [2ms]
2023-03-31 07:39:51.502 [info] > git status -z -uall [444ms]
2023-03-31 07:39:57.178 [info] > git config --get commit.template [2ms]
2023-03-31 07:39:57.197 [info] > git for-each-ref --format=%(refname)%00%(upstream:short)%00%(objectname)%00%(upstream:track)%00%(upstream:remotename)%00%(upstream:remoteref) refs/heads/main refs/remotes/main [2ms]
2023-03-31 07:39:57.665 [info] > git status -z -uall [452ms]
2023-03-31 07:40:03.240 [info] > git config --get commit.template [21ms]
2023-03-31 07:40:03.242 [info] > git for-each-ref --format=%(refname)%00%(upstream:short)%00%(objectname)%00%(upstream:track)%00%(upstream:remotename)%00%(upstream:remoteref) refs/heads/main refs/remotes/main [2ms]
2023-03-31 07:40:03.726 [info] > git status -z -uall [472ms]
2023-03-31 07:40:09.318 [info] > git config --get commit.template [23ms]
2023-03-31 07:40:09.323 [info] > git for-each-ref --format=%(refname)%00%(upstream:short)%00%(objectname)%00%(upstream:track)%00%(upstream:remotename)%00%(upstream:remoteref) refs/heads/main refs/remotes/main [6ms]
2023-03-31 07:40:09.573 [info] > git ls-files --stage -- /home/longvu/newNachos/nachos/NachOS-4.0/code/userprog/syscall.h [45ms]
2023-03-31 07:40:09.608 [info] > git ls-files --stage -- /home/longvu/newNachos/nachos/NachOS-4.0/code/test/TestClient.c [117ms]
2023-03-31 07:40:09.633 [info] > git ls-files --stage -- /home/longvu/newNachos/nachos/NachOS-4.0/code/userprog/exception.cc [207ms]
2023-03-31 07:40:09.660 [info] > git cat-file -s 2fbe1e509f2ad6f91ff514ad10c5f757ec78d55e [26ms]
2023-03-31 07:40:09.663 [info] > git cat-file -s ed215b4f1d83772a67df34124a986766ded51c7d [57ms]
2023-03-31 07:40:09.664 [info] > git ls-files --stage -- /home/longvu/newNachos/nachos/NachOS-4.0/code/test/input.txt [92ms]
2023-03-31 07:40:09.669 [info] > git cat-file -s 6060de21c551d3f2ca53d2e017d5c6b311c85713 [12ms]
2023-03-31 07:40:09.830 [info] > git show --textconv :newNachos/nachos/NachOS-4.0/code/test/TestClient.c [68ms]
2023-03-31 07:40:09.830 [info] > git show --textconv :newNachos/nachos/NachOS-4.0/code/userprog/syscall.h [36ms]
2023-03-31 07:40:09.873 [info] > git show --textconv :newNachos/nachos/NachOS-4.0/code/test/input.txt [45ms]
2023-03-31 07:40:09.895 [info] > git show --textconv :newNachos/nachos/NachOS-4.0/code/userprog/exception.cc [23ms]
2023-03-31 07:40:10.122 [info] > git status -z -uall [777ms]
2023-03-31 07:40:15.836 [info] > git config --get commit.template [22ms]
2023-03-31 07:40:15.839 [info] > git for-each-ref --format=%(refname)%00%(upstream:short)%00%(objectname)%00%(upstream:track)%00%(upstream:remotename)%00%(upstream:remoteref) refs/heads/main refs/remotes/main [4ms]
2023-03-31 07:40:16.434 [info] > git status -z -uall [579ms]
