2023-03-11 12:59:01.383 [info] Log level: Info
2023-03-11 12:59:01.383 [info] Validating found git in: "git"
2023-03-11 12:59:01.383 [info] Using git "2.17.1" from "git"
2023-03-11 12:59:01.383 [info] > git rev-parse --show-toplevel [33ms]
2023-03-11 12:59:01.383 [info] fatal: not a git repository (or any of the parent directories): .git
2023-03-11 12:59:01.383 [info] > git rev-parse --show-toplevel [88ms]
2023-03-11 12:59:01.383 [info] fatal: not a git repository (or any of the parent directories): .git
2023-03-11 12:59:01.383 [info] > git rev-parse --show-toplevel [110ms]
2023-03-11 12:59:01.383 [info] fatal: not a git repository (or any of the parent directories): .git
2023-03-11 12:59:01.383 [info] > git rev-parse --show-toplevel [5ms]
2023-03-11 12:59:01.383 [info] fatal: not a git repository (or any of the parent directories): .git
2023-03-11 12:59:01.383 [info] > git rev-parse --show-toplevel [4ms]
2023-03-11 12:59:01.383 [info] fatal: not a git repository (or any of the parent directories): .git
2023-03-11 12:59:01.383 [info] > git rev-parse --show-toplevel [2ms]
2023-03-11 12:59:01.383 [info] fatal: not a git repository (or any of the parent directories): .git
2023-03-11 12:59:01.383 [info] > git rev-parse --show-toplevel [3ms]
2023-03-11 12:59:01.383 [info] fatal: not a git repository (or any of the parent directories): .git
2023-03-11 12:59:01.383 [info] > git rev-parse --show-toplevel [34ms]
2023-03-11 12:59:01.383 [info] fatal: not a git repository (or any of the parent directories): .git
2023-03-11 12:59:01.383 [info] > git rev-parse --show-toplevel [2ms]
2023-03-11 12:59:01.383 [info] fatal: not a git repository (or any of the parent directories): .git
2023-03-11 12:59:01.383 [info] > git rev-parse --show-toplevel [5ms]
2023-03-11 12:59:01.383 [info] fatal: not a git repository (or any of the parent directories): .git
2023-03-11 12:59:01.384 [info] > git rev-parse --show-toplevel [21ms]
2023-03-11 12:59:01.384 [info] fatal: not a git repository (or any of the parent directories): .git
2023-03-11 12:59:09.992 [info] > git rev-parse --show-toplevel [14ms]
2023-03-11 12:59:09.993 [info] fatal: not a git repository (or any of the parent directories): .git
2023-03-11 12:59:10.886 [info] > git rev-parse --show-toplevel [67ms]
2023-03-11 12:59:10.886 [info] fatal: not a git repository (or any of the parent directories): .git
2023-03-11 12:59:25.290 [info] > git rev-parse --show-toplevel [13ms]
2023-03-11 12:59:25.292 [info] fatal: not a git repository (or any of the parent directories): .git
2023-03-11 12:59:27.572 [info] > git rev-parse --show-toplevel [24ms]
2023-03-11 12:59:27.572 [info] fatal: not a git repository (or any of the parent directories): .git
2023-03-11 12:59:28.597 [info] > git rev-parse --show-toplevel [8ms]
2023-03-11 12:59:28.597 [info] fatal: not a git repository (or any of the parent directories): .git
2023-03-11 12:59:29.040 [info] > git rev-parse --show-toplevel [8ms]
2023-03-11 12:59:29.041 [info] fatal: not a git repository (or any of the parent directories): .git
2023-03-11 12:59:32.662 [info] > git rev-parse --show-toplevel [56ms]
2023-03-11 12:59:32.687 [info] fatal: not a git repository (or any of the parent directories): .git
2023-03-11 12:59:33.358 [info] > git rev-parse --show-toplevel [47ms]
2023-03-11 12:59:33.358 [info] fatal: not a git repository (or any of the parent directories): .git
2023-03-11 12:59:35.255 [info] > git rev-parse --show-toplevel [7ms]
2023-03-11 12:59:35.256 [info] fatal: not a git repository (or any of the parent directories): .git
2023-03-11 12:59:36.339 [info] > git rev-parse --show-toplevel [15ms]
2023-03-11 12:59:36.339 [info] fatal: not a git repository (or any of the parent directories): .git
2023-03-11 13:01:56.611 [info] > git rev-parse --show-toplevel [15ms]
2023-03-11 13:01:56.611 [info] fatal: not a git repository (or any of the parent directories): .git
2023-03-11 13:02:24.514 [info] > git rev-parse --show-toplevel [29ms]
2023-03-11 13:02:24.514 [info] fatal: not a git repository (or any of the parent directories): .git
2023-03-11 13:02:25.262 [info] > git rev-parse --show-toplevel [16ms]
2023-03-11 13:02:25.262 [info] fatal: not a git repository (or any of the parent directories): .git
2023-03-11 13:02:26.079 [info] > git rev-parse --show-toplevel [6ms]
2023-03-11 13:02:26.079 [info] fatal: not a git repository (or any of the parent directories): .git
2023-03-11 13:02:46.957 [info] > git rev-parse --show-toplevel [13ms]
2023-03-11 13:02:46.958 [info] fatal: not a git repository (or any of the parent directories): .git
2023-03-11 13:02:48.844 [info] > git rev-parse --show-toplevel [13ms]
2023-03-11 13:02:48.845 [info] fatal: not a git repository (or any of the parent directories): .git
2023-03-11 13:02:57.691 [info] > git rev-parse --show-toplevel [12ms]
2023-03-11 13:02:57.691 [info] fatal: not a git repository (or any of the parent directories): .git
2023-03-11 13:03:03.582 [info] > git rev-parse --show-toplevel [8ms]
2023-03-11 13:03:03.583 [info] fatal: not a git repository (or any of the parent directories): .git
2023-03-11 13:03:26.339 [info] > git rev-parse --show-toplevel [24ms]
2023-03-11 13:03:26.340 [info] fatal: not a git repository (or any of the parent directories): .git
2023-03-11 13:03:36.597 [info] > git rev-parse --show-toplevel [12ms]
2023-03-11 13:03:36.598 [info] fatal: not a git repository (or any of the parent directories): .git
2023-03-11 13:03:43.729 [info] > git rev-parse --show-toplevel [9ms]
2023-03-11 13:03:43.729 [info] fatal: not a git repository (or any of the parent directories): .git
2023-03-11 13:03:44.782 [info] > git rev-parse --show-toplevel [14ms]
2023-03-11 13:03:44.783 [info] fatal: not a git repository (or any of the parent directories): .git
2023-03-11 13:04:36.558 [info] > git rev-parse --show-toplevel [26ms]
2023-03-11 13:04:36.558 [info] fatal: not a git repository (or any of the parent directories): .git
2023-03-11 13:05:08.597 [info] > git rev-parse --show-toplevel [14ms]
2023-03-11 13:05:08.597 [info] fatal: not a git repository (or any of the parent directories): .git
2023-03-11 13:06:24.222 [info] > git rev-parse --show-toplevel [11ms]
2023-03-11 13:06:24.223 [info] fatal: not a git repository (or any of the parent directories): .git
2023-03-11 13:06:26.991 [info] > git rev-parse --show-toplevel [10ms]
2023-03-11 13:06:26.991 [info] fatal: not a git repository (or any of the parent directories): .git
2023-03-11 13:06:28.880 [info] > git rev-parse --show-toplevel [12ms]
2023-03-11 13:06:28.880 [info] fatal: not a git repository (or any of the parent directories): .git
2023-03-11 13:06:29.987 [info] > git rev-parse --show-toplevel [9ms]
2023-03-11 13:06:29.987 [info] fatal: not a git repository (or any of the parent directories): .git
2023-03-11 13:06:49.762 [info] > git rev-parse --show-toplevel [12ms]
2023-03-11 13:06:49.764 [info] fatal: not a git repository (or any of the parent directories): .git
2023-03-11 13:06:50.736 [info] > git rev-parse --show-toplevel [20ms]
2023-03-11 13:06:50.736 [info] fatal: not a git repository (or any of the parent directories): .git
2023-03-11 13:06:53.800 [info] > git rev-parse --show-toplevel [7ms]
2023-03-11 13:06:53.801 [info] fatal: not a git repository (or any of the parent directories): .git
2023-03-11 13:06:55.851 [info] > git rev-parse --show-toplevel [38ms]
2023-03-11 13:06:55.851 [info] fatal: not a git repository (or any of the parent directories): .git
2023-03-11 13:06:58.271 [info] > git rev-parse --show-toplevel [8ms]
2023-03-11 13:06:58.272 [info] fatal: not a git repository (or any of the parent directories): .git
2023-03-11 13:07:09.592 [info] > git rev-parse --show-toplevel [11ms]
2023-03-11 13:07:09.593 [info] fatal: not a git repository (or any of the parent directories): .git
2023-03-11 13:07:11.618 [info] > git rev-parse --show-toplevel [6ms]
2023-03-11 13:07:11.618 [info] fatal: not a git repository (or any of the parent directories): .git
2023-03-11 13:07:38.248 [info] > git rev-parse --show-toplevel [38ms]
2023-03-11 13:07:38.248 [info] fatal: not a git repository (or any of the parent directories): .git
2023-03-11 13:07:48.565 [info] > git rev-parse --show-toplevel [13ms]
2023-03-11 13:07:48.565 [info] fatal: not a git repository (or any of the parent directories): .git
2023-03-11 13:07:49.717 [info] > git rev-parse --show-toplevel [7ms]
2023-03-11 13:07:49.717 [info] fatal: not a git repository (or any of the parent directories): .git
2023-03-11 13:07:54.407 [info] > git rev-parse --show-toplevel [6ms]
2023-03-11 13:07:54.407 [info] fatal: not a git repository (or any of the parent directories): .git
2023-03-11 13:08:55.999 [info] > git rev-parse --show-toplevel [3ms]
2023-03-11 13:08:55.999 [info] fatal: not a git repository (or any of the parent directories): .git
2023-03-11 13:09:11.322 [info] > git rev-parse --show-toplevel [12ms]
2023-03-11 13:09:11.322 [info] fatal: not a git repository (or any of the parent directories): .git
2023-03-11 14:03:09.166 [info] > git rev-parse --show-toplevel [7ms]
2023-03-11 14:03:09.166 [info] fatal: not a git repository (or any of the parent directories): .git
2023-03-11 14:03:12.467 [info] > git rev-parse --show-toplevel [8ms]
2023-03-11 14:03:12.467 [info] fatal: not a git repository (or any of the parent directories): .git
2023-03-11 14:06:00.356 [info] > git rev-parse --show-toplevel [5ms]
2023-03-11 14:06:00.356 [info] fatal: not a git repository (or any of the parent directories): .git
2023-03-11 14:06:07.525 [info] > git rev-parse --show-toplevel [13ms]
2023-03-11 14:06:07.525 [info] fatal: not a git repository (or any of the parent directories): .git
2023-03-11 14:06:08.827 [info] > git rev-parse --show-toplevel [5ms]
2023-03-11 14:06:08.827 [info] fatal: not a git repository (or any of the parent directories): .git
2023-03-11 14:06:27.291 [info] > git rev-parse --show-toplevel [3ms]
2023-03-11 14:06:27.291 [info] fatal: not a git repository (or any of the parent directories): .git
2023-03-11 14:06:40.644 [info] > git rev-parse --show-toplevel [23ms]
2023-03-11 14:06:40.644 [info] fatal: not a git repository (or any of the parent directories): .git
2023-03-11 14:06:41.906 [info] > git rev-parse --show-toplevel [12ms]
2023-03-11 14:06:41.907 [info] fatal: not a git repository (or any of the parent directories): .git
2023-03-11 14:06:45.763 [info] > git rev-parse --show-toplevel [3ms]
2023-03-11 14:06:45.765 [info] fatal: not a git repository (or any of the parent directories): .git
2023-03-11 14:12:35.425 [info] > git rev-parse --show-toplevel [33ms]
2023-03-11 14:12:35.425 [info] fatal: not a git repository (or any of the parent directories): .git
2023-03-11 14:12:37.222 [info] > git rev-parse --show-toplevel [18ms]
2023-03-11 14:12:37.223 [info] fatal: not a git repository (or any of the parent directories): .git
2023-03-11 14:12:39.205 [info] > git rev-parse --show-toplevel [6ms]
2023-03-11 14:12:39.205 [info] fatal: not a git repository (or any of the parent directories): .git
2023-03-11 14:12:40.517 [info] > git rev-parse --show-toplevel [10ms]
2023-03-11 14:12:40.517 [info] fatal: not a git repository (or any of the parent directories): .git
2023-03-11 14:12:41.194 [info] > git rev-parse --show-toplevel [20ms]
2023-03-11 14:12:41.194 [info] fatal: not a git repository (or any of the parent directories): .git
2023-03-11 14:12:41.952 [info] > git rev-parse --show-toplevel [28ms]
2023-03-11 14:12:41.952 [info] fatal: not a git repository (or any of the parent directories): .git
2023-03-11 14:12:42.987 [info] > git rev-parse --show-toplevel [17ms]
2023-03-11 14:12:42.987 [info] fatal: not a git repository (or any of the parent directories): .git
2023-03-11 14:12:44.187 [info] > git rev-parse --show-toplevel [25ms]
2023-03-11 14:12:44.188 [info] fatal: not a git repository (or any of the parent directories): .git
2023-03-11 14:12:45.231 [info] > git rev-parse --show-toplevel [38ms]
2023-03-11 14:12:45.232 [info] fatal: not a git repository (or any of the parent directories): .git
2023-03-11 14:12:47.983 [info] > git rev-parse --show-toplevel [42ms]
2023-03-11 14:12:47.985 [info] fatal: not a git repository (or any of the parent directories): .git
2023-03-11 14:13:18.180 [info] > git rev-parse --show-toplevel [21ms]
2023-03-11 14:13:18.187 [info] fatal: not a git repository (or any of the parent directories): .git
2023-03-11 14:13:20.183 [info] > git rev-parse --show-toplevel [10ms]
2023-03-11 14:13:20.183 [info] fatal: not a git repository (or any of the parent directories): .git
2023-03-11 14:13:22.933 [info] > git rev-parse --show-toplevel [10ms]
2023-03-11 14:13:22.933 [info] fatal: not a git repository (or any of the parent directories): .git
2023-03-11 14:27:39.165 [info] > git rev-parse --show-toplevel [15ms]
2023-03-11 14:27:39.165 [info] fatal: not a git repository (or any of the parent directories): .git
2023-03-11 14:27:40.395 [info] > git rev-parse --show-toplevel [10ms]
2023-03-11 14:27:40.396 [info] fatal: not a git repository (or any of the parent directories): .git
2023-03-11 14:27:41.897 [info] > git rev-parse --show-toplevel [19ms]
2023-03-11 14:27:41.897 [info] fatal: not a git repository (or any of the parent directories): .git
2023-03-11 14:27:42.660 [info] > git rev-parse --show-toplevel [10ms]
2023-03-11 14:27:42.663 [info] fatal: not a git repository (or any of the parent directories): .git
2023-03-11 14:27:43.964 [info] > git rev-parse --show-toplevel [6ms]
2023-03-11 14:27:43.965 [info] fatal: not a git repository (or any of the parent directories): .git
2023-03-11 14:27:44.718 [info] > git rev-parse --show-toplevel [10ms]
2023-03-11 14:27:44.719 [info] fatal: not a git repository (or any of the parent directories): .git
2023-03-11 14:27:46.788 [info] > git rev-parse --show-toplevel [10ms]
2023-03-11 14:27:46.788 [info] fatal: not a git repository (or any of the parent directories): .git
2023-03-11 14:27:47.707 [info] > git rev-parse --show-toplevel [11ms]
2023-03-11 14:27:47.707 [info] fatal: not a git repository (or any of the parent directories): .git
2023-03-11 14:27:48.455 [info] > git rev-parse --show-toplevel [2ms]
2023-03-11 14:27:48.456 [info] fatal: not a git repository (or any of the parent directories): .git
2023-03-11 14:27:50.293 [info] > git rev-parse --show-toplevel [52ms]
2023-03-11 14:27:50.293 [info] fatal: not a git repository (or any of the parent directories): .git
2023-03-11 14:27:52.735 [info] > git rev-parse --show-toplevel [12ms]
2023-03-11 14:27:52.735 [info] fatal: not a git repository (or any of the parent directories): .git
2023-03-11 14:28:02.368 [info] > git rev-parse --show-toplevel [12ms]
2023-03-11 14:28:02.368 [info] fatal: not a git repository (or any of the parent directories): .git
2023-03-11 15:06:58.880 [info] > git rev-parse --show-toplevel [14ms]
2023-03-11 15:06:58.880 [info] fatal: not a git repository (or any of the parent directories): .git
2023-03-11 15:07:00.218 [info] > git rev-parse --show-toplevel [34ms]
2023-03-11 15:07:00.219 [info] fatal: not a git repository (or any of the parent directories): .git
2023-03-11 15:07:24.774 [info] > git rev-parse --show-toplevel [15ms]
2023-03-11 15:07:24.774 [info] fatal: not a git repository (or any of the parent directories): .git
2023-03-11 15:07:34.117 [info] > git rev-parse --show-toplevel [15ms]
2023-03-11 15:07:34.117 [info] fatal: not a git repository (or any of the parent directories): .git
2023-03-11 15:07:35.064 [info] > git rev-parse --show-toplevel [9ms]
2023-03-11 15:07:35.064 [info] fatal: not a git repository (or any of the parent directories): .git
2023-03-11 15:07:38.920 [info] > git rev-parse --show-toplevel [3ms]
2023-03-11 15:07:38.920 [info] fatal: not a git repository (or any of the parent directories): .git
2023-03-11 15:07:39.592 [info] > git rev-parse --show-toplevel [3ms]
2023-03-11 15:07:39.593 [info] fatal: not a git repository (or any of the parent directories): .git
2023-03-11 15:07:41.832 [info] > git rev-parse --show-toplevel [13ms]
2023-03-11 15:07:41.833 [info] fatal: not a git repository (or any of the parent directories): .git
2023-03-11 15:07:42.634 [info] > git rev-parse --show-toplevel [8ms]
2023-03-11 15:07:42.634 [info] fatal: not a git repository (or any of the parent directories): .git
2023-03-11 15:07:44.195 [info] > git rev-parse --show-toplevel [14ms]
2023-03-11 15:07:44.196 [info] fatal: not a git repository (or any of the parent directories): .git
2023-03-11 15:07:59.133 [info] > git rev-parse --show-toplevel [43ms]
2023-03-11 15:07:59.133 [info] fatal: not a git repository (or any of the parent directories): .git
2023-03-11 15:08:00.206 [info] > git rev-parse --show-toplevel [9ms]
2023-03-11 15:08:00.206 [info] fatal: not a git repository (or any of the parent directories): .git
2023-03-11 15:08:00.940 [info] > git rev-parse --show-toplevel [70ms]
2023-03-11 15:08:00.940 [info] fatal: not a git repository (or any of the parent directories): .git
2023-03-11 15:08:06.044 [info] > git rev-parse --show-toplevel [15ms]
2023-03-11 15:08:06.044 [info] fatal: not a git repository (or any of the parent directories): .git
2023-03-11 15:08:17.433 [info] > git rev-parse --show-toplevel [9ms]
2023-03-11 15:08:17.435 [info] fatal: not a git repository (or any of the parent directories): .git
2023-03-11 15:09:17.950 [info] > git rev-parse --show-toplevel [6ms]
2023-03-11 15:09:17.966 [info] fatal: not a git repository (or any of the parent directories): .git
2023-03-11 15:09:22.911 [info] > git rev-parse --show-toplevel [7ms]
2023-03-11 15:09:22.911 [info] fatal: not a git repository (or any of the parent directories): .git
2023-03-11 15:09:27.886 [info] > git rev-parse --show-toplevel [6ms]
2023-03-11 15:09:27.886 [info] fatal: not a git repository (or any of the parent directories): .git
2023-03-11 15:10:07.419 [info] > git rev-parse --show-toplevel [10ms]
2023-03-11 15:10:07.420 [info] fatal: not a git repository (or any of the parent directories): .git
2023-03-11 15:10:08.204 [info] > git rev-parse --show-toplevel [15ms]
2023-03-11 15:10:08.204 [info] fatal: not a git repository (or any of the parent directories): .git
2023-03-11 15:10:10.298 [info] > git rev-parse --show-toplevel [14ms]
2023-03-11 15:10:10.298 [info] fatal: not a git repository (or any of the parent directories): .git
2023-03-11 15:10:14.227 [info] > git rev-parse --show-toplevel [13ms]
2023-03-11 15:10:14.227 [info] fatal: not a git repository (or any of the parent directories): .git
2023-03-11 15:11:11.939 [info] > git rev-parse --show-toplevel [7ms]
2023-03-11 15:11:11.939 [info] fatal: not a git repository (or any of the parent directories): .git
2023-03-11 15:11:13.985 [info] > git rev-parse --show-toplevel [13ms]
2023-03-11 15:11:13.985 [info] fatal: not a git repository (or any of the parent directories): .git
2023-03-11 15:11:15.847 [info] > git rev-parse --show-toplevel [12ms]
2023-03-11 15:11:15.847 [info] fatal: not a git repository (or any of the parent directories): .git
2023-03-11 15:11:20.224 [info] > git rev-parse --show-toplevel [16ms]
2023-03-11 15:11:20.224 [info] fatal: not a git repository (or any of the parent directories): .git
2023-03-11 15:11:29.616 [info] > git rev-parse --show-toplevel [15ms]
2023-03-11 15:11:29.616 [info] fatal: not a git repository (or any of the parent directories): .git
2023-03-11 15:11:47.281 [info] > git rev-parse --show-toplevel [15ms]
2023-03-11 15:11:47.282 [info] fatal: not a git repository (or any of the parent directories): .git
2023-03-11 15:12:07.524 [info] > git rev-parse --show-toplevel [14ms]
2023-03-11 15:12:07.525 [info] fatal: not a git repository (or any of the parent directories): .git
2023-03-11 15:12:54.882 [info] > git rev-parse --show-toplevel [15ms]
2023-03-11 15:12:54.884 [info] fatal: not a git repository (or any of the parent directories): .git
2023-03-11 15:12:57.075 [info] > git rev-parse --show-toplevel [8ms]
2023-03-11 15:12:57.076 [info] fatal: not a git repository (or any of the parent directories): .git
2023-03-11 15:13:35.470 [info] > git rev-parse --show-toplevel [18ms]
2023-03-11 15:13:35.470 [info] fatal: not a git repository (or any of the parent directories): .git
2023-03-11 15:13:39.107 [info] > git rev-parse --show-toplevel [9ms]
2023-03-11 15:13:39.107 [info] fatal: not a git repository (or any of the parent directories): .git
2023-03-11 15:13:48.945 [info] > git rev-parse --show-toplevel [8ms]
2023-03-11 15:13:48.945 [info] fatal: not a git repository (or any of the parent directories): .git
2023-03-11 15:13:49.861 [info] > git rev-parse --show-toplevel [7ms]
2023-03-11 15:13:49.862 [info] fatal: not a git repository (or any of the parent directories): .git
2023-03-11 15:14:13.264 [info] > git rev-parse --show-toplevel [4ms]
2023-03-11 15:14:13.264 [info] fatal: not a git repository (or any of the parent directories): .git
2023-03-11 15:14:19.438 [info] > git rev-parse --show-toplevel [6ms]
2023-03-11 15:14:19.439 [info] fatal: not a git repository (or any of the parent directories): .git
2023-03-11 15:15:09.905 [info] > git rev-parse --show-toplevel [13ms]
2023-03-11 15:15:09.905 [info] fatal: not a git repository (or any of the parent directories): .git
2023-03-11 15:15:24.586 [info] > git rev-parse --show-toplevel [9ms]
2023-03-11 15:15:24.586 [info] fatal: not a git repository (or any of the parent directories): .git
2023-03-11 15:15:31.427 [info] > git rev-parse --show-toplevel [14ms]
2023-03-11 15:15:31.427 [info] fatal: not a git repository (or any of the parent directories): .git
2023-03-11 15:15:32.979 [info] > git rev-parse --show-toplevel [6ms]
2023-03-11 15:15:32.979 [info] fatal: not a git repository (or any of the parent directories): .git
2023-03-11 15:17:30.458 [info] > git rev-parse --show-toplevel [10ms]
2023-03-11 15:17:30.458 [info] fatal: not a git repository (or any of the parent directories): .git
2023-03-11 15:17:32.248 [info] > git rev-parse --show-toplevel [5ms]
2023-03-11 15:17:32.248 [info] fatal: not a git repository (or any of the parent directories): .git
2023-03-11 15:18:21.513 [info] > git rev-parse --show-toplevel [30ms]
2023-03-11 15:18:21.513 [info] fatal: not a git repository (or any of the parent directories): .git
2023-03-11 15:18:26.121 [info] > git rev-parse --show-toplevel [21ms]
2023-03-11 15:18:26.121 [info] fatal: not a git repository (or any of the parent directories): .git
2023-03-11 15:20:11.853 [info] > git rev-parse --show-toplevel [16ms]
2023-03-11 15:20:11.853 [info] fatal: not a git repository (or any of the parent directories): .git
2023-03-11 15:20:15.713 [info] > git rev-parse --show-toplevel [22ms]
2023-03-11 15:20:15.713 [info] fatal: not a git repository (or any of the parent directories): .git
2023-03-11 15:21:49.541 [info] > git rev-parse --show-toplevel [7ms]
2023-03-11 15:21:49.541 [info] fatal: not a git repository (or any of the parent directories): .git
2023-03-11 15:21:50.602 [info] > git rev-parse --show-toplevel [9ms]
2023-03-11 15:21:50.602 [info] fatal: not a git repository (or any of the parent directories): .git
2023-03-11 15:21:51.498 [info] > git rev-parse --show-toplevel [7ms]
2023-03-11 15:21:51.499 [info] fatal: not a git repository (or any of the parent directories): .git
2023-03-11 15:21:52.738 [info] > git rev-parse --show-toplevel [14ms]
2023-03-11 15:21:52.738 [info] fatal: not a git repository (or any of the parent directories): .git
2023-03-11 15:21:55.901 [info] > git rev-parse --show-toplevel [11ms]
2023-03-11 15:21:55.901 [info] fatal: not a git repository (or any of the parent directories): .git
2023-03-11 15:22:01.208 [info] > git rev-parse --show-toplevel [8ms]
2023-03-11 15:22:01.208 [info] fatal: not a git repository (or any of the parent directories): .git
2023-03-11 15:22:23.648 [info] > git rev-parse --show-toplevel [5ms]
2023-03-11 15:22:23.648 [info] fatal: not a git repository (or any of the parent directories): .git
2023-03-11 15:22:24.485 [info] > git rev-parse --show-toplevel [42ms]
2023-03-11 15:22:24.485 [info] fatal: not a git repository (or any of the parent directories): .git
2023-03-11 15:22:47.414 [info] > git rev-parse --show-toplevel [15ms]
2023-03-11 15:22:47.414 [info] fatal: not a git repository (or any of the parent directories): .git
2023-03-11 15:22:53.883 [info] > git rev-parse --show-toplevel [6ms]
2023-03-11 15:22:53.883 [info] fatal: not a git repository (or any of the parent directories): .git
2023-03-11 15:30:33.375 [info] > git rev-parse --show-toplevel [15ms]
2023-03-11 15:30:33.376 [info] fatal: not a git repository (or any of the parent directories): .git
2023-03-11 15:30:35.492 [info] > git rev-parse --show-toplevel [12ms]
2023-03-11 15:30:35.492 [info] fatal: not a git repository (or any of the parent directories): .git
2023-03-11 15:30:41.475 [info] > git rev-parse --show-toplevel [16ms]
2023-03-11 15:30:41.475 [info] fatal: not a git repository (or any of the parent directories): .git
2023-03-11 15:30:42.453 [info] > git rev-parse --show-toplevel [14ms]
2023-03-11 15:30:42.453 [info] fatal: not a git repository (or any of the parent directories): .git
2023-03-11 15:30:50.358 [info] > git rev-parse --show-toplevel [7ms]
2023-03-11 15:30:50.359 [info] fatal: not a git repository (or any of the parent directories): .git
2023-03-11 15:31:03.904 [info] > git rev-parse --show-toplevel [37ms]
2023-03-11 15:31:03.905 [info] fatal: not a git repository (or any of the parent directories): .git
2023-03-11 15:31:46.106 [info] > git rev-parse --show-toplevel [17ms]
2023-03-11 15:31:46.106 [info] fatal: not a git repository (or any of the parent directories): .git
2023-03-11 15:32:05.780 [info] > git rev-parse --show-toplevel [4ms]
2023-03-11 15:32:05.780 [info] fatal: not a git repository (or any of the parent directories): .git
2023-03-11 15:32:07.466 [info] > git rev-parse --show-toplevel [5ms]
2023-03-11 15:32:07.466 [info] fatal: not a git repository (or any of the parent directories): .git
2023-03-11 15:32:08.217 [info] > git rev-parse --show-toplevel [7ms]
2023-03-11 15:32:08.218 [info] fatal: not a git repository (or any of the parent directories): .git
2023-03-11 15:32:10.171 [info] > git rev-parse --show-toplevel [4ms]
2023-03-11 15:32:10.172 [info] fatal: not a git repository (or any of the parent directories): .git
2023-03-11 15:32:11.670 [info] > git rev-parse --show-toplevel [20ms]
2023-03-11 15:32:11.671 [info] fatal: not a git repository (or any of the parent directories): .git
2023-03-11 15:32:33.139 [info] > git rev-parse --show-toplevel [7ms]
2023-03-11 15:32:33.139 [info] fatal: not a git repository (or any of the parent directories): .git
2023-03-11 15:32:34.716 [info] > git rev-parse --show-toplevel [6ms]
2023-03-11 15:32:34.716 [info] fatal: not a git repository (or any of the parent directories): .git
2023-03-11 15:32:44.723 [info] > git rev-parse --show-toplevel [8ms]
2023-03-11 15:32:44.723 [info] fatal: not a git repository (or any of the parent directories): .git
2023-03-11 15:33:28.997 [info] > git rev-parse --show-toplevel [14ms]
2023-03-11 15:33:28.997 [info] fatal: not a git repository (or any of the parent directories): .git
2023-03-11 15:33:30.466 [info] > git rev-parse --show-toplevel [4ms]
2023-03-11 15:33:30.466 [info] fatal: not a git repository (or any of the parent directories): .git
2023-03-11 15:34:19.171 [info] > git rev-parse --show-toplevel [13ms]
2023-03-11 15:34:19.172 [info] fatal: not a git repository (or any of the parent directories): .git
2023-03-11 15:34:20.025 [info] > git rev-parse --show-toplevel [14ms]
2023-03-11 15:34:20.026 [info] fatal: not a git repository (or any of the parent directories): .git
2023-03-11 15:34:20.922 [info] > git rev-parse --show-toplevel [10ms]
2023-03-11 15:34:20.923 [info] fatal: not a git repository (or any of the parent directories): .git
2023-03-11 15:34:22.087 [info] > git rev-parse --show-toplevel [6ms]
2023-03-11 15:34:22.087 [info] fatal: not a git repository (or any of the parent directories): .git
2023-03-11 15:34:23.339 [info] > git rev-parse --show-toplevel [7ms]
2023-03-11 15:34:23.339 [info] fatal: not a git repository (or any of the parent directories): .git
2023-03-11 15:34:24.169 [info] > git rev-parse --show-toplevel [7ms]
2023-03-11 15:34:24.169 [info] fatal: not a git repository (or any of the parent directories): .git
2023-03-11 15:34:25.247 [info] > git rev-parse --show-toplevel [6ms]
2023-03-11 15:34:25.247 [info] fatal: not a git repository (or any of the parent directories): .git
2023-03-11 15:34:30.927 [info] > git rev-parse --show-toplevel [4ms]
2023-03-11 15:34:30.927 [info] fatal: not a git repository (or any of the parent directories): .git
2023-03-11 15:35:14.188 [info] > git rev-parse --show-toplevel [15ms]
2023-03-11 15:35:14.188 [info] fatal: not a git repository (or any of the parent directories): .git
2023-03-11 15:35:16.262 [info] > git rev-parse --show-toplevel [12ms]
2023-03-11 15:35:16.262 [info] fatal: not a git repository (or any of the parent directories): .git
2023-03-11 15:35:16.963 [info] > git rev-parse --show-toplevel [10ms]
2023-03-11 15:35:16.964 [info] fatal: not a git repository (or any of the parent directories): .git
2023-03-11 15:35:18.481 [info] > git rev-parse --show-toplevel [12ms]
2023-03-11 15:35:18.482 [info] fatal: not a git repository (or any of the parent directories): .git
2023-03-11 15:35:19.120 [info] > git rev-parse --show-toplevel [3ms]
2023-03-11 15:35:19.120 [info] fatal: not a git repository (or any of the parent directories): .git
2023-03-11 15:36:09.866 [info] > git rev-parse --show-toplevel [15ms]
2023-03-11 15:36:09.866 [info] fatal: not a git repository (or any of the parent directories): .git
2023-03-11 15:36:11.012 [info] > git rev-parse --show-toplevel [9ms]
2023-03-11 15:36:11.014 [info] fatal: not a git repository (or any of the parent directories): .git
2023-03-11 15:37:54.216 [info] > git rev-parse --show-toplevel [39ms]
2023-03-11 15:37:54.216 [info] fatal: not a git repository (or any of the parent directories): .git
2023-03-11 15:38:01.804 [info] > git rev-parse --show-toplevel [11ms]
2023-03-11 15:38:01.804 [info] fatal: not a git repository (or any of the parent directories): .git
2023-03-11 15:38:03.916 [info] > git rev-parse --show-toplevel [15ms]
2023-03-11 15:38:03.920 [info] fatal: not a git repository (or any of the parent directories): .git
2023-03-11 15:38:04.872 [info] > git rev-parse --show-toplevel [13ms]
2023-03-11 15:38:04.872 [info] fatal: not a git repository (or any of the parent directories): .git
2023-03-11 15:38:05.850 [info] > git rev-parse --show-toplevel [7ms]
2023-03-11 15:38:05.850 [info] fatal: not a git repository (or any of the parent directories): .git
2023-03-11 15:43:40.650 [info] > git rev-parse --show-toplevel [6ms]
2023-03-11 15:43:40.650 [info] fatal: not a git repository (or any of the parent directories): .git
2023-03-11 15:43:42.312 [info] > git rev-parse --show-toplevel [10ms]
2023-03-11 15:43:42.313 [info] fatal: not a git repository (or any of the parent directories): .git
2023-03-11 15:44:53.822 [info] > git rev-parse --show-toplevel [7ms]
2023-03-11 15:44:53.822 [info] fatal: not a git repository (or any of the parent directories): .git
2023-03-11 15:45:28.194 [info] > git rev-parse --show-toplevel [14ms]
2023-03-11 15:45:28.195 [info] fatal: not a git repository (or any of the parent directories): .git
2023-03-11 15:47:21.992 [info] > git rev-parse --show-toplevel [6ms]
2023-03-11 15:47:21.992 [info] fatal: not a git repository (or any of the parent directories): .git
2023-03-11 15:47:57.264 [info] > git rev-parse --show-toplevel [6ms]
2023-03-11 15:47:57.265 [info] fatal: not a git repository (or any of the parent directories): .git
2023-03-11 15:48:00.357 [info] > git rev-parse --show-toplevel [5ms]
2023-03-11 15:48:00.358 [info] fatal: not a git repository (or any of the parent directories): .git
2023-03-11 15:48:01.149 [info] > git rev-parse --show-toplevel [12ms]
2023-03-11 15:48:01.150 [info] fatal: not a git repository (or any of the parent directories): .git
2023-03-11 15:48:33.853 [info] > git rev-parse --show-toplevel [9ms]
2023-03-11 15:48:33.854 [info] fatal: not a git repository (or any of the parent directories): .git
2023-03-11 15:48:35.104 [info] > git rev-parse --show-toplevel [8ms]
2023-03-11 15:48:35.104 [info] fatal: not a git repository (or any of the parent directories): .git
2023-03-11 15:56:32.589 [info] > git rev-parse --show-toplevel [8ms]
2023-03-11 15:56:32.590 [info] fatal: not a git repository (or any of the parent directories): .git
2023-03-11 15:56:33.373 [info] > git rev-parse --show-toplevel [10ms]
2023-03-11 15:56:33.373 [info] fatal: not a git repository (or any of the parent directories): .git
2023-03-11 15:56:34.299 [info] > git rev-parse --show-toplevel [9ms]
2023-03-11 15:56:34.300 [info] fatal: not a git repository (or any of the parent directories): .git
2023-03-11 15:56:36.056 [info] > git rev-parse --show-toplevel [62ms]
2023-03-11 15:56:36.056 [info] fatal: not a git repository (or any of the parent directories): .git
2023-03-11 15:56:36.996 [info] > git rev-parse --show-toplevel [6ms]
2023-03-11 15:56:36.996 [info] fatal: not a git repository (or any of the parent directories): .git
2023-03-11 16:04:22.588 [info] > git rev-parse --show-toplevel [18ms]
2023-03-11 16:04:22.589 [info] fatal: not a git repository (or any of the parent directories): .git
2023-03-11 16:04:30.938 [info] > git rev-parse --show-toplevel [4ms]
2023-03-11 16:04:30.939 [info] fatal: not a git repository (or any of the parent directories): .git
2023-03-11 16:18:33.234 [info] > git rev-parse --show-toplevel [4ms]
2023-03-11 16:18:33.234 [info] fatal: not a git repository (or any of the parent directories): .git
2023-03-11 16:18:38.048 [info] > git rev-parse --show-toplevel [12ms]
2023-03-11 16:18:38.049 [info] fatal: not a git repository (or any of the parent directories): .git
2023-03-11 16:37:39.581 [info] > git rev-parse --show-toplevel [6ms]
2023-03-11 16:37:39.581 [info] fatal: not a git repository (or any of the parent directories): .git
2023-03-11 16:37:41.444 [info] > git rev-parse --show-toplevel [4ms]
2023-03-11 16:37:41.445 [info] fatal: not a git repository (or any of the parent directories): .git
2023-03-11 16:38:44.776 [info] > git rev-parse --show-toplevel [9ms]
2023-03-11 16:38:44.777 [info] fatal: not a git repository (or any of the parent directories): .git
2023-03-11 16:38:48.785 [info] > git rev-parse --show-toplevel [3ms]
2023-03-11 16:38:48.785 [info] fatal: not a git repository (or any of the parent directories): .git
2023-03-11 16:50:05.652 [info] > git rev-parse --show-toplevel [12ms]
2023-03-11 16:50:05.652 [info] fatal: not a git repository (or any of the parent directories): .git
2023-03-11 16:50:06.837 [info] > git rev-parse --show-toplevel [16ms]
2023-03-11 16:50:06.837 [info] fatal: not a git repository (or any of the parent directories): .git
2023-03-11 16:51:01.559 [info] > git rev-parse --show-toplevel [28ms]
2023-03-11 16:51:01.559 [info] fatal: not a git repository (or any of the parent directories): .git
2023-03-11 16:55:47.671 [info] > git rev-parse --show-toplevel [19ms]
2023-03-11 16:55:47.671 [info] fatal: not a git repository (or any of the parent directories): .git
2023-03-11 16:56:44.963 [info] > git rev-parse --show-toplevel [12ms]
2023-03-11 16:56:44.963 [info] fatal: not a git repository (or any of the parent directories): .git
2023-03-11 16:56:50.782 [info] > git rev-parse --show-toplevel [27ms]
2023-03-11 16:56:50.782 [info] fatal: not a git repository (or any of the parent directories): .git
2023-03-11 16:57:43.967 [info] > git rev-parse --show-toplevel [71ms]
2023-03-11 16:57:43.967 [info] fatal: not a git repository (or any of the parent directories): .git
2023-03-11 16:57:49.127 [info] > git rev-parse --show-toplevel [18ms]
2023-03-11 16:57:49.127 [info] fatal: not a git repository (or any of the parent directories): .git
2023-03-11 16:57:51.541 [info] > git rev-parse --show-toplevel [12ms]
2023-03-11 16:57:51.541 [info] fatal: not a git repository (or any of the parent directories): .git
2023-03-11 16:58:55.439 [info] > git rev-parse --show-toplevel [10ms]
2023-03-11 16:58:55.439 [info] fatal: not a git repository (or any of the parent directories): .git
2023-03-11 16:59:34.035 [info] > git rev-parse --show-toplevel [8ms]
2023-03-11 16:59:34.035 [info] fatal: not a git repository (or any of the parent directories): .git
2023-03-11 17:02:16.832 [info] > git rev-parse --show-toplevel [6ms]
2023-03-11 17:02:16.833 [info] fatal: not a git repository (or any of the parent directories): .git
2023-03-11 17:05:20.940 [info] > git rev-parse --show-toplevel [7ms]
2023-03-11 17:05:20.940 [info] fatal: not a git repository (or any of the parent directories): .git
2023-03-11 17:09:41.591 [info] > git rev-parse --show-toplevel [10ms]
2023-03-11 17:09:41.592 [info] fatal: not a git repository (or any of the parent directories): .git
2023-03-11 17:09:43.001 [info] > git rev-parse --show-toplevel [7ms]
2023-03-11 17:09:43.001 [info] fatal: not a git repository (or any of the parent directories): .git
2023-03-11 17:09:48.681 [info] > git rev-parse --show-toplevel [10ms]
2023-03-11 17:09:48.681 [info] fatal: not a git repository (or any of the parent directories): .git
2023-03-11 17:10:12.098 [info] > git rev-parse --show-toplevel [7ms]
2023-03-11 17:10:12.098 [info] fatal: not a git repository (or any of the parent directories): .git
2023-03-11 17:10:13.293 [info] > git rev-parse --show-toplevel [30ms]
2023-03-11 17:10:13.293 [info] fatal: not a git repository (or any of the parent directories): .git
2023-03-11 17:10:14.760 [info] > git rev-parse --show-toplevel [8ms]
2023-03-11 17:10:14.760 [info] fatal: not a git repository (or any of the parent directories): .git
2023-03-11 17:19:13.448 [info] > git rev-parse --show-toplevel [13ms]
2023-03-11 17:19:13.449 [info] fatal: not a git repository (or any of the parent directories): .git
2023-03-11 17:20:10.424 [info] > git rev-parse --show-toplevel [47ms]
2023-03-11 17:20:10.424 [info] fatal: not a git repository (or any of the parent directories): .git
2023-03-11 17:20:12.955 [info] > git rev-parse --show-toplevel [8ms]
2023-03-11 17:20:12.955 [info] fatal: not a git repository (or any of the parent directories): .git
2023-03-11 17:21:56.810 [info] > git rev-parse --show-toplevel [15ms]
2023-03-11 17:21:56.810 [info] fatal: not a git repository (or any of the parent directories): .git
