2023-03-13 14:20:10.066 [info] Log level: Info
2023-03-13 14:20:10.066 [info] Validating found git in: "git"
2023-03-13 14:20:10.066 [info] Using git "2.17.1" from "git"
2023-03-13 14:20:10.066 [info] > git rev-parse --show-toplevel [32ms]
2023-03-13 14:20:10.066 [info] fatal: not a git repository (or any of the parent directories): .git
2023-03-13 14:20:10.066 [info] > git rev-parse --show-toplevel [4ms]
2023-03-13 14:20:10.067 [info] fatal: not a git repository (or any of the parent directories): .git
2023-03-13 14:20:10.067 [info] > git rev-parse --show-toplevel [40ms]
2023-03-13 14:20:10.067 [info] fatal: not a git repository (or any of the parent directories): .git
2023-03-13 14:20:10.067 [info] > git rev-parse --show-toplevel [5ms]
2023-03-13 14:20:10.067 [info] fatal: not a git repository (or any of the parent directories): .git
2023-03-13 14:20:10.067 [info] > git rev-parse --show-toplevel [32ms]
2023-03-13 14:20:10.067 [info] fatal: not a git repository (or any of the parent directories): .git
2023-03-13 14:20:10.067 [info] > git rev-parse --show-toplevel [6ms]
2023-03-13 14:20:10.067 [info] fatal: not a git repository (or any of the parent directories): .git
2023-03-13 14:20:10.067 [info] > git rev-parse --show-toplevel [21ms]
2023-03-13 14:20:10.067 [info] fatal: not a git repository (or any of the parent directories): .git
2023-03-13 14:20:10.067 [info] > git rev-parse --show-toplevel [7ms]
2023-03-13 14:20:10.067 [info] fatal: not a git repository (or any of the parent directories): .git
2023-03-13 14:20:10.067 [info] > git rev-parse --show-toplevel [14ms]
2023-03-13 14:20:10.067 [info] fatal: not a git repository (or any of the parent directories): .git
2023-03-13 14:20:10.067 [info] > git rev-parse --show-toplevel [42ms]
2023-03-13 14:20:10.067 [info] fatal: not a git repository (or any of the parent directories): .git
2023-03-13 14:20:10.067 [info] > git rev-parse --show-toplevel [9ms]
2023-03-13 14:20:10.067 [info] fatal: not a git repository (or any of the parent directories): .git
2023-03-13 14:20:10.067 [info] > git rev-parse --show-toplevel [49ms]
2023-03-13 14:20:10.067 [info] fatal: not a git repository (or any of the parent directories): .git
2023-03-13 14:26:43.650 [info] > git rev-parse --show-toplevel [65ms]
2023-03-13 14:26:43.651 [info] fatal: not a git repository (or any of the parent directories): .git
2023-03-13 14:27:11.119 [info] > git rev-parse --show-toplevel [10ms]
2023-03-13 14:27:11.119 [info] fatal: not a git repository (or any of the parent directories): .git
2023-03-13 14:27:23.734 [info] > git rev-parse --show-toplevel [19ms]
2023-03-13 14:27:23.734 [info] fatal: not a git repository (or any of the parent directories): .git
2023-03-13 14:27:27.648 [info] > git rev-parse --show-toplevel [13ms]
2023-03-13 14:27:27.649 [info] fatal: not a git repository (or any of the parent directories): .git
2023-03-13 14:27:33.364 [info] > git rev-parse --show-toplevel [14ms]
2023-03-13 14:27:33.364 [info] fatal: not a git repository (or any of the parent directories): .git
2023-03-13 14:27:46.551 [info] > git rev-parse --show-toplevel [33ms]
2023-03-13 14:27:46.551 [info] fatal: not a git repository (or any of the parent directories): .git
2023-03-13 14:28:47.480 [info] > git rev-parse --show-toplevel [11ms]
2023-03-13 14:28:47.480 [info] fatal: not a git repository (or any of the parent directories): .git
2023-03-13 14:28:49.078 [info] > git rev-parse --show-toplevel [7ms]
2023-03-13 14:28:49.078 [info] fatal: not a git repository (or any of the parent directories): .git
2023-03-13 14:28:49.752 [info] > git rev-parse --show-toplevel [14ms]
2023-03-13 14:28:49.752 [info] fatal: not a git repository (or any of the parent directories): .git
2023-03-13 14:29:00.665 [info] > git rev-parse --show-toplevel [8ms]
2023-03-13 14:29:00.665 [info] fatal: not a git repository (or any of the parent directories): .git
2023-03-13 14:29:38.356 [info] > git rev-parse --show-toplevel [3ms]
2023-03-13 14:29:38.356 [info] fatal: not a git repository (or any of the parent directories): .git
2023-03-13 14:30:56.161 [info] > git rev-parse --show-toplevel [13ms]
2023-03-13 14:30:56.161 [info] fatal: not a git repository (or any of the parent directories): .git
2023-03-13 14:31:24.569 [info] > git rev-parse --show-toplevel [10ms]
2023-03-13 14:31:24.570 [info] fatal: not a git repository (or any of the parent directories): .git
2023-03-13 14:31:25.351 [info] > git rev-parse --show-toplevel [64ms]
2023-03-13 14:31:25.351 [info] fatal: not a git repository (or any of the parent directories): .git
2023-03-13 14:31:28.326 [info] > git rev-parse --show-toplevel [24ms]
2023-03-13 14:31:28.326 [info] fatal: not a git repository (or any of the parent directories): .git
2023-03-13 14:31:36.634 [info] > git rev-parse --show-toplevel [12ms]
2023-03-13 14:31:36.635 [info] fatal: not a git repository (or any of the parent directories): .git
2023-03-13 14:31:43.095 [info] > git rev-parse --show-toplevel [16ms]
2023-03-13 14:31:43.095 [info] fatal: not a git repository (or any of the parent directories): .git
2023-03-13 14:31:44.174 [info] > git rev-parse --show-toplevel [13ms]
2023-03-13 14:31:44.174 [info] fatal: not a git repository (or any of the parent directories): .git
2023-03-13 14:31:44.858 [info] > git rev-parse --show-toplevel [4ms]
2023-03-13 14:31:44.858 [info] fatal: not a git repository (or any of the parent directories): .git
2023-03-13 14:31:47.254 [info] > git rev-parse --show-toplevel [9ms]
2023-03-13 14:31:47.254 [info] fatal: not a git repository (or any of the parent directories): .git
2023-03-13 14:31:48.411 [info] > git rev-parse --show-toplevel [10ms]
2023-03-13 14:31:48.411 [info] fatal: not a git repository (or any of the parent directories): .git
2023-03-13 14:31:49.624 [info] > git rev-parse --show-toplevel [4ms]
2023-03-13 14:31:49.624 [info] fatal: not a git repository (or any of the parent directories): .git
2023-03-13 14:31:52.472 [info] > git rev-parse --show-toplevel [7ms]
2023-03-13 14:31:52.472 [info] fatal: not a git repository (or any of the parent directories): .git
2023-03-13 14:31:53.716 [info] > git rev-parse --show-toplevel [27ms]
2023-03-13 14:31:53.717 [info] fatal: not a git repository (or any of the parent directories): .git
2023-03-13 14:31:55.373 [info] > git rev-parse --show-toplevel [5ms]
2023-03-13 14:31:55.374 [info] fatal: not a git repository (or any of the parent directories): .git
2023-03-13 14:32:54.710 [info] > git rev-parse --show-toplevel [12ms]
2023-03-13 14:32:54.710 [info] fatal: not a git repository (or any of the parent directories): .git
2023-03-13 14:32:56.047 [info] > git rev-parse --show-toplevel [48ms]
2023-03-13 14:32:56.048 [info] fatal: not a git repository (or any of the parent directories): .git
2023-03-13 14:32:56.837 [info] > git rev-parse --show-toplevel [27ms]
2023-03-13 14:32:56.837 [info] fatal: not a git repository (or any of the parent directories): .git
2023-03-13 14:33:04.702 [info] > git rev-parse --show-toplevel [13ms]
2023-03-13 14:33:04.702 [info] fatal: not a git repository (or any of the parent directories): .git
2023-03-13 14:33:05.337 [info] > git rev-parse --show-toplevel [8ms]
2023-03-13 14:33:05.338 [info] fatal: not a git repository (or any of the parent directories): .git
2023-03-13 14:33:42.133 [info] > git rev-parse --show-toplevel [7ms]
2023-03-13 14:33:42.133 [info] fatal: not a git repository (or any of the parent directories): .git
2023-03-13 14:33:47.767 [info] > git rev-parse --show-toplevel [30ms]
2023-03-13 14:33:47.767 [info] fatal: not a git repository (or any of the parent directories): .git
2023-03-13 14:34:00.525 [info] > git rev-parse --show-toplevel [7ms]
2023-03-13 14:34:00.525 [info] fatal: not a git repository (or any of the parent directories): .git
2023-03-13 14:34:19.909 [info] > git rev-parse --show-toplevel [23ms]
2023-03-13 14:34:19.909 [info] fatal: not a git repository (or any of the parent directories): .git
2023-03-13 14:34:21.000 [info] > git rev-parse --show-toplevel [14ms]
2023-03-13 14:34:21.000 [info] fatal: not a git repository (or any of the parent directories): .git
2023-03-13 14:34:52.003 [info] > git rev-parse --show-toplevel [22ms]
2023-03-13 14:34:52.003 [info] fatal: not a git repository (or any of the parent directories): .git
2023-03-13 14:34:56.752 [info] > git rev-parse --show-toplevel [13ms]
2023-03-13 14:34:56.752 [info] fatal: not a git repository (or any of the parent directories): .git
2023-03-13 14:35:03.814 [info] > git rev-parse --show-toplevel [6ms]
2023-03-13 14:35:03.814 [info] fatal: not a git repository (or any of the parent directories): .git
2023-03-13 14:35:05.120 [info] > git rev-parse --show-toplevel [6ms]
2023-03-13 14:35:05.120 [info] fatal: not a git repository (or any of the parent directories): .git
2023-03-13 14:35:28.114 [info] > git rev-parse --show-toplevel [10ms]
2023-03-13 14:35:28.114 [info] fatal: not a git repository (or any of the parent directories): .git
2023-03-13 14:35:28.860 [info] > git rev-parse --show-toplevel [8ms]
2023-03-13 14:35:28.860 [info] fatal: not a git repository (or any of the parent directories): .git
2023-03-13 14:35:50.305 [info] > git rev-parse --show-toplevel [5ms]
2023-03-13 14:35:50.305 [info] fatal: not a git repository (or any of the parent directories): .git
2023-03-13 14:35:51.699 [info] > git rev-parse --show-toplevel [16ms]
2023-03-13 14:35:51.699 [info] fatal: not a git repository (or any of the parent directories): .git
2023-03-13 14:35:52.799 [info] > git rev-parse --show-toplevel [13ms]
2023-03-13 14:35:52.800 [info] fatal: not a git repository (or any of the parent directories): .git
2023-03-13 14:36:05.990 [info] > git rev-parse --show-toplevel [7ms]
2023-03-13 14:36:05.990 [info] fatal: not a git repository (or any of the parent directories): .git
2023-03-13 14:36:07.078 [info] > git rev-parse --show-toplevel [23ms]
2023-03-13 14:36:07.078 [info] fatal: not a git repository (or any of the parent directories): .git
2023-03-13 14:36:08.521 [info] > git rev-parse --show-toplevel [21ms]
2023-03-13 14:36:08.521 [info] fatal: not a git repository (or any of the parent directories): .git
2023-03-13 14:36:09.196 [info] > git rev-parse --show-toplevel [7ms]
2023-03-13 14:36:09.196 [info] fatal: not a git repository (or any of the parent directories): .git
2023-03-13 14:36:13.936 [info] > git rev-parse --show-toplevel [9ms]
2023-03-13 14:36:13.936 [info] fatal: not a git repository (or any of the parent directories): .git
2023-03-13 14:36:15.618 [info] > git rev-parse --show-toplevel [12ms]
2023-03-13 14:36:15.618 [info] fatal: not a git repository (or any of the parent directories): .git
2023-03-13 14:36:44.182 [info] > git rev-parse --show-toplevel [10ms]
2023-03-13 14:36:44.182 [info] fatal: not a git repository (or any of the parent directories): .git
2023-03-13 14:43:04.579 [info] > git rev-parse --show-toplevel [22ms]
2023-03-13 14:43:04.579 [info] fatal: not a git repository (or any of the parent directories): .git
2023-03-13 14:43:07.148 [info] > git rev-parse --show-toplevel [9ms]
2023-03-13 14:43:07.148 [info] fatal: not a git repository (or any of the parent directories): .git
2023-03-13 14:43:12.788 [info] > git rev-parse --show-toplevel [19ms]
2023-03-13 14:43:12.788 [info] fatal: not a git repository (or any of the parent directories): .git
2023-03-13 14:43:14.698 [info] > git rev-parse --show-toplevel [8ms]
2023-03-13 14:43:14.698 [info] fatal: not a git repository (or any of the parent directories): .git
2023-03-13 14:43:19.369 [info] > git rev-parse --show-toplevel [9ms]
2023-03-13 14:43:19.369 [info] fatal: not a git repository (or any of the parent directories): .git
2023-03-13 14:43:25.934 [info] > git rev-parse --show-toplevel [27ms]
2023-03-13 14:43:25.934 [info] fatal: not a git repository (or any of the parent directories): .git
2023-03-13 14:43:29.753 [info] > git rev-parse --show-toplevel [12ms]
2023-03-13 14:43:29.753 [info] fatal: not a git repository (or any of the parent directories): .git
2023-03-13 14:44:12.951 [info] > git rev-parse --show-toplevel [6ms]
2023-03-13 14:44:12.951 [info] fatal: not a git repository (or any of the parent directories): .git
2023-03-13 14:44:16.316 [info] > git rev-parse --show-toplevel [19ms]
2023-03-13 14:44:16.317 [info] fatal: not a git repository (or any of the parent directories): .git
2023-03-13 14:44:18.834 [info] > git rev-parse --show-toplevel [5ms]
2023-03-13 14:44:18.835 [info] fatal: not a git repository (or any of the parent directories): .git
2023-03-13 14:44:25.584 [info] > git rev-parse --show-toplevel [29ms]
2023-03-13 14:44:25.584 [info] fatal: not a git repository (or any of the parent directories): .git
2023-03-13 14:44:29.164 [info] > git rev-parse --show-toplevel [36ms]
2023-03-13 14:44:29.165 [info] fatal: not a git repository (or any of the parent directories): .git
2023-03-13 14:44:57.240 [info] > git rev-parse --show-toplevel [5ms]
2023-03-13 14:44:57.240 [info] fatal: not a git repository (or any of the parent directories): .git
2023-03-13 14:44:59.030 [info] > git rev-parse --show-toplevel [15ms]
2023-03-13 14:44:59.030 [info] fatal: not a git repository (or any of the parent directories): .git
2023-03-13 14:45:02.112 [info] > git rev-parse --show-toplevel [15ms]
2023-03-13 14:45:02.113 [info] fatal: not a git repository (or any of the parent directories): .git
2023-03-13 14:45:09.361 [info] > git rev-parse --show-toplevel [13ms]
2023-03-13 14:45:09.361 [info] fatal: not a git repository (or any of the parent directories): .git
2023-03-13 14:45:10.433 [info] > git rev-parse --show-toplevel [17ms]
2023-03-13 14:45:10.434 [info] fatal: not a git repository (or any of the parent directories): .git
2023-03-13 14:47:14.861 [info] > git rev-parse --show-toplevel [94ms]
2023-03-13 14:47:14.861 [info] fatal: not a git repository (or any of the parent directories): .git
2023-03-13 14:47:20.226 [info] > git rev-parse --show-toplevel [14ms]
2023-03-13 14:47:20.226 [info] fatal: not a git repository (or any of the parent directories): .git
2023-03-13 14:47:30.264 [info] > git rev-parse --show-toplevel [9ms]
2023-03-13 14:47:30.264 [info] fatal: not a git repository (or any of the parent directories): .git
2023-03-13 14:47:31.808 [info] > git rev-parse --show-toplevel [13ms]
2023-03-13 14:47:31.808 [info] fatal: not a git repository (or any of the parent directories): .git
2023-03-13 14:47:35.647 [info] > git rev-parse --show-toplevel [39ms]
2023-03-13 14:47:35.647 [info] fatal: not a git repository (or any of the parent directories): .git
2023-03-13 14:48:31.451 [info] > git rev-parse --show-toplevel [12ms]
2023-03-13 14:48:31.451 [info] fatal: not a git repository (or any of the parent directories): .git
2023-03-13 14:49:54.636 [info] > git rev-parse --show-toplevel [56ms]
2023-03-13 14:49:54.636 [info] fatal: not a git repository (or any of the parent directories): .git
2023-03-13 14:49:55.567 [info] > git rev-parse --show-toplevel [6ms]
2023-03-13 14:49:55.567 [info] fatal: not a git repository (or any of the parent directories): .git
2023-03-13 14:49:56.373 [info] > git rev-parse --show-toplevel [39ms]
2023-03-13 14:49:56.373 [info] fatal: not a git repository (or any of the parent directories): .git
2023-03-13 14:50:04.217 [info] > git rev-parse --show-toplevel [7ms]
2023-03-13 14:50:04.218 [info] fatal: not a git repository (or any of the parent directories): .git
2023-03-13 14:50:05.463 [info] > git rev-parse --show-toplevel [15ms]
2023-03-13 14:50:05.463 [info] fatal: not a git repository (or any of the parent directories): .git
2023-03-13 14:50:06.068 [info] > git rev-parse --show-toplevel [10ms]
2023-03-13 14:50:06.068 [info] fatal: not a git repository (or any of the parent directories): .git
2023-03-13 14:50:45.420 [info] > git rev-parse --show-toplevel [22ms]
2023-03-13 14:50:45.420 [info] fatal: not a git repository (or any of the parent directories): .git
2023-03-13 14:51:15.380 [info] > git rev-parse --show-toplevel [41ms]
2023-03-13 14:51:15.380 [info] fatal: not a git repository (or any of the parent directories): .git
2023-03-13 14:58:04.740 [info] > git rev-parse --show-toplevel [12ms]
2023-03-13 14:58:04.740 [info] fatal: not a git repository (or any of the parent directories): .git
2023-03-13 14:58:30.330 [info] > git rev-parse --show-toplevel [14ms]
2023-03-13 14:58:30.330 [info] fatal: not a git repository (or any of the parent directories): .git
2023-03-13 15:00:36.920 [info] > git rev-parse --show-toplevel [14ms]
2023-03-13 15:00:36.920 [info] fatal: not a git repository (or any of the parent directories): .git
2023-03-13 15:01:03.692 [info] > git rev-parse --show-toplevel [11ms]
2023-03-13 15:01:03.692 [info] fatal: not a git repository (or any of the parent directories): .git
2023-03-13 15:01:04.809 [info] > git rev-parse --show-toplevel [13ms]
2023-03-13 15:01:04.810 [info] fatal: not a git repository (or any of the parent directories): .git
2023-03-13 15:01:08.297 [info] > git rev-parse --show-toplevel [8ms]
2023-03-13 15:01:08.297 [info] fatal: not a git repository (or any of the parent directories): .git
2023-03-13 15:01:53.575 [info] > git rev-parse --show-toplevel [13ms]
2023-03-13 15:01:53.575 [info] fatal: not a git repository (or any of the parent directories): .git
2023-03-13 15:01:53.626 [info] > git rev-parse --show-toplevel [21ms]
2023-03-13 15:01:53.626 [info] fatal: not a git repository (or any of the parent directories): .git
2023-03-13 15:02:03.200 [info] > git rev-parse --show-toplevel [12ms]
2023-03-13 15:02:03.200 [info] fatal: not a git repository (or any of the parent directories): .git
2023-03-13 15:02:55.443 [info] > git rev-parse --show-toplevel [20ms]
2023-03-13 15:02:55.443 [info] fatal: not a git repository (or any of the parent directories): .git
2023-03-13 15:03:05.929 [info] > git rev-parse --show-toplevel [16ms]
2023-03-13 15:03:05.929 [info] fatal: not a git repository (or any of the parent directories): .git
2023-03-13 15:03:06.956 [info] > git rev-parse --show-toplevel [4ms]
2023-03-13 15:03:06.956 [info] fatal: not a git repository (or any of the parent directories): .git
2023-03-13 15:03:07.570 [info] > git rev-parse --show-toplevel [5ms]
2023-03-13 15:03:07.570 [info] fatal: not a git repository (or any of the parent directories): .git
2023-03-13 15:03:24.476 [info] > git rev-parse --show-toplevel [29ms]
2023-03-13 15:03:24.476 [info] fatal: not a git repository (or any of the parent directories): .git
2023-03-13 15:03:24.504 [info] > git rev-parse --show-toplevel [8ms]
2023-03-13 15:03:24.504 [info] fatal: not a git repository (or any of the parent directories): .git
2023-03-13 15:03:26.777 [info] > git rev-parse --show-toplevel [3ms]
2023-03-13 15:03:26.777 [info] fatal: not a git repository (or any of the parent directories): .git
2023-03-13 15:03:27.941 [info] > git rev-parse --show-toplevel [3ms]
2023-03-13 15:03:27.941 [info] fatal: not a git repository (or any of the parent directories): .git
2023-03-13 15:03:42.522 [info] > git rev-parse --show-toplevel [10ms]
2023-03-13 15:03:42.522 [info] fatal: not a git repository (or any of the parent directories): .git
2023-03-13 15:03:43.668 [info] > git rev-parse --show-toplevel [14ms]
2023-03-13 15:03:43.668 [info] fatal: not a git repository (or any of the parent directories): .git
2023-03-13 15:03:45.304 [info] > git rev-parse --show-toplevel [6ms]
2023-03-13 15:03:45.305 [info] fatal: not a git repository (or any of the parent directories): .git
2023-03-13 15:03:46.717 [info] > git rev-parse --show-toplevel [13ms]
2023-03-13 15:03:46.722 [info] fatal: not a git repository (or any of the parent directories): .git
2023-03-13 15:04:20.629 [info] > git rev-parse --show-toplevel [8ms]
2023-03-13 15:04:20.630 [info] fatal: not a git repository (or any of the parent directories): .git
2023-03-13 15:04:21.889 [info] > git rev-parse --show-toplevel [4ms]
2023-03-13 15:04:21.889 [info] fatal: not a git repository (or any of the parent directories): .git
2023-03-13 15:04:24.415 [info] > git rev-parse --show-toplevel [24ms]
2023-03-13 15:04:24.415 [info] fatal: not a git repository (or any of the parent directories): .git
2023-03-13 15:04:29.213 [info] > git rev-parse --show-toplevel [10ms]
2023-03-13 15:04:29.213 [info] fatal: not a git repository (or any of the parent directories): .git
2023-03-13 15:05:24.827 [info] > git rev-parse --show-toplevel [4ms]
2023-03-13 15:05:24.827 [info] fatal: not a git repository (or any of the parent directories): .git
2023-03-13 15:05:56.138 [info] > git rev-parse --show-toplevel [5ms]
2023-03-13 15:05:56.138 [info] fatal: not a git repository (or any of the parent directories): .git
2023-03-13 15:06:44.228 [info] > git rev-parse --show-toplevel [4ms]
2023-03-13 15:06:44.228 [info] fatal: not a git repository (or any of the parent directories): .git
2023-03-13 15:07:00.606 [info] > git rev-parse --show-toplevel [7ms]
2023-03-13 15:07:00.606 [info] fatal: not a git repository (or any of the parent directories): .git
2023-03-13 15:07:16.047 [info] > git rev-parse --show-toplevel [13ms]
2023-03-13 15:07:16.047 [info] fatal: not a git repository (or any of the parent directories): .git
2023-03-13 15:07:23.698 [info] > git rev-parse --show-toplevel [4ms]
2023-03-13 15:07:23.698 [info] fatal: not a git repository (or any of the parent directories): .git
2023-03-13 15:07:30.178 [info] > git rev-parse --show-toplevel [18ms]
2023-03-13 15:07:30.178 [info] fatal: not a git repository (or any of the parent directories): .git
2023-03-13 15:07:35.567 [info] > git rev-parse --show-toplevel [37ms]
2023-03-13 15:07:35.568 [info] fatal: not a git repository (or any of the parent directories): .git
2023-03-13 15:07:47.036 [info] > git rev-parse --show-toplevel [17ms]
2023-03-13 15:07:47.036 [info] fatal: not a git repository (or any of the parent directories): .git
2023-03-13 15:07:49.299 [info] > git rev-parse --show-toplevel [5ms]
2023-03-13 15:07:49.299 [info] fatal: not a git repository (or any of the parent directories): .git
2023-03-13 15:07:57.369 [info] > git rev-parse --show-toplevel [3ms]
2023-03-13 15:07:57.370 [info] fatal: not a git repository (or any of the parent directories): .git
2023-03-13 15:08:13.980 [info] > git rev-parse --show-toplevel [13ms]
2023-03-13 15:08:13.980 [info] fatal: not a git repository (or any of the parent directories): .git
2023-03-13 15:08:22.296 [info] > git rev-parse --show-toplevel [7ms]
2023-03-13 15:08:22.297 [info] fatal: not a git repository (or any of the parent directories): .git
2023-03-13 15:08:22.963 [info] > git rev-parse --show-toplevel [14ms]
2023-03-13 15:08:22.963 [info] fatal: not a git repository (or any of the parent directories): .git
2023-03-13 15:08:35.498 [info] > git rev-parse --show-toplevel [10ms]
2023-03-13 15:08:35.498 [info] fatal: not a git repository (or any of the parent directories): .git
2023-03-13 15:08:37.206 [info] > git rev-parse --show-toplevel [3ms]
2023-03-13 15:08:37.206 [info] fatal: not a git repository (or any of the parent directories): .git
2023-03-13 15:08:56.045 [info] > git rev-parse --show-toplevel [18ms]
2023-03-13 15:08:56.045 [info] fatal: not a git repository (or any of the parent directories): .git
2023-03-13 15:09:01.574 [info] > git rev-parse --show-toplevel [8ms]
2023-03-13 15:09:01.574 [info] fatal: not a git repository (or any of the parent directories): .git
2023-03-13 15:09:03.093 [info] > git rev-parse --show-toplevel [27ms]
2023-03-13 15:09:03.093 [info] fatal: not a git repository (or any of the parent directories): .git
2023-03-13 15:09:05.232 [info] > git rev-parse --show-toplevel [18ms]
2023-03-13 15:09:05.232 [info] fatal: not a git repository (or any of the parent directories): .git
2023-03-13 15:09:27.137 [info] > git rev-parse --show-toplevel [4ms]
2023-03-13 15:09:27.137 [info] fatal: not a git repository (or any of the parent directories): .git
2023-03-13 15:09:27.996 [info] > git rev-parse --show-toplevel [13ms]
2023-03-13 15:09:27.996 [info] fatal: not a git repository (or any of the parent directories): .git
2023-03-13 15:09:42.893 [info] > git rev-parse --show-toplevel [6ms]
2023-03-13 15:09:42.893 [info] fatal: not a git repository (or any of the parent directories): .git
2023-03-13 15:09:45.817 [info] > git rev-parse --show-toplevel [9ms]
2023-03-13 15:09:45.818 [info] fatal: not a git repository (or any of the parent directories): .git
2023-03-13 15:09:48.013 [info] > git rev-parse --show-toplevel [14ms]
2023-03-13 15:09:48.014 [info] fatal: not a git repository (or any of the parent directories): .git
2023-03-13 15:09:51.952 [info] > git rev-parse --show-toplevel [2ms]
2023-03-13 15:09:51.953 [info] fatal: not a git repository (or any of the parent directories): .git
2023-03-13 15:09:55.380 [info] > git rev-parse --show-toplevel [11ms]
2023-03-13 15:09:55.380 [info] fatal: not a git repository (or any of the parent directories): .git
2023-03-13 15:09:56.327 [info] > git rev-parse --show-toplevel [3ms]
2023-03-13 15:09:56.327 [info] fatal: not a git repository (or any of the parent directories): .git
2023-03-13 15:09:57.052 [info] > git rev-parse --show-toplevel [11ms]
2023-03-13 15:09:57.053 [info] fatal: not a git repository (or any of the parent directories): .git
2023-03-13 15:10:01.976 [info] > git rev-parse --show-toplevel [4ms]
2023-03-13 15:10:01.977 [info] fatal: not a git repository (or any of the parent directories): .git
2023-03-13 15:10:05.521 [info] > git rev-parse --show-toplevel [8ms]
2023-03-13 15:10:05.521 [info] fatal: not a git repository (or any of the parent directories): .git
2023-03-13 15:10:14.562 [info] > git rev-parse --show-toplevel [13ms]
2023-03-13 15:10:14.562 [info] fatal: not a git repository (or any of the parent directories): .git
2023-03-13 15:10:15.873 [info] > git rev-parse --show-toplevel [13ms]
2023-03-13 15:10:15.873 [info] fatal: not a git repository (or any of the parent directories): .git
2023-03-13 15:10:37.055 [info] > git rev-parse --show-toplevel [11ms]
2023-03-13 15:10:37.055 [info] fatal: not a git repository (or any of the parent directories): .git
2023-03-13 15:10:38.628 [info] > git rev-parse --show-toplevel [16ms]
2023-03-13 15:10:38.628 [info] fatal: not a git repository (or any of the parent directories): .git
2023-03-13 15:10:59.627 [info] > git rev-parse --show-toplevel [9ms]
2023-03-13 15:10:59.628 [info] fatal: not a git repository (or any of the parent directories): .git
2023-03-13 15:11:01.100 [info] > git rev-parse --show-toplevel [11ms]
2023-03-13 15:11:01.100 [info] fatal: not a git repository (or any of the parent directories): .git
2023-03-13 15:11:04.695 [info] > git rev-parse --show-toplevel [11ms]
2023-03-13 15:11:04.695 [info] fatal: not a git repository (or any of the parent directories): .git
2023-03-13 15:11:06.698 [info] > git rev-parse --show-toplevel [7ms]
2023-03-13 15:11:06.698 [info] fatal: not a git repository (or any of the parent directories): .git
2023-03-13 15:11:32.943 [info] > git rev-parse --show-toplevel [6ms]
2023-03-13 15:11:32.943 [info] fatal: not a git repository (or any of the parent directories): .git
2023-03-13 15:11:57.613 [info] > git rev-parse --show-toplevel [16ms]
2023-03-13 15:11:57.614 [info] fatal: not a git repository (or any of the parent directories): .git
2023-03-13 15:12:00.041 [info] > git rev-parse --show-toplevel [3ms]
2023-03-13 15:12:00.041 [info] fatal: not a git repository (or any of the parent directories): .git
2023-03-13 15:14:16.037 [info] > git rev-parse --show-toplevel [13ms]
2023-03-13 15:14:16.037 [info] fatal: not a git repository (or any of the parent directories): .git
2023-03-13 15:14:18.553 [info] > git rev-parse --show-toplevel [11ms]
2023-03-13 15:14:18.553 [info] fatal: not a git repository (or any of the parent directories): .git
2023-03-13 15:14:18.577 [info] > git rev-parse --show-toplevel [5ms]
2023-03-13 15:14:18.578 [info] fatal: not a git repository (or any of the parent directories): .git
2023-03-13 15:14:20.427 [info] > git rev-parse --show-toplevel [11ms]
2023-03-13 15:14:20.427 [info] fatal: not a git repository (or any of the parent directories): .git
2023-03-13 15:14:20.445 [info] > git rev-parse --show-toplevel [6ms]
2023-03-13 15:14:20.445 [info] fatal: not a git repository (or any of the parent directories): .git
2023-03-13 15:14:25.927 [info] > git rev-parse --show-toplevel [9ms]
2023-03-13 15:14:25.927 [info] fatal: not a git repository (or any of the parent directories): .git
2023-03-13 15:14:36.071 [info] > git rev-parse --show-toplevel [5ms]
2023-03-13 15:14:36.071 [info] fatal: not a git repository (or any of the parent directories): .git
2023-03-13 15:14:40.164 [info] > git rev-parse --show-toplevel [3ms]
2023-03-13 15:14:40.164 [info] fatal: not a git repository (or any of the parent directories): .git
2023-03-13 15:14:41.215 [info] > git rev-parse --show-toplevel [10ms]
2023-03-13 15:14:41.215 [info] fatal: not a git repository (or any of the parent directories): .git
2023-03-13 15:14:45.751 [info] > git rev-parse --show-toplevel [3ms]
2023-03-13 15:14:45.751 [info] fatal: not a git repository (or any of the parent directories): .git
2023-03-13 15:14:49.406 [info] > git rev-parse --show-toplevel [12ms]
2023-03-13 15:14:49.406 [info] fatal: not a git repository (or any of the parent directories): .git
2023-03-13 15:18:56.878 [info] > git rev-parse --show-toplevel [10ms]
2023-03-13 15:18:56.878 [info] fatal: not a git repository (or any of the parent directories): .git
2023-03-13 15:19:14.551 [info] > git rev-parse --show-toplevel [13ms]
2023-03-13 15:19:14.551 [info] fatal: not a git repository (or any of the parent directories): .git
2023-03-13 15:19:18.639 [info] > git rev-parse --show-toplevel [12ms]
2023-03-13 15:19:18.639 [info] fatal: not a git repository (or any of the parent directories): .git
2023-03-13 15:19:22.990 [info] > git rev-parse --show-toplevel [14ms]
2023-03-13 15:19:22.990 [info] fatal: not a git repository (or any of the parent directories): .git
2023-03-13 15:19:40.705 [info] > git rev-parse --show-toplevel [12ms]
2023-03-13 15:19:40.705 [info] fatal: not a git repository (or any of the parent directories): .git
2023-03-13 15:19:41.415 [info] > git rev-parse --show-toplevel [8ms]
2023-03-13 15:19:41.415 [info] fatal: not a git repository (or any of the parent directories): .git
2023-03-13 15:20:07.605 [info] > git rev-parse --show-toplevel [28ms]
2023-03-13 15:20:07.606 [info] fatal: not a git repository (or any of the parent directories): .git
2023-03-13 15:20:11.208 [info] > git rev-parse --show-toplevel [10ms]
2023-03-13 15:20:11.208 [info] fatal: not a git repository (or any of the parent directories): .git
2023-03-13 15:20:41.368 [info] > git rev-parse --show-toplevel [6ms]
2023-03-13 15:20:41.368 [info] fatal: not a git repository (or any of the parent directories): .git
2023-03-13 15:21:27.940 [info] > git rev-parse --show-toplevel [4ms]
2023-03-13 15:21:27.940 [info] fatal: not a git repository (or any of the parent directories): .git
2023-03-13 15:22:27.566 [info] > git rev-parse --show-toplevel [22ms]
2023-03-13 15:22:27.566 [info] fatal: not a git repository (or any of the parent directories): .git
2023-03-13 15:22:30.033 [info] > git rev-parse --show-toplevel [3ms]
2023-03-13 15:22:30.033 [info] fatal: not a git repository (or any of the parent directories): .git
2023-03-13 15:22:31.023 [info] > git rev-parse --show-toplevel [18ms]
2023-03-13 15:22:31.023 [info] fatal: not a git repository (or any of the parent directories): .git
2023-03-13 15:22:33.535 [info] > git rev-parse --show-toplevel [24ms]
2023-03-13 15:22:33.536 [info] fatal: not a git repository (or any of the parent directories): .git
2023-03-13 15:22:34.723 [info] > git rev-parse --show-toplevel [5ms]
2023-03-13 15:22:34.723 [info] fatal: not a git repository (or any of the parent directories): .git
2023-03-13 15:22:39.433 [info] > git rev-parse --show-toplevel [13ms]
2023-03-13 15:22:39.433 [info] fatal: not a git repository (or any of the parent directories): .git
2023-03-13 15:22:40.756 [info] > git rev-parse --show-toplevel [5ms]
2023-03-13 15:22:40.756 [info] fatal: not a git repository (or any of the parent directories): .git
2023-03-13 15:22:44.101 [info] > git rev-parse --show-toplevel [17ms]
2023-03-13 15:22:44.101 [info] fatal: not a git repository (or any of the parent directories): .git
2023-03-13 15:22:45.748 [info] > git rev-parse --show-toplevel [15ms]
2023-03-13 15:22:45.748 [info] fatal: not a git repository (or any of the parent directories): .git
2023-03-13 15:23:01.611 [info] > git rev-parse --show-toplevel [7ms]
2023-03-13 15:23:01.612 [info] fatal: not a git repository (or any of the parent directories): .git
2023-03-13 15:23:01.631 [info] > git rev-parse --show-toplevel [2ms]
2023-03-13 15:23:01.631 [info] fatal: not a git repository (or any of the parent directories): .git
2023-03-13 15:23:03.479 [info] > git rev-parse --show-toplevel [1ms]
2023-03-13 15:23:03.479 [info] fatal: not a git repository (or any of the parent directories): .git
2023-03-13 15:23:05.079 [info] > git rev-parse --show-toplevel [16ms]
2023-03-13 15:23:05.081 [info] fatal: not a git repository (or any of the parent directories): .git
2023-03-13 15:23:32.925 [info] > git rev-parse --show-toplevel [5ms]
2023-03-13 15:23:32.925 [info] fatal: not a git repository (or any of the parent directories): .git
2023-03-13 15:23:34.652 [info] > git rev-parse --show-toplevel [6ms]
2023-03-13 15:23:34.652 [info] fatal: not a git repository (or any of the parent directories): .git
2023-03-13 15:23:36.304 [info] > git rev-parse --show-toplevel [19ms]
2023-03-13 15:23:36.304 [info] fatal: not a git repository (or any of the parent directories): .git
2023-03-13 15:25:12.711 [info] > git rev-parse --show-toplevel [10ms]
2023-03-13 15:25:12.711 [info] fatal: not a git repository (or any of the parent directories): .git
2023-03-13 15:25:25.942 [info] > git rev-parse --show-toplevel [22ms]
2023-03-13 15:25:25.942 [info] fatal: not a git repository (or any of the parent directories): .git
2023-03-13 15:26:08.769 [info] > git rev-parse --show-toplevel [16ms]
2023-03-13 15:26:08.769 [info] fatal: not a git repository (or any of the parent directories): .git
2023-03-13 15:27:35.606 [info] > git rev-parse --show-toplevel [20ms]
2023-03-13 15:27:35.606 [info] fatal: not a git repository (or any of the parent directories): .git
2023-03-13 15:27:45.816 [info] > git rev-parse --show-toplevel [5ms]
2023-03-13 15:27:45.817 [info] fatal: not a git repository (or any of the parent directories): .git
2023-03-13 15:27:48.012 [info] > git rev-parse --show-toplevel [11ms]
2023-03-13 15:27:48.012 [info] fatal: not a git repository (or any of the parent directories): .git
2023-03-13 15:27:49.390 [info] > git rev-parse --show-toplevel [8ms]
2023-03-13 15:27:49.390 [info] fatal: not a git repository (or any of the parent directories): .git
2023-03-13 15:27:50.934 [info] > git rev-parse --show-toplevel [7ms]
2023-03-13 15:27:50.935 [info] fatal: not a git repository (or any of the parent directories): .git
2023-03-13 15:27:52.466 [info] > git rev-parse --show-toplevel [16ms]
2023-03-13 15:27:52.466 [info] fatal: not a git repository (or any of the parent directories): .git
2023-03-13 15:28:37.231 [info] > git rev-parse --show-toplevel [6ms]
2023-03-13 15:28:37.231 [info] fatal: not a git repository (or any of the parent directories): .git
2023-03-13 15:28:39.063 [info] > git rev-parse --show-toplevel [7ms]
2023-03-13 15:28:39.063 [info] fatal: not a git repository (or any of the parent directories): .git
2023-03-13 15:28:40.245 [info] > git rev-parse --show-toplevel [17ms]
2023-03-13 15:28:40.245 [info] fatal: not a git repository (or any of the parent directories): .git
2023-03-13 15:28:41.193 [info] > git rev-parse --show-toplevel [13ms]
2023-03-13 15:28:41.193 [info] fatal: not a git repository (or any of the parent directories): .git
2023-03-13 15:28:41.745 [info] > git rev-parse --show-toplevel [5ms]
2023-03-13 15:28:41.745 [info] fatal: not a git repository (or any of the parent directories): .git
2023-03-13 15:28:57.303 [info] > git rev-parse --show-toplevel [23ms]
2023-03-13 15:28:57.303 [info] fatal: not a git repository (or any of the parent directories): .git
2023-03-13 15:28:58.751 [info] > git rev-parse --show-toplevel [10ms]
2023-03-13 15:28:58.751 [info] fatal: not a git repository (or any of the parent directories): .git
2023-03-13 15:30:20.891 [info] > git rev-parse --show-toplevel [17ms]
2023-03-13 15:30:20.891 [info] fatal: not a git repository (or any of the parent directories): .git
2023-03-13 15:30:22.050 [info] > git rev-parse --show-toplevel [7ms]
2023-03-13 15:30:22.050 [info] fatal: not a git repository (or any of the parent directories): .git
2023-03-13 15:30:22.603 [info] > git rev-parse --show-toplevel [13ms]
2023-03-13 15:30:22.603 [info] fatal: not a git repository (or any of the parent directories): .git
2023-03-13 15:30:23.442 [info] > git rev-parse --show-toplevel [4ms]
2023-03-13 15:30:23.442 [info] fatal: not a git repository (or any of the parent directories): .git
2023-03-13 15:30:24.193 [info] > git rev-parse --show-toplevel [48ms]
2023-03-13 15:30:24.193 [info] fatal: not a git repository (or any of the parent directories): .git
2023-03-13 15:30:27.297 [info] > git rev-parse --show-toplevel [11ms]
2023-03-13 15:30:27.297 [info] fatal: not a git repository (or any of the parent directories): .git
2023-03-13 15:30:28.465 [info] > git rev-parse --show-toplevel [7ms]
2023-03-13 15:30:28.465 [info] fatal: not a git repository (or any of the parent directories): .git
2023-03-13 15:30:29.883 [info] > git rev-parse --show-toplevel [10ms]
2023-03-13 15:30:29.883 [info] fatal: not a git repository (or any of the parent directories): .git
2023-03-13 15:30:31.956 [info] > git rev-parse --show-toplevel [48ms]
2023-03-13 15:30:31.956 [info] fatal: not a git repository (or any of the parent directories): .git
2023-03-13 15:30:34.212 [info] > git rev-parse --show-toplevel [13ms]
2023-03-13 15:30:34.212 [info] fatal: not a git repository (or any of the parent directories): .git
2023-03-13 15:30:36.445 [info] > git rev-parse --show-toplevel [6ms]
2023-03-13 15:30:36.445 [info] fatal: not a git repository (or any of the parent directories): .git
2023-03-13 15:30:48.424 [info] > git rev-parse --show-toplevel [3ms]
2023-03-13 15:30:48.424 [info] fatal: not a git repository (or any of the parent directories): .git
2023-03-13 15:30:48.446 [info] > git rev-parse --show-toplevel [5ms]
2023-03-13 15:30:48.446 [info] fatal: not a git repository (or any of the parent directories): .git
2023-03-13 15:30:49.319 [info] > git rev-parse --show-toplevel [6ms]
2023-03-13 15:30:49.319 [info] fatal: not a git repository (or any of the parent directories): .git
2023-03-13 15:31:03.353 [info] > git rev-parse --show-toplevel [3ms]
2023-03-13 15:31:03.353 [info] fatal: not a git repository (or any of the parent directories): .git
2023-03-13 15:31:24.618 [info] > git rev-parse --show-toplevel [13ms]
2023-03-13 15:31:24.618 [info] fatal: not a git repository (or any of the parent directories): .git
2023-03-13 15:31:24.637 [info] > git rev-parse --show-toplevel [6ms]
2023-03-13 15:31:24.637 [info] fatal: not a git repository (or any of the parent directories): .git
2023-03-13 15:31:36.411 [info] > git rev-parse --show-toplevel [6ms]
2023-03-13 15:31:36.411 [info] fatal: not a git repository (or any of the parent directories): .git
2023-03-13 15:31:36.513 [info] > git rev-parse --show-toplevel [19ms]
2023-03-13 15:31:36.513 [info] fatal: not a git repository (or any of the parent directories): .git
2023-03-13 15:33:22.806 [info] > git rev-parse --show-toplevel [6ms]
2023-03-13 15:33:22.807 [info] fatal: not a git repository (or any of the parent directories): .git
2023-03-13 15:35:00.361 [info] > git rev-parse --show-toplevel [18ms]
2023-03-13 15:35:00.363 [info] fatal: not a git repository (or any of the parent directories): .git
2023-03-13 15:46:08.083 [info] > git rev-parse --show-toplevel [5ms]
2023-03-13 15:46:08.083 [info] fatal: not a git repository (or any of the parent directories): .git
2023-03-13 15:46:08.492 [info] > git rev-parse --show-toplevel [12ms]
2023-03-13 15:46:08.492 [info] fatal: not a git repository (or any of the parent directories): .git
2023-03-13 15:48:19.019 [info] > git rev-parse --show-toplevel [7ms]
2023-03-13 15:48:19.019 [info] fatal: not a git repository (or any of the parent directories): .git
2023-03-13 15:54:27.617 [info] > git rev-parse --show-toplevel [28ms]
2023-03-13 15:54:27.618 [info] fatal: not a git repository (or any of the parent directories): .git
2023-03-13 16:38:53.573 [info] > git rev-parse --show-toplevel [12ms]
2023-03-13 16:38:53.574 [info] fatal: not a git repository (or any of the parent directories): .git
2023-03-13 16:39:11.375 [info] > git rev-parse --show-toplevel [3ms]
2023-03-13 16:39:11.375 [info] fatal: not a git repository (or any of the parent directories): .git
2023-03-13 16:39:11.396 [info] > git rev-parse --show-toplevel [5ms]
2023-03-13 16:39:11.397 [info] fatal: not a git repository (or any of the parent directories): .git
2023-03-13 16:39:14.532 [info] > git rev-parse --show-toplevel [3ms]
2023-03-13 16:39:14.533 [info] fatal: not a git repository (or any of the parent directories): .git
2023-03-13 16:39:14.554 [info] > git rev-parse --show-toplevel [2ms]
2023-03-13 16:39:14.555 [info] fatal: not a git repository (or any of the parent directories): .git
2023-03-13 16:39:15.545 [info] > git rev-parse --show-toplevel [11ms]
2023-03-13 16:39:15.545 [info] fatal: not a git repository (or any of the parent directories): .git
2023-03-13 16:39:31.389 [info] > git rev-parse --show-toplevel [16ms]
2023-03-13 16:39:31.389 [info] fatal: not a git repository (or any of the parent directories): .git
2023-03-13 16:45:18.919 [info] > git rev-parse --show-toplevel [18ms]
2023-03-13 16:45:18.919 [info] fatal: not a git repository (or any of the parent directories): .git
2023-03-13 16:46:52.024 [info] > git rev-parse --show-toplevel [13ms]
2023-03-13 16:46:52.024 [info] fatal: not a git repository (or any of the parent directories): .git
