2023-03-31 07:16:51.333 [info] Extension host with pid 16974 started
2023-03-31 07:16:51.391 [info] Lock '/home/longvu/.vscode-server/data/User/workspaceStorage/bb374153be6c64e0c7d2584e96dee820/vscode.lock': Lock acquired.
2023-03-31 07:16:51.519 [info] ExtensionService#_doActivateExtension ms-vscode.cpptools, startup: false, activationEvent: 'onLanguage:cpp'
2023-03-31 07:16:51.521 [info] ExtensionService#_doActivateExtension vscode.emmet, startup: false, activationEvent: 'onLanguage'
2023-03-31 07:16:52.673 [info] ExtensionService#_doActivateExtension vscode.git-base, startup: true, activationEvent: '*', root cause: vscode.git
2023-03-31 07:16:53.119 [info] ExtensionService#_doActivateExtension vscode.git, startup: true, activationEvent: '*'
2023-03-31 07:16:53.120 [info] ExtensionService#_doActivateExtension vscode.github, startup: true, activationEvent: '*'
2023-03-31 07:16:54.731 [info] ExtensionService#_doActivateExtension vscode.configuration-editing, startup: false, activationEvent: 'onLanguage:json'
2023-03-31 07:16:54.731 [info] ExtensionService#_doActivateExtension vscode.extension-editing, startup: false, activationEvent: 'onLanguage:json'
2023-03-31 07:16:54.733 [info] ExtensionService#_doActivateExtension vscode.json-language-features, startup: false, activationEvent: 'onLanguage:json'
2023-03-31 07:16:54.734 [info] ExtensionService#_doActivateExtension vscode.npm, startup: false, activationEvent: 'onLanguage:json'
2023-03-31 07:16:55.122 [info] Eager extensions activated
2023-03-31 07:16:55.122 [info] ExtensionService#_doActivateExtension vscode.debug-auto-launch, startup: false, activationEvent: 'onStartupFinished'
2023-03-31 07:16:55.123 [info] ExtensionService#_doActivateExtension vscode.merge-conflict, startup: false, activationEvent: 'onStartupFinished'
2023-03-31 07:16:56.668 [warning] [Decorations] CAPPING events from decorations provider vscode.git 17616
2023-03-31 07:17:00.654 [info] ExtensionService#_doActivateExtension vscode.typescript-language-features, startup: false, activationEvent: 'onLanguage:jsonc'
2023-03-31 07:17:08.826 [warning] [Decorations] CAPPING events from decorations provider vscode.git 17617
2023-03-31 07:17:23.087 [warning] DiagnosticCollection with name 'C/C++' does already exist.
2023-03-31 07:17:25.119 [warning] [Decorations] CAPPING events from decorations provider vscode.git 17620
2023-03-31 07:17:31.167 [warning] [Decorations] CAPPING events from decorations provider vscode.git 17620
2023-03-31 07:17:37.182 [warning] [Decorations] CAPPING events from decorations provider vscode.git 17620
2023-03-31 07:17:43.333 [warning] [Decorations] CAPPING events from decorations provider vscode.git 17620
2023-03-31 07:17:49.680 [warning] [Decorations] CAPPING events from decorations provider vscode.git 17621
2023-03-31 07:17:55.938 [warning] [Decorations] CAPPING events from decorations provider vscode.git 17626
2023-03-31 07:18:02.048 [warning] [Decorations] CAPPING events from decorations provider vscode.git 17626
2023-03-31 07:18:08.120 [warning] [Decorations] CAPPING events from decorations provider vscode.git 17629
2023-03-31 07:18:14.264 [warning] [Decorations] CAPPING events from decorations provider vscode.git 17629
2023-03-31 07:18:20.392 [warning] [Decorations] CAPPING events from decorations provider vscode.git 17629
2023-03-31 07:18:26.575 [warning] [Decorations] CAPPING events from decorations provider vscode.git 17629
2023-03-31 07:18:32.726 [warning] [Decorations] CAPPING events from decorations provider vscode.git 17629
2023-03-31 07:18:38.871 [warning] [Decorations] CAPPING events from decorations provider vscode.git 17629
2023-03-31 07:18:59.041 [warning] [Decorations] CAPPING events from decorations provider vscode.git 17629
2023-03-31 07:19:05.101 [warning] [Decorations] CAPPING events from decorations provider vscode.git 17629
2023-03-31 07:19:11.344 [warning] [Decorations] CAPPING events from decorations provider vscode.git 17629
2023-03-31 07:19:17.599 [warning] [Decorations] CAPPING events from decorations provider vscode.git 17632
2023-03-31 07:19:23.857 [warning] [Decorations] CAPPING events from decorations provider vscode.git 17632
2023-03-31 07:19:30.010 [warning] [Decorations] CAPPING events from decorations provider vscode.git 17632
2023-03-31 07:19:36.232 [warning] [Decorations] CAPPING events from decorations provider vscode.git 17632
2023-03-31 07:19:42.703 [warning] [Decorations] CAPPING events from decorations provider vscode.git 17635
2023-03-31 07:19:49.095 [warning] [Decorations] CAPPING events from decorations provider vscode.git 17635
2023-03-31 07:19:55.312 [warning] [Decorations] CAPPING events from decorations provider vscode.git 17635
2023-03-31 07:20:01.812 [warning] [Decorations] CAPPING events from decorations provider vscode.git 17635
2023-03-31 07:20:08.015 [warning] [Decorations] CAPPING events from decorations provider vscode.git 17635
2023-03-31 07:20:14.539 [warning] [Decorations] CAPPING events from decorations provider vscode.git 17638
2023-03-31 07:20:20.898 [warning] [Decorations] CAPPING events from decorations provider vscode.git 17638
2023-03-31 07:20:27.311 [warning] [Decorations] CAPPING events from decorations provider vscode.git 17638
2023-03-31 07:20:33.476 [warning] [Decorations] CAPPING events from decorations provider vscode.git 17638
2023-03-31 07:20:39.739 [warning] [Decorations] CAPPING events from decorations provider vscode.git 17638
2023-03-31 07:20:45.996 [warning] [Decorations] CAPPING events from decorations provider vscode.git 17638
2023-03-31 07:20:52.126 [warning] [Decorations] CAPPING events from decorations provider vscode.git 17638
2023-03-31 07:20:58.312 [warning] [Decorations] CAPPING events from decorations provider vscode.git 17638
2023-03-31 07:21:04.664 [warning] [Decorations] CAPPING events from decorations provider vscode.git 17638
2023-03-31 07:21:10.922 [warning] [Decorations] CAPPING events from decorations provider vscode.git 17638
2023-03-31 07:21:17.097 [warning] [Decorations] CAPPING events from decorations provider vscode.git 17638
2023-03-31 07:21:28.183 [warning] [Decorations] CAPPING events from decorations provider vscode.git 17638
2023-03-31 07:21:34.919 [warning] [Decorations] CAPPING events from decorations provider vscode.git 17638
2023-03-31 07:21:41.197 [warning] [Decorations] CAPPING events from decorations provider vscode.git 17643
2023-03-31 07:21:47.739 [warning] [Decorations] CAPPING events from decorations provider vscode.git 17643
2023-03-31 07:21:53.991 [warning] [Decorations] CAPPING events from decorations provider vscode.git 17643
2023-03-31 07:22:00.184 [warning] [Decorations] CAPPING events from decorations provider vscode.git 17643
2023-03-31 07:22:06.378 [warning] [Decorations] CAPPING events from decorations provider vscode.git 17643
2023-03-31 07:22:12.767 [warning] [Decorations] CAPPING events from decorations provider vscode.git 17643
2023-03-31 07:22:19.118 [warning] [Decorations] CAPPING events from decorations provider vscode.git 17643
2023-03-31 07:22:25.371 [warning] [Decorations] CAPPING events from decorations provider vscode.git 17646
2023-03-31 07:22:31.453 [warning] [Decorations] CAPPING events from decorations provider vscode.git 17646
2023-03-31 07:22:37.741 [warning] [Decorations] CAPPING events from decorations provider vscode.git 17647
2023-03-31 07:22:44.045 [warning] [Decorations] CAPPING events from decorations provider vscode.git 17648
2023-03-31 07:22:50.353 [warning] [Decorations] CAPPING events from decorations provider vscode.git 17647
2023-03-31 07:22:56.823 [warning] [Decorations] CAPPING events from decorations provider vscode.git 17648
2023-03-31 07:23:03.265 [warning] [Decorations] CAPPING events from decorations provider vscode.git 17648
2023-03-31 07:23:09.807 [warning] [Decorations] CAPPING events from decorations provider vscode.git 17647
2023-03-31 07:23:16.365 [warning] [Decorations] CAPPING events from decorations provider vscode.git 17647
2023-03-31 07:23:23.174 [warning] [Decorations] CAPPING events from decorations provider vscode.git 17647
2023-03-31 07:23:29.461 [warning] [Decorations] CAPPING events from decorations provider vscode.git 17647
2023-03-31 07:23:35.851 [warning] [Decorations] CAPPING events from decorations provider vscode.git 17647
2023-03-31 07:23:42.052 [warning] [Decorations] CAPPING events from decorations provider vscode.git 17647
2023-03-31 07:23:48.241 [warning] [Decorations] CAPPING events from decorations provider vscode.git 17647
2023-03-31 07:23:54.423 [warning] [Decorations] CAPPING events from decorations provider vscode.git 17647
2023-03-31 07:24:00.680 [warning] [Decorations] CAPPING events from decorations provider vscode.git 17647
2023-03-31 07:24:07.117 [warning] [Decorations] CAPPING events from decorations provider vscode.git 17647
2023-03-31 07:24:13.335 [warning] [Decorations] CAPPING events from decorations provider vscode.git 17647
2023-03-31 07:24:19.529 [warning] [Decorations] CAPPING events from decorations provider vscode.git 17647
2023-03-31 07:24:25.835 [warning] [Decorations] CAPPING events from decorations provider vscode.git 17650
2023-03-31 07:24:32.112 [warning] [Decorations] CAPPING events from decorations provider vscode.git 17650
2023-03-31 07:24:38.558 [warning] [Decorations] CAPPING events from decorations provider vscode.git 17650
2023-03-31 07:24:45.154 [warning] [Decorations] CAPPING events from decorations provider vscode.git 17650
2023-03-31 07:24:51.639 [warning] [Decorations] CAPPING events from decorations provider vscode.git 17650
2023-03-31 07:24:57.915 [warning] [Decorations] CAPPING events from decorations provider vscode.git 17650
2023-03-31 07:25:04.159 [warning] [Decorations] CAPPING events from decorations provider vscode.git 17653
2023-03-31 07:25:10.414 [warning] [Decorations] CAPPING events from decorations provider vscode.git 17653
2023-03-31 07:25:16.662 [warning] [Decorations] CAPPING events from decorations provider vscode.git 17653
2023-03-31 07:25:22.981 [warning] [Decorations] CAPPING events from decorations provider vscode.git 17654
2023-03-31 07:25:29.241 [warning] [Decorations] CAPPING events from decorations provider vscode.git 17656
2023-03-31 07:25:35.547 [warning] [Decorations] CAPPING events from decorations provider vscode.git 17656
2023-03-31 07:25:41.651 [warning] [Decorations] CAPPING events from decorations provider vscode.git 17656
2023-03-31 07:25:47.874 [warning] [Decorations] CAPPING events from decorations provider vscode.git 17656
2023-03-31 07:25:54.155 [warning] [Decorations] CAPPING events from decorations provider vscode.git 17656
2023-03-31 07:26:00.731 [warning] [Decorations] CAPPING events from decorations provider vscode.git 17656
2023-03-31 07:26:06.961 [warning] [Decorations] CAPPING events from decorations provider vscode.git 17656
2023-03-31 07:26:13.676 [warning] [Decorations] CAPPING events from decorations provider vscode.git 17656
2023-03-31 07:26:20.230 [warning] [Decorations] CAPPING events from decorations provider vscode.git 17656
2023-03-31 07:26:26.475 [warning] [Decorations] CAPPING events from decorations provider vscode.git 17656
2023-03-31 07:26:32.724 [warning] [Decorations] CAPPING events from decorations provider vscode.git 17656
2023-03-31 07:26:38.908 [warning] [Decorations] CAPPING events from decorations provider vscode.git 17656
2023-03-31 07:26:45.120 [warning] [Decorations] CAPPING events from decorations provider vscode.git 17656
2023-03-31 07:27:21.116 [warning] [Decorations] CAPPING events from decorations provider vscode.git 17656
2023-03-31 07:27:27.283 [warning] [Decorations] CAPPING events from decorations provider vscode.git 17656
2023-03-31 07:27:33.789 [warning] [Decorations] CAPPING events from decorations provider vscode.git 17656
2023-03-31 07:27:40.138 [warning] [Decorations] CAPPING events from decorations provider vscode.git 17659
2023-03-31 07:27:46.510 [warning] [Decorations] CAPPING events from decorations provider vscode.git 17659
2023-03-31 07:27:52.785 [warning] [Decorations] CAPPING events from decorations provider vscode.git 17659
2023-03-31 07:27:59.041 [warning] [Decorations] CAPPING events from decorations provider vscode.git 17659
2023-03-31 07:28:05.381 [warning] [Decorations] CAPPING events from decorations provider vscode.git 17662
2023-03-31 07:28:11.575 [warning] [Decorations] CAPPING events from decorations provider vscode.git 17662
2023-03-31 07:28:17.790 [warning] [Decorations] CAPPING events from decorations provider vscode.git 17662
2023-03-31 07:28:23.974 [warning] [Decorations] CAPPING events from decorations provider vscode.git 17662
2023-03-31 07:28:30.214 [warning] [Decorations] CAPPING events from decorations provider vscode.git 17662
2023-03-31 07:28:36.440 [warning] [Decorations] CAPPING events from decorations provider vscode.git 17662
2023-03-31 07:28:42.763 [warning] [Decorations] CAPPING events from decorations provider vscode.git 17662
2023-03-31 07:28:48.994 [warning] [Decorations] CAPPING events from decorations provider vscode.git 17662
2023-03-31 07:28:55.260 [warning] [Decorations] CAPPING events from decorations provider vscode.git 17662
2023-03-31 07:29:01.532 [warning] [Decorations] CAPPING events from decorations provider vscode.git 17662
2023-03-31 07:29:07.807 [warning] [Decorations] CAPPING events from decorations provider vscode.git 17662
2023-03-31 07:29:14.059 [warning] [Decorations] CAPPING events from decorations provider vscode.git 17662
2023-03-31 07:29:20.487 [warning] [Decorations] CAPPING events from decorations provider vscode.git 17665
2023-03-31 07:29:26.704 [warning] [Decorations] CAPPING events from decorations provider vscode.git 17665
2023-03-31 07:29:35.675 [warning] [Decorations] CAPPING events from decorations provider vscode.git 17665
2023-03-31 07:29:41.947 [warning] [Decorations] CAPPING events from decorations provider vscode.git 17665
2023-03-31 07:29:47.975 [warning] [Decorations] CAPPING events from decorations provider vscode.git 17665
2023-03-31 07:29:54.353 [warning] [Decorations] CAPPING events from decorations provider vscode.git 17666
2023-03-31 07:30:00.575 [warning] [Decorations] CAPPING events from decorations provider vscode.git 17668
2023-03-31 07:30:06.737 [warning] [Decorations] CAPPING events from decorations provider vscode.git 17668
2023-03-31 07:30:13.027 [warning] [Decorations] CAPPING events from decorations provider vscode.git 17668
2023-03-31 07:30:19.251 [warning] [Decorations] CAPPING events from decorations provider vscode.git 17668
2023-03-31 07:30:25.500 [warning] [Decorations] CAPPING events from decorations provider vscode.git 17668
2023-03-31 07:30:31.750 [warning] [Decorations] CAPPING events from decorations provider vscode.git 17668
2023-03-31 07:30:38.089 [warning] [Decorations] CAPPING events from decorations provider vscode.git 17668
2023-03-31 07:30:44.321 [warning] [Decorations] CAPPING events from decorations provider vscode.git 17671
2023-03-31 07:30:50.530 [warning] [Decorations] CAPPING events from decorations provider vscode.git 17671
2023-03-31 07:30:57.060 [warning] [Decorations] CAPPING events from decorations provider vscode.git 17671
2023-03-31 07:31:03.482 [warning] [Decorations] CAPPING events from decorations provider vscode.git 17671
2023-03-31 07:31:09.720 [warning] [Decorations] CAPPING events from decorations provider vscode.git 17671
2023-03-31 07:31:15.957 [warning] [Decorations] CAPPING events from decorations provider vscode.git 17672
2023-03-31 07:31:22.201 [warning] [Decorations] CAPPING events from decorations provider vscode.git 17672
2023-03-31 07:31:28.523 [warning] [Decorations] CAPPING events from decorations provider vscode.git 17672
2023-03-31 07:31:34.920 [warning] [Decorations] CAPPING events from decorations provider vscode.git 17672
2023-03-31 07:31:41.263 [warning] [Decorations] CAPPING events from decorations provider vscode.git 17672
2023-03-31 07:31:47.650 [warning] [Decorations] CAPPING events from decorations provider vscode.git 17672
2023-03-31 07:31:53.890 [warning] [Decorations] CAPPING events from decorations provider vscode.git 17672
2023-03-31 07:32:00.261 [warning] [Decorations] CAPPING events from decorations provider vscode.git 17675
2023-03-31 07:32:06.567 [warning] [Decorations] CAPPING events from decorations provider vscode.git 17675
2023-03-31 07:32:12.893 [warning] [Decorations] CAPPING events from decorations provider vscode.git 17675
2023-03-31 07:32:19.113 [warning] [Decorations] CAPPING events from decorations provider vscode.git 17675
2023-03-31 07:32:25.480 [warning] [Decorations] CAPPING events from decorations provider vscode.git 17678
2023-03-31 07:32:31.823 [warning] [Decorations] CAPPING events from decorations provider vscode.git 17678
2023-03-31 07:32:38.106 [warning] [Decorations] CAPPING events from decorations provider vscode.git 17678
2023-03-31 07:32:44.398 [warning] [Decorations] CAPPING events from decorations provider vscode.git 17681
2023-03-31 07:32:50.819 [warning] [Decorations] CAPPING events from decorations provider vscode.git 17681
2023-03-31 07:32:57.195 [warning] [Decorations] CAPPING events from decorations provider vscode.git 17681
2023-03-31 07:32:59.240 [error] Error: read ECONNRESET
	at TLSWrap.onStreamRead (node:internal/stream_base_commons:217:20)
2023-03-31 07:33:03.440 [warning] [Decorations] CAPPING events from decorations provider vscode.git 17681
2023-03-31 07:33:09.686 [warning] [Decorations] CAPPING events from decorations provider vscode.git 17684
2023-03-31 07:33:15.958 [warning] [Decorations] CAPPING events from decorations provider vscode.git 17684
2023-03-31 07:33:22.312 [warning] [Decorations] CAPPING events from decorations provider vscode.git 17684
2023-03-31 07:33:28.522 [warning] [Decorations] CAPPING events from decorations provider vscode.git 17684
2023-03-31 07:33:34.858 [warning] [Decorations] CAPPING events from decorations provider vscode.git 17684
2023-03-31 07:33:41.417 [warning] [Decorations] CAPPING events from decorations provider vscode.git 17687
2023-03-31 07:33:47.647 [warning] [Decorations] CAPPING events from decorations provider vscode.git 17687
2023-03-31 07:33:53.877 [warning] [Decorations] CAPPING events from decorations provider vscode.git 17687
2023-03-31 07:34:00.051 [warning] [Decorations] CAPPING events from decorations provider vscode.git 17690
2023-03-31 07:34:06.240 [warning] [Decorations] CAPPING events from decorations provider vscode.git 17690
2023-03-31 07:34:12.310 [warning] [Decorations] CAPPING events from decorations provider vscode.git 17691
2023-03-31 07:34:18.470 [warning] [Decorations] CAPPING events from decorations provider vscode.git 17691
2023-03-31 07:34:24.653 [warning] [Decorations] CAPPING events from decorations provider vscode.git 17691
2023-03-31 07:34:30.918 [warning] [Decorations] CAPPING events from decorations provider vscode.git 17691
2023-03-31 07:34:37.458 [warning] [Decorations] CAPPING events from decorations provider vscode.git 17692
2023-03-31 07:34:43.805 [warning] [Decorations] CAPPING events from decorations provider vscode.git 17692
2023-03-31 07:34:50.155 [warning] [Decorations] CAPPING events from decorations provider vscode.git 17692
2023-03-31 07:34:56.423 [warning] [Decorations] CAPPING events from decorations provider vscode.git 17692
2023-03-31 07:35:02.893 [warning] [Decorations] CAPPING events from decorations provider vscode.git 17692
2023-03-31 07:35:09.122 [warning] [Decorations] CAPPING events from decorations provider vscode.git 17692
2023-03-31 07:35:15.348 [warning] [Decorations] CAPPING events from decorations provider vscode.git 17692
2023-03-31 07:35:21.719 [warning] [Decorations] CAPPING events from decorations provider vscode.git 17695
2023-03-31 07:35:27.997 [warning] [Decorations] CAPPING events from decorations provider vscode.git 17695
2023-03-31 07:35:34.306 [warning] [Decorations] CAPPING events from decorations provider vscode.git 17698
2023-03-31 07:35:40.538 [warning] [Decorations] CAPPING events from decorations provider vscode.git 17698
2023-03-31 07:35:46.789 [warning] [Decorations] CAPPING events from decorations provider vscode.git 17699
2023-03-31 07:35:53.395 [warning] [Decorations] CAPPING events from decorations provider vscode.git 17699
2023-03-31 07:35:59.668 [warning] [Decorations] CAPPING events from decorations provider vscode.git 17700
2023-03-31 07:36:05.888 [warning] [Decorations] CAPPING events from decorations provider vscode.git 17700
2023-03-31 07:36:12.175 [warning] [Decorations] CAPPING events from decorations provider vscode.git 17701
2023-03-31 07:36:18.507 [warning] [Decorations] CAPPING events from decorations provider vscode.git 17701
2023-03-31 07:36:25.056 [warning] [Decorations] CAPPING events from decorations provider vscode.git 17701
2023-03-31 07:36:31.310 [warning] [Decorations] CAPPING events from decorations provider vscode.git 17701
2023-03-31 07:36:37.557 [warning] [Decorations] CAPPING events from decorations provider vscode.git 17702
2023-03-31 07:36:43.769 [warning] [Decorations] CAPPING events from decorations provider vscode.git 17702
2023-03-31 07:36:50.303 [warning] [Decorations] CAPPING events from decorations provider vscode.git 17702
2023-03-31 07:36:56.530 [warning] [Decorations] CAPPING events from decorations provider vscode.git 17703
2023-03-31 07:37:02.797 [warning] [Decorations] CAPPING events from decorations provider vscode.git 17703
2023-03-31 07:37:09.086 [warning] [Decorations] CAPPING events from decorations provider vscode.git 17703
2023-03-31 07:37:15.311 [warning] [Decorations] CAPPING events from decorations provider vscode.git 17703
2023-03-31 07:37:21.493 [warning] [Decorations] CAPPING events from decorations provider vscode.git 17704
2023-03-31 07:37:27.722 [warning] [Decorations] CAPPING events from decorations provider vscode.git 17704
2023-03-31 07:37:33.976 [warning] [Decorations] CAPPING events from decorations provider vscode.git 17704
2023-03-31 07:37:40.245 [warning] [Decorations] CAPPING events from decorations provider vscode.git 17706
2023-03-31 07:37:46.298 [warning] [Decorations] CAPPING events from decorations provider vscode.git 17706
2023-03-31 07:37:52.506 [warning] [Decorations] CAPPING events from decorations provider vscode.git 17706
2023-03-31 07:37:58.996 [warning] [Decorations] CAPPING events from decorations provider vscode.git 17706
2023-03-31 07:38:05.348 [warning] [Decorations] CAPPING events from decorations provider vscode.git 17706
2023-03-31 07:38:11.679 [warning] [Decorations] CAPPING events from decorations provider vscode.git 17706
2023-03-31 07:38:18.038 [warning] [Decorations] CAPPING events from decorations provider vscode.git 17709
2023-03-31 07:38:24.304 [warning] [Decorations] CAPPING events from decorations provider vscode.git 17709
2023-03-31 07:38:30.641 [warning] [Decorations] CAPPING events from decorations provider vscode.git 17712
2023-03-31 07:38:36.924 [warning] [Decorations] CAPPING events from decorations provider vscode.git 17715
2023-03-31 07:38:43.327 [warning] [Decorations] CAPPING events from decorations provider vscode.git 17715
2023-03-31 07:38:49.631 [warning] [Decorations] CAPPING events from decorations provider vscode.git 17715
2023-03-31 07:38:55.720 [warning] [Decorations] CAPPING events from decorations provider vscode.git 17715
2023-03-31 07:39:02.006 [warning] [Decorations] CAPPING events from decorations provider vscode.git 17715
2023-03-31 07:39:08.211 [warning] [Decorations] CAPPING events from decorations provider vscode.git 17718
2023-03-31 07:39:14.475 [warning] [Decorations] CAPPING events from decorations provider vscode.git 17718
2023-03-31 07:39:20.696 [warning] [Decorations] CAPPING events from decorations provider vscode.git 17718
2023-03-31 07:39:26.926 [warning] [Decorations] CAPPING events from decorations provider vscode.git 17718
2023-03-31 07:39:33.224 [warning] [Decorations] CAPPING events from decorations provider vscode.git 17718
2023-03-31 07:39:39.707 [warning] [Decorations] CAPPING events from decorations provider vscode.git 17718
2023-03-31 07:39:45.942 [warning] [Decorations] CAPPING events from decorations provider vscode.git 17718
2023-03-31 07:39:52.106 [warning] [Decorations] CAPPING events from decorations provider vscode.git 17719
2023-03-31 07:39:58.146 [warning] [Decorations] CAPPING events from decorations provider vscode.git 17719
2023-03-31 07:40:04.235 [warning] [Decorations] CAPPING events from decorations provider vscode.git 17719
2023-03-31 07:40:10.761 [warning] [Decorations] CAPPING events from decorations provider vscode.git 17719
2023-03-31 07:40:17.267 [warning] [Decorations] CAPPING events from decorations provider vscode.git 17719
