2023-03-25 02:32:51.349 [info] Log level: Info
2023-03-25 02:32:51.349 [info] Validating found git in: "git"
2023-03-25 02:32:51.349 [info] Using git "2.17.1" from "git"
2023-03-25 02:32:51.349 [info] > git rev-parse --show-toplevel [28ms]
2023-03-25 02:32:51.349 [info] > git rev-parse --git-dir --git-common-dir [16ms]
2023-03-25 02:32:51.349 [info] Open repository: /home/longvu
2023-03-25 02:32:51.349 [info] > git config --get commit.template [41ms]
2023-03-25 02:32:51.349 [info] > git rev-parse --show-toplevel [59ms]
2023-03-25 02:32:51.349 [info] > git rev-parse --show-toplevel [91ms]
2023-03-25 02:32:51.349 [info] > git rev-parse --show-toplevel [26ms]
2023-03-25 02:32:51.349 [info] > git for-each-ref --format=%(refname)%00%(upstream:short)%00%(objectname)%00%(upstream:track)%00%(upstream:remotename)%00%(upstream:remoteref) refs/heads/main refs/remotes/main [93ms]
2023-03-25 02:32:51.349 [info] > git rev-parse --show-toplevel [25ms]
2023-03-25 02:32:51.349 [info] > git rev-parse --show-toplevel [19ms]
2023-03-25 02:32:51.349 [info] > git rev-parse --show-toplevel [11ms]
2023-03-25 02:32:51.349 [info] > git rev-parse --show-toplevel [6ms]
2023-03-25 02:32:51.349 [info] > git rev-parse --show-toplevel [9ms]
2023-03-25 02:32:53.902 [info] > git fetch [3227ms]
2023-03-25 02:32:53.905 [info] Missing or invalid credentials.
Skip silent fetch commands
Missing or invalid credentials.
Skip silent fetch commands
remote: Repository not found.
fatal: Authentication failed for 'https://github.com/TrinhLongVu/nachos.git/'
2023-03-25 02:32:54.014 [info] > git status -z -uall [3040ms] (cancelled)
2023-03-25 02:32:54.014 [info] > git check-ignore -v -z --stdin [209ms]
2023-03-25 02:32:54.047 [info] > git config --get commit.template [34ms]
2023-03-25 02:32:54.047 [info] > git config --get commit.template [55ms]
2023-03-25 02:32:54.140 [info] > git for-each-ref --format=%(refname)%00%(upstream:short)%00%(objectname)%00%(upstream:track)%00%(upstream:remotename)%00%(upstream:remoteref) refs/heads/main refs/remotes/main [44ms]
2023-03-25 02:32:54.150 [info] > git for-each-ref --format=%(refname)%00%(upstream:short)%00%(objectname)%00%(upstream:track)%00%(upstream:remotename)%00%(upstream:remoteref) refs/heads/main refs/remotes/main [64ms]
2023-03-25 02:32:54.888 [info] > git show --textconv :newNachos/nachos/NachOS-4.0/code/filesys/openfile.h [169ms]
2023-03-25 02:32:54.894 [info] > git ls-files --stage -- /home/longvu/newNachos/nachos/NachOS-4.0/code/filesys/openfile.h [155ms]
2023-03-25 02:32:54.975 [info] > git cat-file -s 28724766c1ca7d974b86daf3970dcd11c0e5e07e [59ms]
2023-03-25 02:32:55.869 [info] > git status -z -uall [1721ms]
2023-03-25 02:33:19.158 [info] > git config --get commit.template [21ms]
2023-03-25 02:33:19.162 [info] > git for-each-ref --format=%(refname)%00%(upstream:short)%00%(objectname)%00%(upstream:track)%00%(upstream:remotename)%00%(upstream:remoteref) refs/heads/main refs/remotes/main [6ms]
2023-03-25 02:33:19.734 [info] > git status -z -uall [563ms]
2023-03-25 02:33:24.804 [info] > git config --get commit.template [11ms]
2023-03-25 02:33:24.808 [info] > git for-each-ref --format=%(refname)%00%(upstream:short)%00%(objectname)%00%(upstream:track)%00%(upstream:remotename)%00%(upstream:remoteref) refs/heads/main refs/remotes/main [6ms]
2023-03-25 02:33:25.286 [info] > git status -z -uall [471ms]
2023-03-25 02:33:30.329 [info] > git config --get commit.template [12ms]
2023-03-25 02:33:30.330 [info] > git for-each-ref --format=%(refname)%00%(upstream:short)%00%(objectname)%00%(upstream:track)%00%(upstream:remotename)%00%(upstream:remoteref) refs/heads/main refs/remotes/main [2ms]
2023-03-25 02:33:30.754 [info] > git status -z -uall [416ms]
2023-03-25 02:33:31.897 [info] > git show --textconv :newNachos/nachos/NachOS-4.0/code/test/Makefile [86ms]
2023-03-25 02:33:31.915 [info] > git ls-files --stage -- /home/longvu/newNachos/nachos/NachOS-4.0/code/test/Makefile [56ms]
2023-03-25 02:33:31.930 [info] > git check-ignore -v -z --stdin [35ms]
2023-03-25 02:33:31.936 [info] > git cat-file -s 020d40f1e041de851a44eb310c4deba91a4f2ad7 [7ms]
2023-03-25 02:33:32.750 [info] > git ls-files --stage -- /home/longvu/newNachos/nachos/NachOS-4.0/code/userprog/syscall.h [31ms]
2023-03-25 02:33:32.828 [info] > git show --textconv :newNachos/nachos/NachOS-4.0/code/userprog/syscall.h [141ms]
2023-03-25 02:33:32.829 [info] > git cat-file -s 4f626958b54b622c9e4c33ef9f89ffab53e795a0 [51ms]
2023-03-25 02:33:32.927 [info] > git check-ignore -v -z --stdin [111ms]
2023-03-25 02:33:34.504 [info] > git check-ignore -v -z --stdin [18ms]
2023-03-25 02:33:35.788 [info] > git config --get commit.template [2ms]
2023-03-25 02:33:35.798 [info] > git for-each-ref --format=%(refname)%00%(upstream:short)%00%(objectname)%00%(upstream:track)%00%(upstream:remotename)%00%(upstream:remoteref) refs/heads/main refs/remotes/main [4ms]
2023-03-25 02:33:36.162 [info] > git status -z -uall [357ms]
2023-03-25 02:33:41.217 [info] > git config --get commit.template [11ms]
2023-03-25 02:33:41.220 [info] > git for-each-ref --format=%(refname)%00%(upstream:short)%00%(objectname)%00%(upstream:track)%00%(upstream:remotename)%00%(upstream:remoteref) refs/heads/main refs/remotes/main [4ms]
2023-03-25 02:33:41.608 [info] > git status -z -uall [381ms]
2023-03-25 02:33:46.661 [info] > git for-each-ref --format=%(refname)%00%(upstream:short)%00%(objectname)%00%(upstream:track)%00%(upstream:remotename)%00%(upstream:remoteref) refs/heads/main refs/remotes/main [6ms]
2023-03-25 02:33:46.662 [info] > git config --get commit.template [17ms]
2023-03-25 02:33:47.023 [info] > git status -z -uall [354ms]
2023-03-25 02:33:52.055 [info] > git config --get commit.template [10ms]
2023-03-25 02:33:52.064 [info] > git for-each-ref --format=%(refname)%00%(upstream:short)%00%(objectname)%00%(upstream:track)%00%(upstream:remotename)%00%(upstream:remoteref) refs/heads/main refs/remotes/main [10ms]
2023-03-25 02:33:52.435 [info] > git status -z -uall [365ms]
2023-03-25 02:33:57.484 [info] > git config --get commit.template [12ms]
2023-03-25 02:33:57.488 [info] > git for-each-ref --format=%(refname)%00%(upstream:short)%00%(objectname)%00%(upstream:track)%00%(upstream:remotename)%00%(upstream:remoteref) refs/heads/main refs/remotes/main [6ms]
2023-03-25 02:33:57.875 [info] > git status -z -uall [379ms]
2023-03-25 02:34:02.930 [info] > git config --get commit.template [20ms]
2023-03-25 02:34:02.932 [info] > git for-each-ref --format=%(refname)%00%(upstream:short)%00%(objectname)%00%(upstream:track)%00%(upstream:remotename)%00%(upstream:remoteref) refs/heads/main refs/remotes/main [11ms]
2023-03-25 02:34:03.309 [info] > git status -z -uall [368ms]
2023-03-25 02:36:03.608 [info] > git config --get commit.template [10ms]
2023-03-25 02:36:03.614 [info] > git for-each-ref --format=%(refname)%00%(upstream:short)%00%(objectname)%00%(upstream:track)%00%(upstream:remotename)%00%(upstream:remoteref) refs/heads/main refs/remotes/main [9ms]
2023-03-25 02:36:03.983 [info] > git status -z -uall [358ms]
2023-03-25 02:44:58.332 [info] > git config --get commit.template [4ms]
2023-03-25 02:44:58.345 [info] > git for-each-ref --format=%(refname)%00%(upstream:short)%00%(objectname)%00%(upstream:track)%00%(upstream:remotename)%00%(upstream:remoteref) refs/heads/main refs/remotes/main [1ms]
2023-03-25 02:44:58.719 [info] > git status -z -uall [365ms]
2023-03-25 02:45:02.499 [info] > git check-ignore -v -z --stdin [17ms]
2023-03-25 02:45:03.754 [info] > git config --get commit.template [9ms]
2023-03-25 02:45:03.756 [info] > git for-each-ref --format=%(refname)%00%(upstream:short)%00%(objectname)%00%(upstream:track)%00%(upstream:remotename)%00%(upstream:remoteref) refs/heads/main refs/remotes/main [3ms]
2023-03-25 02:45:04.114 [info] > git check-ignore -v -z --stdin [12ms]
2023-03-25 02:45:04.130 [info] > git status -z -uall [366ms]
2023-03-25 02:45:07.045 [info] > git show --textconv :newNachos/nachos/NachOS-4.0/code/userprog/exception.cc [25ms]
2023-03-25 02:45:07.068 [info] > git ls-files --stage -- /home/longvu/newNachos/nachos/NachOS-4.0/code/userprog/exception.cc [28ms]
2023-03-25 02:45:07.080 [info] > git cat-file -s 1baa2bd0207ce584442830d0b3109d504d49206d [4ms]
2023-03-25 02:45:09.176 [info] > git config --get commit.template [13ms]
2023-03-25 02:45:09.177 [info] > git for-each-ref --format=%(refname)%00%(upstream:short)%00%(objectname)%00%(upstream:track)%00%(upstream:remotename)%00%(upstream:remoteref) refs/heads/main refs/remotes/main [3ms]
2023-03-25 02:45:09.558 [info] > git status -z -uall [374ms]
2023-03-25 02:45:14.602 [info] > git config --get commit.template [11ms]
2023-03-25 02:45:14.604 [info] > git for-each-ref --format=%(refname)%00%(upstream:short)%00%(objectname)%00%(upstream:track)%00%(upstream:remotename)%00%(upstream:remoteref) refs/heads/main refs/remotes/main [3ms]
2023-03-25 02:45:15.018 [info] > git status -z -uall [401ms]
2023-03-25 02:45:20.050 [info] > git config --get commit.template [10ms]
2023-03-25 02:45:20.050 [info] > git for-each-ref --format=%(refname)%00%(upstream:short)%00%(objectname)%00%(upstream:track)%00%(upstream:remotename)%00%(upstream:remoteref) refs/heads/main refs/remotes/main [2ms]
2023-03-25 02:45:20.439 [info] > git status -z -uall [379ms]
2023-03-25 02:45:25.511 [info] > git config --get commit.template [17ms]
2023-03-25 02:45:25.513 [info] > git for-each-ref --format=%(refname)%00%(upstream:short)%00%(objectname)%00%(upstream:track)%00%(upstream:remotename)%00%(upstream:remoteref) refs/heads/main refs/remotes/main [5ms]
2023-03-25 02:45:25.838 [info] > git status -z -uall [312ms]
2023-03-25 02:45:44.480 [info] > git config --get commit.template [16ms]
2023-03-25 02:45:44.482 [info] > git for-each-ref --format=%(refname)%00%(upstream:short)%00%(objectname)%00%(upstream:track)%00%(upstream:remotename)%00%(upstream:remoteref) refs/heads/main refs/remotes/main [4ms]
2023-03-25 02:45:44.843 [info] > git status -z -uall [348ms]
2023-03-25 03:05:44.536 [info] > git config --get commit.template [17ms]
2023-03-25 03:05:44.537 [info] > git for-each-ref --format=%(refname)%00%(upstream:short)%00%(objectname)%00%(upstream:track)%00%(upstream:remotename)%00%(upstream:remoteref) refs/heads/main refs/remotes/main [4ms]
2023-03-25 03:05:45.099 [info] > git status -z -uall [550ms]
2023-03-25 03:05:48.996 [info] > git show --textconv :newNachos/nachos/NachOS-4.0/code/threads/main.cc [30ms]
2023-03-25 03:05:49.010 [info] > git ls-files --stage -- /home/longvu/newNachos/nachos/NachOS-4.0/code/threads/main.cc [16ms]
2023-03-25 03:05:49.022 [info] > git cat-file -s 1c9a84d0204a21d770dc1f3bd983dc8000b07de3 [4ms]
2023-03-25 03:05:49.409 [info] > git check-ignore -v -z --stdin [14ms]
2023-03-25 03:05:50.159 [info] > git config --get commit.template [16ms]
2023-03-25 03:05:50.160 [info] > git for-each-ref --format=%(refname)%00%(upstream:short)%00%(objectname)%00%(upstream:track)%00%(upstream:remotename)%00%(upstream:remoteref) refs/heads/main refs/remotes/main [2ms]
2023-03-25 03:05:50.669 [info] > git status -z -uall [494ms]
2023-03-25 03:05:55.704 [info] > git config --get commit.template [10ms]
2023-03-25 03:05:55.709 [info] > git for-each-ref --format=%(refname)%00%(upstream:short)%00%(objectname)%00%(upstream:track)%00%(upstream:remotename)%00%(upstream:remoteref) refs/heads/main refs/remotes/main [6ms]
2023-03-25 03:05:56.149 [info] > git status -z -uall [431ms]
2023-03-25 03:06:01.172 [info] > git config --get commit.template [2ms]
2023-03-25 03:06:01.185 [info] > git for-each-ref --format=%(refname)%00%(upstream:short)%00%(objectname)%00%(upstream:track)%00%(upstream:remotename)%00%(upstream:remoteref) refs/heads/main refs/remotes/main [4ms]
2023-03-25 03:06:01.700 [info] > git status -z -uall [504ms]
2023-03-25 03:06:06.783 [info] > git config --get commit.template [28ms]
2023-03-25 03:06:06.786 [info] > git for-each-ref --format=%(refname)%00%(upstream:short)%00%(objectname)%00%(upstream:track)%00%(upstream:remotename)%00%(upstream:remoteref) refs/heads/main refs/remotes/main [6ms]
2023-03-25 03:06:07.252 [info] > git status -z -uall [454ms]
2023-03-25 03:06:12.321 [info] > git config --get commit.template [16ms]
2023-03-25 03:06:12.327 [info] > git for-each-ref --format=%(refname)%00%(upstream:short)%00%(objectname)%00%(upstream:track)%00%(upstream:remotename)%00%(upstream:remoteref) refs/heads/main refs/remotes/main [8ms]
2023-03-25 03:06:12.772 [info] > git status -z -uall [435ms]
2023-03-25 03:06:17.831 [info] > git config --get commit.template [20ms]
2023-03-25 03:06:17.832 [info] > git for-each-ref --format=%(refname)%00%(upstream:short)%00%(objectname)%00%(upstream:track)%00%(upstream:remotename)%00%(upstream:remoteref) refs/heads/main refs/remotes/main [3ms]
2023-03-25 03:06:18.255 [info] > git status -z -uall [414ms]
2023-03-25 03:06:23.317 [info] > git config --get commit.template [22ms]
2023-03-25 03:06:23.320 [info] > git for-each-ref --format=%(refname)%00%(upstream:short)%00%(objectname)%00%(upstream:track)%00%(upstream:remotename)%00%(upstream:remoteref) refs/heads/main refs/remotes/main [4ms]
2023-03-25 03:06:23.754 [info] > git status -z -uall [423ms]
2023-03-25 03:06:28.814 [info] > git config --get commit.template [8ms]
2023-03-25 03:06:28.847 [info] > git for-each-ref --format=%(refname)%00%(upstream:short)%00%(objectname)%00%(upstream:track)%00%(upstream:remotename)%00%(upstream:remoteref) refs/heads/main refs/remotes/main [19ms]
2023-03-25 03:06:29.278 [info] > git status -z -uall [420ms]
2023-03-25 03:06:34.347 [info] > git config --get commit.template [25ms]
2023-03-25 03:06:34.349 [info] > git for-each-ref --format=%(refname)%00%(upstream:short)%00%(objectname)%00%(upstream:track)%00%(upstream:remotename)%00%(upstream:remoteref) refs/heads/main refs/remotes/main [4ms]
2023-03-25 03:06:34.788 [info] > git status -z -uall [425ms]
2023-03-25 03:06:39.848 [info] > git config --get commit.template [9ms]
2023-03-25 03:06:39.867 [info] > git for-each-ref --format=%(refname)%00%(upstream:short)%00%(objectname)%00%(upstream:track)%00%(upstream:remotename)%00%(upstream:remoteref) refs/heads/main refs/remotes/main [2ms]
2023-03-25 03:06:40.299 [info] > git status -z -uall [419ms]
2023-03-25 03:06:45.365 [info] > git config --get commit.template [24ms]
2023-03-25 03:06:45.367 [info] > git for-each-ref --format=%(refname)%00%(upstream:short)%00%(objectname)%00%(upstream:track)%00%(upstream:remotename)%00%(upstream:remoteref) refs/heads/main refs/remotes/main [7ms]
2023-03-25 03:06:45.810 [info] > git status -z -uall [428ms]
2023-03-25 03:06:50.877 [info] > git config --get commit.template [18ms]
2023-03-25 03:06:50.878 [info] > git for-each-ref --format=%(refname)%00%(upstream:short)%00%(objectname)%00%(upstream:track)%00%(upstream:remotename)%00%(upstream:remoteref) refs/heads/main refs/remotes/main [2ms]
2023-03-25 03:06:51.301 [info] > git status -z -uall [412ms]
2023-03-25 03:06:56.383 [info] > git config --get commit.template [36ms]
2023-03-25 03:06:56.384 [info] > git for-each-ref --format=%(refname)%00%(upstream:short)%00%(objectname)%00%(upstream:track)%00%(upstream:remotename)%00%(upstream:remoteref) refs/heads/main refs/remotes/main [4ms]
2023-03-25 03:06:56.834 [info] > git status -z -uall [436ms]
2023-03-25 03:07:01.908 [info] > git config --get commit.template [27ms]
2023-03-25 03:07:01.909 [info] > git for-each-ref --format=%(refname)%00%(upstream:short)%00%(objectname)%00%(upstream:track)%00%(upstream:remotename)%00%(upstream:remoteref) refs/heads/main refs/remotes/main [2ms]
2023-03-25 03:07:02.339 [info] > git status -z -uall [419ms]
2023-03-25 03:07:07.403 [info] > git config --get commit.template [20ms]
2023-03-25 03:07:07.405 [info] > git for-each-ref --format=%(refname)%00%(upstream:short)%00%(objectname)%00%(upstream:track)%00%(upstream:remotename)%00%(upstream:remoteref) refs/heads/main refs/remotes/main [4ms]
2023-03-25 03:07:07.827 [info] > git status -z -uall [412ms]
2023-03-25 03:07:12.903 [info] > git config --get commit.template [27ms]
2023-03-25 03:07:12.905 [info] > git for-each-ref --format=%(refname)%00%(upstream:short)%00%(objectname)%00%(upstream:track)%00%(upstream:remotename)%00%(upstream:remoteref) refs/heads/main refs/remotes/main [4ms]
2023-03-25 03:07:13.337 [info] > git status -z -uall [420ms]
2023-03-25 03:07:18.401 [info] > git config --get commit.template [20ms]
2023-03-25 03:07:18.402 [info] > git for-each-ref --format=%(refname)%00%(upstream:short)%00%(objectname)%00%(upstream:track)%00%(upstream:remotename)%00%(upstream:remoteref) refs/heads/main refs/remotes/main [3ms]
2023-03-25 03:07:18.826 [info] > git status -z -uall [416ms]
2023-03-25 03:07:23.854 [info] > git config --get commit.template [1ms]
2023-03-25 03:07:23.866 [info] > git for-each-ref --format=%(refname)%00%(upstream:short)%00%(objectname)%00%(upstream:track)%00%(upstream:remotename)%00%(upstream:remoteref) refs/heads/main refs/remotes/main [3ms]
2023-03-25 03:07:24.354 [info] > git status -z -uall [479ms]
2023-03-25 03:07:29.416 [info] > git config --get commit.template [25ms]
2023-03-25 03:07:29.418 [info] > git for-each-ref --format=%(refname)%00%(upstream:short)%00%(objectname)%00%(upstream:track)%00%(upstream:remotename)%00%(upstream:remoteref) refs/heads/main refs/remotes/main [3ms]
2023-03-25 03:07:29.865 [info] > git status -z -uall [434ms]
2023-03-25 03:07:34.941 [info] > git config --get commit.template [27ms]
2023-03-25 03:07:34.944 [info] > git for-each-ref --format=%(refname)%00%(upstream:short)%00%(objectname)%00%(upstream:track)%00%(upstream:remotename)%00%(upstream:remoteref) refs/heads/main refs/remotes/main [4ms]
2023-03-25 03:07:35.391 [info] > git status -z -uall [433ms]
2023-03-25 03:07:40.464 [info] > git config --get commit.template [21ms]
2023-03-25 03:07:40.465 [info] > git for-each-ref --format=%(refname)%00%(upstream:short)%00%(objectname)%00%(upstream:track)%00%(upstream:remotename)%00%(upstream:remoteref) refs/heads/main refs/remotes/main [3ms]
2023-03-25 03:07:40.960 [info] > git status -z -uall [484ms]
2023-03-25 03:07:45.993 [info] > git config --get commit.template [10ms]
2023-03-25 03:07:45.994 [info] > git for-each-ref --format=%(refname)%00%(upstream:short)%00%(objectname)%00%(upstream:track)%00%(upstream:remotename)%00%(upstream:remoteref) refs/heads/main refs/remotes/main [1ms]
2023-03-25 03:07:46.412 [info] > git status -z -uall [412ms]
2023-03-25 03:07:51.476 [info] > git config --get commit.template [23ms]
2023-03-25 03:07:51.477 [info] > git for-each-ref --format=%(refname)%00%(upstream:short)%00%(objectname)%00%(upstream:track)%00%(upstream:remotename)%00%(upstream:remoteref) refs/heads/main refs/remotes/main [3ms]
2023-03-25 03:07:51.941 [info] > git status -z -uall [451ms]
2023-03-25 03:07:53.078 [info] > git show --textconv :newNachos/nachos/NachOS-4.0/code/userprog/addrspace.cc [33ms]
2023-03-25 03:07:53.083 [info] > git ls-files --stage -- /home/longvu/newNachos/nachos/NachOS-4.0/code/userprog/addrspace.cc [21ms]
2023-03-25 03:07:53.098 [info] > git cat-file -s 47ca2b5e4cc6c72d8456d4fd8c2dc26af0d44217 [5ms]
2023-03-25 03:07:53.426 [info] > git check-ignore -v -z --stdin [10ms]
2023-03-25 03:07:56.974 [info] > git config --get commit.template [11ms]
2023-03-25 03:07:56.982 [info] > git for-each-ref --format=%(refname)%00%(upstream:short)%00%(objectname)%00%(upstream:track)%00%(upstream:remotename)%00%(upstream:remoteref) refs/heads/main refs/remotes/main [10ms]
2023-03-25 03:07:57.715 [info] > git status -z -uall [721ms]
2023-03-25 03:08:02.780 [info] > git config --get commit.template [20ms]
2023-03-25 03:08:02.781 [info] > git for-each-ref --format=%(refname)%00%(upstream:short)%00%(objectname)%00%(upstream:track)%00%(upstream:remotename)%00%(upstream:remoteref) refs/heads/main refs/remotes/main [3ms]
2023-03-25 03:08:03.356 [info] > git status -z -uall [559ms]
2023-03-25 03:08:08.427 [info] > git config --get commit.template [25ms]
2023-03-25 03:08:08.430 [info] > git for-each-ref --format=%(refname)%00%(upstream:short)%00%(objectname)%00%(upstream:track)%00%(upstream:remotename)%00%(upstream:remoteref) refs/heads/main refs/remotes/main [7ms]
2023-03-25 03:08:08.994 [info] > git status -z -uall [549ms]
2023-03-25 03:08:14.035 [info] > git config --get commit.template [15ms]
2023-03-25 03:08:14.037 [info] > git for-each-ref --format=%(refname)%00%(upstream:short)%00%(objectname)%00%(upstream:track)%00%(upstream:remotename)%00%(upstream:remoteref) refs/heads/main refs/remotes/main [5ms]
2023-03-25 03:08:14.587 [info] > git status -z -uall [530ms]
2023-03-25 03:08:19.647 [info] > git config --get commit.template [17ms]
2023-03-25 03:08:19.650 [info] > git for-each-ref --format=%(refname)%00%(upstream:short)%00%(objectname)%00%(upstream:track)%00%(upstream:remotename)%00%(upstream:remoteref) refs/heads/main refs/remotes/main [5ms]
2023-03-25 03:08:20.194 [info] > git status -z -uall [530ms]
2023-03-25 03:08:25.224 [info] > git config --get commit.template [9ms]
2023-03-25 03:08:25.226 [info] > git for-each-ref --format=%(refname)%00%(upstream:short)%00%(objectname)%00%(upstream:track)%00%(upstream:remotename)%00%(upstream:remoteref) refs/heads/main refs/remotes/main [4ms]
2023-03-25 03:08:25.827 [info] > git status -z -uall [592ms]
2023-03-25 03:08:30.893 [info] > git config --get commit.template [22ms]
2023-03-25 03:08:30.894 [info] > git for-each-ref --format=%(refname)%00%(upstream:short)%00%(objectname)%00%(upstream:track)%00%(upstream:remotename)%00%(upstream:remoteref) refs/heads/main refs/remotes/main [5ms]
2023-03-25 03:08:31.442 [info] > git status -z -uall [533ms]
2023-03-25 03:08:36.507 [info] > git config --get commit.template [21ms]
2023-03-25 03:08:36.509 [info] > git for-each-ref --format=%(refname)%00%(upstream:short)%00%(objectname)%00%(upstream:track)%00%(upstream:remotename)%00%(upstream:remoteref) refs/heads/main refs/remotes/main [4ms]
2023-03-25 03:08:37.054 [info] > git status -z -uall [530ms]
2023-03-25 03:08:42.122 [info] > git config --get commit.template [24ms]
2023-03-25 03:08:42.124 [info] > git for-each-ref --format=%(refname)%00%(upstream:short)%00%(objectname)%00%(upstream:track)%00%(upstream:remotename)%00%(upstream:remoteref) refs/heads/main refs/remotes/main [5ms]
2023-03-25 03:08:42.670 [info] > git status -z -uall [535ms]
2023-03-25 03:08:47.723 [info] > git config --get commit.template [14ms]
2023-03-25 03:08:47.725 [info] > git for-each-ref --format=%(refname)%00%(upstream:short)%00%(objectname)%00%(upstream:track)%00%(upstream:remotename)%00%(upstream:remoteref) refs/heads/main refs/remotes/main [5ms]
2023-03-25 03:08:48.267 [info] > git status -z -uall [531ms]
2023-03-25 03:08:53.334 [info] > git config --get commit.template [19ms]
2023-03-25 03:08:53.335 [info] > git for-each-ref --format=%(refname)%00%(upstream:short)%00%(objectname)%00%(upstream:track)%00%(upstream:remotename)%00%(upstream:remoteref) refs/heads/main refs/remotes/main [4ms]
2023-03-25 03:08:53.876 [info] > git status -z -uall [529ms]
2023-03-25 03:08:58.914 [info] > git config --get commit.template [10ms]
2023-03-25 03:08:58.914 [info] > git for-each-ref --format=%(refname)%00%(upstream:short)%00%(objectname)%00%(upstream:track)%00%(upstream:remotename)%00%(upstream:remoteref) refs/heads/main refs/remotes/main [1ms]
2023-03-25 03:08:59.450 [info] > git status -z -uall [529ms]
2023-03-25 03:09:04.519 [info] > git config --get commit.template [24ms]
2023-03-25 03:09:04.521 [info] > git for-each-ref --format=%(refname)%00%(upstream:short)%00%(objectname)%00%(upstream:track)%00%(upstream:remotename)%00%(upstream:remoteref) refs/heads/main refs/remotes/main [4ms]
2023-03-25 03:09:05.070 [info] > git status -z -uall [535ms]
2023-03-25 03:09:10.140 [info] > git config --get commit.template [22ms]
2023-03-25 03:09:10.142 [info] > git for-each-ref --format=%(refname)%00%(upstream:short)%00%(objectname)%00%(upstream:track)%00%(upstream:remotename)%00%(upstream:remoteref) refs/heads/main refs/remotes/main [7ms]
2023-03-25 03:09:10.700 [info] > git status -z -uall [544ms]
2023-03-25 03:09:15.789 [info] > git config --get commit.template [39ms]
2023-03-25 03:09:15.791 [info] > git for-each-ref --format=%(refname)%00%(upstream:short)%00%(objectname)%00%(upstream:track)%00%(upstream:remotename)%00%(upstream:remoteref) refs/heads/main refs/remotes/main [7ms]
2023-03-25 03:09:16.349 [info] > git status -z -uall [542ms]
2023-03-25 03:09:21.437 [info] > git config --get commit.template [27ms]
2023-03-25 03:09:21.437 [info] > git for-each-ref --format=%(refname)%00%(upstream:short)%00%(objectname)%00%(upstream:track)%00%(upstream:remotename)%00%(upstream:remoteref) refs/heads/main refs/remotes/main [2ms]
2023-03-25 03:09:21.980 [info] > git status -z -uall [529ms]
2023-03-25 03:09:27.052 [info] > git config --get commit.template [26ms]
2023-03-25 03:09:27.053 [info] > git for-each-ref --format=%(refname)%00%(upstream:short)%00%(objectname)%00%(upstream:track)%00%(upstream:remotename)%00%(upstream:remoteref) refs/heads/main refs/remotes/main [3ms]
2023-03-25 03:09:27.604 [info] > git status -z -uall [535ms]
2023-03-25 03:26:50.534 [info] > git config --get commit.template [2ms]
2023-03-25 03:26:50.630 [info] > git for-each-ref --format=%(refname)%00%(upstream:short)%00%(objectname)%00%(upstream:track)%00%(upstream:remotename)%00%(upstream:remoteref) refs/heads/main refs/remotes/main [12ms]
