2023-03-10 15:39:57.536 [info] Log level: Info
2023-03-10 15:39:57.536 [info] Validating found git in: "git"
2023-03-10 15:39:57.536 [info] Using git "2.17.1" from "git"
2023-03-10 15:39:57.536 [info] > git rev-parse --show-toplevel [40ms]
2023-03-10 15:39:57.536 [info] fatal: not a git repository (or any of the parent directories): .git
2023-03-10 15:39:57.536 [info] > git rev-parse --show-toplevel [27ms]
2023-03-10 15:39:57.536 [info] fatal: not a git repository (or any of the parent directories): .git
2023-03-10 15:39:57.536 [info] > git rev-parse --show-toplevel [76ms]
2023-03-10 15:39:57.536 [info] fatal: not a git repository (or any of the parent directories): .git
2023-03-10 15:39:57.536 [info] > git rev-parse --show-toplevel [35ms]
2023-03-10 15:39:57.536 [info] fatal: not a git repository (or any of the parent directories): .git
2023-03-10 15:39:57.536 [info] > git rev-parse --show-toplevel [121ms]
2023-03-10 15:39:57.536 [info] fatal: not a git repository (or any of the parent directories): .git
2023-03-10 15:39:57.536 [info] > git rev-parse --show-toplevel [75ms]
2023-03-10 15:39:57.536 [info] fatal: not a git repository (or any of the parent directories): .git
2023-03-10 15:39:57.536 [info] > git rev-parse --show-toplevel [2ms]
2023-03-10 15:39:57.536 [info] fatal: not a git repository (or any of the parent directories): .git
2023-03-10 15:39:57.537 [info] > git rev-parse --show-toplevel [16ms]
2023-03-10 15:39:57.537 [info] fatal: not a git repository (or any of the parent directories): .git
2023-03-10 15:39:57.537 [info] > git rev-parse --show-toplevel [56ms]
2023-03-10 15:39:57.537 [info] fatal: not a git repository (or any of the parent directories): .git
2023-03-10 15:39:57.537 [info] > git rev-parse --show-toplevel [8ms]
2023-03-10 15:39:57.537 [info] fatal: not a git repository (or any of the parent directories): .git
2023-03-10 15:39:57.537 [info] > git rev-parse --show-toplevel [5ms]
2023-03-10 15:39:57.537 [info] fatal: not a git repository (or any of the parent directories): .git
2023-03-10 15:40:01.791 [info] > git rev-parse --show-toplevel [85ms]
2023-03-10 15:40:01.791 [info] fatal: not a git repository (or any of the parent directories): .git
2023-03-10 15:40:02.224 [info] > git rev-parse --show-toplevel [22ms]
2023-03-10 15:40:02.224 [info] fatal: not a git repository (or any of the parent directories): .git
2023-03-10 15:42:01.128 [info] > git rev-parse --show-toplevel [13ms]
2023-03-10 15:42:01.128 [info] fatal: not a git repository (or any of the parent directories): .git
2023-03-10 15:43:45.666 [info] > git rev-parse --show-toplevel [13ms]
2023-03-10 15:43:45.666 [info] fatal: not a git repository (or any of the parent directories): .git
2023-03-10 15:44:16.307 [info] > git rev-parse --show-toplevel [24ms]
2023-03-10 15:44:16.307 [info] fatal: not a git repository (or any of the parent directories): .git
2023-03-10 15:44:56.932 [info] > git rev-parse --show-toplevel [5ms]
2023-03-10 15:44:56.932 [info] fatal: not a git repository (or any of the parent directories): .git
2023-03-10 15:45:34.982 [info] > git rev-parse --show-toplevel [5ms]
2023-03-10 15:45:34.982 [info] fatal: not a git repository (or any of the parent directories): .git
2023-03-10 15:46:12.358 [info] > git rev-parse --show-toplevel [20ms]
2023-03-10 15:46:12.358 [info] fatal: not a git repository (or any of the parent directories): .git
2023-03-10 15:46:14.758 [info] > git rev-parse --show-toplevel [16ms]
2023-03-10 15:46:14.758 [info] fatal: not a git repository (or any of the parent directories): .git
2023-03-10 15:48:03.767 [info] > git rev-parse --show-toplevel [34ms]
2023-03-10 15:48:03.767 [info] fatal: not a git repository (or any of the parent directories): .git
2023-03-10 15:48:04.756 [info] > git rev-parse --show-toplevel [8ms]
2023-03-10 15:48:04.756 [info] fatal: not a git repository (or any of the parent directories): .git
2023-03-10 15:48:07.658 [info] > git rev-parse --show-toplevel [7ms]
2023-03-10 15:48:07.658 [info] fatal: not a git repository (or any of the parent directories): .git
2023-03-10 15:48:08.932 [info] > git rev-parse --show-toplevel [9ms]
2023-03-10 15:48:08.932 [info] fatal: not a git repository (or any of the parent directories): .git
2023-03-10 15:48:19.438 [info] > git rev-parse --show-toplevel [37ms]
2023-03-10 15:48:19.438 [info] fatal: not a git repository (or any of the parent directories): .git
2023-03-10 15:50:46.498 [info] > git rev-parse --show-toplevel [18ms]
2023-03-10 15:50:46.498 [info] fatal: not a git repository (or any of the parent directories): .git
2023-03-10 15:51:15.391 [info] > git rev-parse --show-toplevel [31ms]
2023-03-10 15:51:15.391 [info] fatal: not a git repository (or any of the parent directories): .git
2023-03-10 15:51:23.104 [info] > git rev-parse --show-toplevel [5ms]
2023-03-10 15:51:23.105 [info] fatal: not a git repository (or any of the parent directories): .git
2023-03-10 15:51:28.587 [info] > git rev-parse --show-toplevel [4ms]
2023-03-10 15:51:28.587 [info] fatal: not a git repository (or any of the parent directories): .git
2023-03-10 15:51:32.745 [info] > git rev-parse --show-toplevel [9ms]
2023-03-10 15:51:32.745 [info] fatal: not a git repository (or any of the parent directories): .git
2023-03-10 15:52:36.947 [info] > git rev-parse --show-toplevel [7ms]
2023-03-10 15:52:36.947 [info] fatal: not a git repository (or any of the parent directories): .git
2023-03-10 15:53:07.119 [info] > git rev-parse --show-toplevel [5ms]
2023-03-10 15:53:07.119 [info] fatal: not a git repository (or any of the parent directories): .git
2023-03-10 15:53:11.237 [info] > git rev-parse --show-toplevel [17ms]
2023-03-10 15:53:11.237 [info] fatal: not a git repository (or any of the parent directories): .git
2023-03-10 15:53:15.175 [info] > git rev-parse --show-toplevel [6ms]
2023-03-10 15:53:15.175 [info] fatal: not a git repository (or any of the parent directories): .git
2023-03-10 15:53:16.750 [info] > git rev-parse --show-toplevel [8ms]
2023-03-10 15:53:16.750 [info] fatal: not a git repository (or any of the parent directories): .git
2023-03-10 15:53:31.460 [info] > git rev-parse --show-toplevel [9ms]
2023-03-10 15:53:31.460 [info] fatal: not a git repository (or any of the parent directories): .git
2023-03-10 15:54:54.340 [info] > git rev-parse --show-toplevel [8ms]
2023-03-10 15:54:54.340 [info] fatal: not a git repository (or any of the parent directories): .git
2023-03-10 15:54:57.872 [info] > git rev-parse --show-toplevel [6ms]
2023-03-10 15:54:57.872 [info] fatal: not a git repository (or any of the parent directories): .git
2023-03-10 15:55:03.198 [info] > git rev-parse --show-toplevel [22ms]
2023-03-10 15:55:03.199 [info] fatal: not a git repository (or any of the parent directories): .git
2023-03-10 15:56:38.892 [info] > git rev-parse --show-toplevel [8ms]
2023-03-10 15:56:38.892 [info] fatal: not a git repository (or any of the parent directories): .git
2023-03-10 15:56:43.972 [info] > git rev-parse --show-toplevel [5ms]
2023-03-10 15:56:43.972 [info] fatal: not a git repository (or any of the parent directories): .git
2023-03-10 16:07:09.043 [info] > git rev-parse --show-toplevel [20ms]
2023-03-10 16:07:09.043 [info] fatal: not a git repository (or any of the parent directories): .git
2023-03-10 16:07:14.226 [info] > git rev-parse --show-toplevel [12ms]
2023-03-10 16:07:14.226 [info] fatal: not a git repository (or any of the parent directories): .git
2023-03-10 16:07:22.111 [info] > git rev-parse --show-toplevel [10ms]
2023-03-10 16:07:22.111 [info] fatal: not a git repository (or any of the parent directories): .git
2023-03-10 16:07:23.671 [info] > git rev-parse --show-toplevel [14ms]
2023-03-10 16:07:23.671 [info] fatal: not a git repository (or any of the parent directories): .git
2023-03-10 16:07:24.640 [info] > git rev-parse --show-toplevel [6ms]
2023-03-10 16:07:24.640 [info] fatal: not a git repository (or any of the parent directories): .git
2023-03-10 16:07:27.852 [info] > git rev-parse --show-toplevel [6ms]
2023-03-10 16:07:27.852 [info] fatal: not a git repository (or any of the parent directories): .git
2023-03-10 16:08:54.205 [info] > git rev-parse --show-toplevel [16ms]
2023-03-10 16:08:54.205 [info] fatal: not a git repository (or any of the parent directories): .git
2023-03-10 16:11:01.491 [info] > git rev-parse --show-toplevel [27ms]
2023-03-10 16:11:01.492 [info] fatal: not a git repository (or any of the parent directories): .git
2023-03-10 16:20:53.036 [info] > git rev-parse --show-toplevel [12ms]
2023-03-10 16:20:53.036 [info] fatal: not a git repository (or any of the parent directories): .git
2023-03-10 16:20:53.943 [info] > git rev-parse --show-toplevel [6ms]
2023-03-10 16:20:53.943 [info] fatal: not a git repository (or any of the parent directories): .git
2023-03-10 16:20:54.987 [info] > git rev-parse --show-toplevel [45ms]
2023-03-10 16:20:54.987 [info] fatal: not a git repository (or any of the parent directories): .git
2023-03-10 16:21:02.924 [info] > git rev-parse --show-toplevel [10ms]
2023-03-10 16:21:02.924 [info] fatal: not a git repository (or any of the parent directories): .git
2023-03-10 16:22:34.652 [info] > git rev-parse --show-toplevel [10ms]
2023-03-10 16:22:34.652 [info] fatal: not a git repository (or any of the parent directories): .git
2023-03-10 16:22:40.195 [info] > git rev-parse --show-toplevel [8ms]
2023-03-10 16:22:40.195 [info] fatal: not a git repository (or any of the parent directories): .git
2023-03-10 16:22:42.113 [info] > git rev-parse --show-toplevel [8ms]
2023-03-10 16:22:42.113 [info] fatal: not a git repository (or any of the parent directories): .git
2023-03-10 16:22:53.751 [info] > git rev-parse --show-toplevel [4ms]
2023-03-10 16:22:53.751 [info] fatal: not a git repository (or any of the parent directories): .git
2023-03-10 16:26:01.690 [info] > git rev-parse --show-toplevel [9ms]
2023-03-10 16:26:01.690 [info] fatal: not a git repository (or any of the parent directories): .git
2023-03-10 16:26:03.924 [info] > git rev-parse --show-toplevel [4ms]
2023-03-10 16:26:03.924 [info] fatal: not a git repository (or any of the parent directories): .git
2023-03-10 16:27:33.400 [info] > git rev-parse --show-toplevel [56ms]
2023-03-10 16:27:33.400 [info] fatal: not a git repository (or any of the parent directories): .git
2023-03-10 16:28:01.487 [info] > git rev-parse --show-toplevel [9ms]
2023-03-10 16:28:01.487 [info] fatal: not a git repository (or any of the parent directories): .git
2023-03-10 16:28:03.209 [info] > git rev-parse --show-toplevel [9ms]
2023-03-10 16:28:03.209 [info] fatal: not a git repository (or any of the parent directories): .git
2023-03-10 16:28:03.915 [info] > git rev-parse --show-toplevel [4ms]
2023-03-10 16:28:03.915 [info] fatal: not a git repository (or any of the parent directories): .git
