2023-03-06 12:45:45.953 [info] Extension host with pid 7236 started
2023-03-06 12:45:45.957 [error] Error: EEXIST: file already exists, open '/home/longvu/.vscode-server/data/User/workspaceStorage/bb374153be6c64e0c7d2584e96dee820/vscode.lock'
2023-03-06 12:45:45.979 [info] Lock '/home/longvu/.vscode-server/data/User/workspaceStorage/bb374153be6c64e0c7d2584e96dee820/vscode.lock': Could not acquire lock, checking if the file is stale.
2023-03-06 12:45:45.986 [info] Lock '/home/longvu/.vscode-server/data/User/workspaceStorage/bb374153be6c64e0c7d2584e96dee820/vscode.lock': The lock does not look stale, elapsed: 371 ms, giving up.
2023-03-06 12:45:46.000 [info] Lock '/home/longvu/.vscode-server/data/User/workspaceStorage/bb374153be6c64e0c7d2584e96dee820-1/vscode.lock': Lock acquired.
2023-03-06 12:45:46.874 [info] ExtensionService#_doActivateExtension vscode.emmet, startup: false, activationEvent: 'onLanguage'
2023-03-06 12:45:46.880 [info] ExtensionService#_doActivateExtension ms-vscode.cpptools, startup: false, activationEvent: 'onLanguage:cpp'
2023-03-06 12:45:46.885 [info] ExtensionService#_doActivateExtension vscode.git-base, startup: true, activationEvent: '*', root cause: vscode.git
2023-03-06 12:45:48.027 [info] ExtensionService#_doActivateExtension vscode.git, startup: true, activationEvent: '*'
2023-03-06 12:45:48.027 [info] ExtensionService#_doActivateExtension vscode.github, startup: true, activationEvent: '*'
2023-03-06 12:45:49.295 [info] ExtensionService#_doActivateExtension vscode.configuration-editing, startup: false, activationEvent: 'onLanguage:json'
2023-03-06 12:45:49.338 [info] ExtensionService#_doActivateExtension vscode.extension-editing, startup: false, activationEvent: 'onLanguage:json'
2023-03-06 12:45:49.348 [info] ExtensionService#_doActivateExtension vscode.json-language-features, startup: false, activationEvent: 'onLanguage:json'
2023-03-06 12:45:49.349 [info] ExtensionService#_doActivateExtension vscode.npm, startup: false, activationEvent: 'onLanguage:json'
2023-03-06 12:45:50.277 [info] Eager extensions activated
2023-03-06 12:45:50.278 [info] ExtensionService#_doActivateExtension vscode.debug-auto-launch, startup: false, activationEvent: 'onStartupFinished'
2023-03-06 12:45:50.279 [info] ExtensionService#_doActivateExtension vscode.merge-conflict, startup: false, activationEvent: 'onStartupFinished'
2023-03-06 12:45:51.725 [info] ExtensionService#_doActivateExtension vscode.typescript-language-features, startup: false, activationEvent: 'onLanguage:jsonc'
2023-03-06 12:46:05.841 [warning] DiagnosticCollection with name 'C/C++' does already exist.
2023-03-06 12:53:34.147 [error] Error: read ECONNRESET
	at TLSWrap.onStreamRead (node:internal/stream_base_commons:217:20)
2023-03-06 14:53:44.519 [warning] ms-vscode.cpptools - Code actions of kind 'quickfix 'requested but returned code action is of kind 'refactor.inline'. Code action will be dropped. Please check 'CodeActionContext.only' to only return requested code actions.
2023-03-06 14:54:52.869 [info] Extension host terminating: received terminate message from renderer
2023-03-06 14:54:52.871 [info] Lock '/home/longvu/.vscode-server/data/User/workspaceStorage/bb374153be6c64e0c7d2584e96dee820-1/vscode.lock': Marking the lockfile as scheduled to be released in 6000 ms.
2023-03-06 14:54:53.163 [info] Extension host with pid 7236 exiting with code 0
