2023-03-19 13:58:58.252 [info] Log level: Info
2023-03-19 13:58:58.252 [info] Validating found git in: "git"
2023-03-19 13:58:58.252 [info] Using git "2.17.1" from "git"
2023-03-19 13:58:58.252 [info] > git rev-parse --show-toplevel [22ms]
2023-03-19 13:58:58.252 [info] > git rev-parse --git-dir --git-common-dir [3ms]
2023-03-19 13:58:58.252 [info] Open repository: /home/longvu
2023-03-19 13:58:58.252 [info] > git rev-parse --show-toplevel [50ms]
2023-03-19 13:58:58.252 [info] > git config --get commit.template [39ms]
2023-03-19 13:58:58.253 [info] > git rev-parse --show-toplevel [27ms]
2023-03-19 13:58:58.253 [info] > git for-each-ref --format=%(refname)%00%(upstream:short)%00%(objectname)%00%(upstream:track)%00%(upstream:remotename)%00%(upstream:remoteref) refs/heads/main refs/remotes/main [20ms]
2023-03-19 13:58:58.253 [info] > git rev-parse --show-toplevel [49ms]
2023-03-19 13:58:58.253 [info] > git rev-parse --show-toplevel [32ms]
2023-03-19 13:58:58.253 [info] > git rev-parse --show-toplevel [9ms]
2023-03-19 13:58:58.253 [info] > git rev-parse --show-toplevel [7ms]
2023-03-19 13:58:58.253 [info] > git rev-parse --show-toplevel [3ms]
2023-03-19 13:58:58.253 [info] > git rev-parse --show-toplevel [4ms]
2023-03-19 13:58:58.253 [info] > git status -z -uall [1409ms]
2023-03-19 13:58:58.253 [info] > git check-ignore -v -z --stdin [157ms]
2023-03-19 13:58:58.253 [info] > git config --get commit.template [15ms]
2023-03-19 13:58:58.253 [info] > git for-each-ref --format=%(refname)%00%(upstream:short)%00%(objectname)%00%(upstream:track)%00%(upstream:remotename)%00%(upstream:remoteref) refs/heads/main refs/remotes/main [183ms]
2023-03-19 13:58:58.253 [info] > git status -z -uall [1436ms]
2023-03-19 13:58:58.253 [info] > git check-ignore -v -z --stdin [102ms]
2023-03-19 13:58:58.253 [info] > git show --textconv :newNachos/nachos/NachOS-4.0/code/filesys/filesys.h [98ms]
2023-03-19 13:58:58.253 [info] > git ls-files --stage -- /home/longvu/newNachos/nachos/NachOS-4.0/code/filesys/filesys.h [64ms]
2023-03-19 13:58:58.253 [info] > git cat-file -s c2ea13dda43029497647d7a4f047c42ca5fb0198 [15ms]
2023-03-19 14:00:09.032 [info] > git config --get commit.template [20ms]
2023-03-19 14:00:09.035 [info] > git for-each-ref --format=%(refname)%00%(upstream:short)%00%(objectname)%00%(upstream:track)%00%(upstream:remotename)%00%(upstream:remoteref) refs/heads/main refs/remotes/main [6ms]
2023-03-19 14:00:09.507 [info] > git status -z -uall [462ms]
2023-03-19 14:00:10.116 [info] > git fetch [1123ms]
2023-03-19 14:00:10.116 [info] Missing or invalid credentials.
Skip silent fetch commands
Missing or invalid credentials.
Skip silent fetch commands
remote: Repository not found.
fatal: Authentication failed for 'https://github.com/TrinhLongVu/nachos.git/'
2023-03-19 14:00:10.137 [info] > git config --get commit.template [10ms]
2023-03-19 14:00:10.140 [info] > git for-each-ref --format=%(refname)%00%(upstream:short)%00%(objectname)%00%(upstream:track)%00%(upstream:remotename)%00%(upstream:remoteref) refs/heads/main refs/remotes/main [5ms]
2023-03-19 14:00:10.293 [info] > git ls-files --stage -- /home/longvu/newNachos/nachos/NachOS-4.0/code/filesys/filesys.h [9ms]
2023-03-19 14:00:10.304 [info] > git cat-file -s c2ea13dda43029497647d7a4f047c42ca5fb0198 [3ms]
2023-03-19 14:00:10.328 [info] > git show --textconv :newNachos/nachos/NachOS-4.0/code/filesys/filesys.h [8ms]
2023-03-19 14:00:10.506 [info] > git status -z -uall [359ms]
2023-03-19 14:00:11.707 [info] > git show --textconv :newNachos/nachos/NachOS-4.0/code/userprog/syscall.h [60ms]
2023-03-19 14:00:11.708 [info] > git ls-files --stage -- /home/longvu/newNachos/nachos/NachOS-4.0/code/userprog/syscall.h [29ms]
2023-03-19 14:00:11.772 [info] > git cat-file -s 4f626958b54b622c9e4c33ef9f89ffab53e795a0 [14ms]
2023-03-19 14:00:12.738 [info] > git check-ignore -v -z --stdin [92ms]
2023-03-19 14:00:13.223 [info] > git show --textconv :newNachos/nachos/NachOS-4.0/code/filesys/openfile.h [70ms]
2023-03-19 14:00:13.237 [info] > git ls-files --stage -- /home/longvu/newNachos/nachos/NachOS-4.0/code/filesys/openfile.h [46ms]
2023-03-19 14:00:13.284 [info] > git cat-file -s 28724766c1ca7d974b86daf3970dcd11c0e5e07e [20ms]
2023-03-19 14:00:13.331 [info] > git check-ignore -v -z --stdin [52ms]
2023-03-19 14:00:14.618 [info] > git config --get commit.template [46ms]
2023-03-19 14:00:14.619 [info] > git for-each-ref --format=%(refname)%00%(upstream:short)%00%(objectname)%00%(upstream:track)%00%(upstream:remotename)%00%(upstream:remoteref) refs/heads/main refs/remotes/main [3ms]
2023-03-19 14:00:15.065 [info] > git status -z -uall [425ms]
2023-03-19 14:01:59.521 [info] > git config --get commit.template [4ms]
2023-03-19 14:01:59.538 [info] > git for-each-ref --format=%(refname)%00%(upstream:short)%00%(objectname)%00%(upstream:track)%00%(upstream:remotename)%00%(upstream:remoteref) refs/heads/main refs/remotes/main [3ms]
2023-03-19 14:01:59.882 [info] > git status -z -uall [337ms]
2023-03-19 14:02:01.756 [info] > git show --textconv :newNachos/nachos/NachOS-4.0/code/threads/kernel.h [19ms]
2023-03-19 14:02:01.762 [info] > git ls-files --stage -- /home/longvu/newNachos/nachos/NachOS-4.0/code/threads/kernel.h [7ms]
2023-03-19 14:02:01.774 [info] > git cat-file -s d7ca1e8f00a5b7f57118b40f30b4a89758e89119 [3ms]
2023-03-19 14:02:02.516 [info] > git check-ignore -v -z --stdin [167ms]
2023-03-19 14:02:02.697 [info] > git ls-files --stage -- /home/longvu/newNachos/nachos/NachOS-4.0/code/userprog/exception.cc [3ms]
2023-03-19 14:02:02.718 [info] > git show --textconv :newNachos/nachos/NachOS-4.0/code/userprog/exception.cc [100ms]
2023-03-19 14:02:02.732 [info] > git cat-file -s 1baa2bd0207ce584442830d0b3109d504d49206d [18ms]
