2023-03-26 12:38:40.266 [info] Extension host with pid 2271 started
2023-03-26 12:38:40.400 [info] Lock '/home/longvu/.vscode-server/data/User/workspaceStorage/bb374153be6c64e0c7d2584e96dee820/vscode.lock': Lock acquired.
2023-03-26 12:38:40.507 [info] ExtensionService#_doActivateExtension vscode.emmet, startup: false, activationEvent: 'onLanguage'
2023-03-26 12:38:40.510 [info] ExtensionService#_doActivateExtension ms-vscode.cpptools, startup: false, activationEvent: 'onLanguage:cpp'
2023-03-26 12:38:40.511 [info] ExtensionService#_doActivateExtension vscode.git-base, startup: true, activationEvent: '*', root cause: vscode.git
2023-03-26 12:38:42.555 [info] ExtensionService#_doActivateExtension vscode.git, startup: true, activationEvent: '*'
2023-03-26 12:38:42.556 [info] ExtensionService#_doActivateExtension vscode.github, startup: true, activationEvent: '*'
2023-03-26 12:38:45.794 [info] ExtensionService#_doActivateExtension vscode.configuration-editing, startup: false, activationEvent: 'onLanguage:json'
2023-03-26 12:38:45.794 [info] ExtensionService#_doActivateExtension vscode.extension-editing, startup: false, activationEvent: 'onLanguage:json'
2023-03-26 12:38:45.798 [info] ExtensionService#_doActivateExtension vscode.json-language-features, startup: false, activationEvent: 'onLanguage:json'
2023-03-26 12:38:45.799 [info] ExtensionService#_doActivateExtension vscode.npm, startup: false, activationEvent: 'onLanguage:json'
2023-03-26 12:38:45.799 [info] ExtensionService#_doActivateExtension ms-python.python, startup: false, activationEvent: 'onLanguage:json'
2023-03-26 12:38:47.017 [info] Eager extensions activated
2023-03-26 12:38:47.017 [info] ExtensionService#_doActivateExtension vscode.debug-auto-launch, startup: false, activationEvent: 'onStartupFinished'
2023-03-26 12:38:47.018 [info] ExtensionService#_doActivateExtension vscode.merge-conflict, startup: false, activationEvent: 'onStartupFinished'
2023-03-26 12:38:48.083 [info] ExtensionService#_doActivateExtension vscode.typescript-language-features, startup: false, activationEvent: 'onLanguage:jsonc'
2023-03-26 12:39:05.509 [warning] DiagnosticCollection with name 'C/C++' does already exist.
2023-03-26 14:31:55.958 [error] Error: connect ECONNREFUSED 52.168.112.66:443
	at TCPConnectWrap.afterConnect [as oncomplete] (node:net:1157:16)
2023-03-26 14:57:17.647 [warning] [Decorations] CAPPING events from decorations provider vscode.git 251
2023-03-26 14:57:38.923 [warning] [Decorations] CAPPING events from decorations provider vscode.git 251
2023-03-26 14:57:44.262 [warning] [Decorations] CAPPING events from decorations provider vscode.git 251
2023-03-26 14:57:49.591 [warning] [Decorations] CAPPING events from decorations provider vscode.git 251
2023-03-26 14:58:00.167 [warning] [Decorations] CAPPING events from decorations provider vscode.git 251
2023-03-26 14:58:05.587 [warning] [Decorations] CAPPING events from decorations provider vscode.git 251
2023-03-26 14:58:10.905 [warning] [Decorations] CAPPING events from decorations provider vscode.git 252
2023-03-26 14:58:16.221 [warning] [Decorations] CAPPING events from decorations provider vscode.git 256
2023-03-26 14:58:21.511 [warning] [Decorations] CAPPING events from decorations provider vscode.git 256
2023-03-26 14:58:28.486 [warning] [Decorations] CAPPING events from decorations provider vscode.git 256
2023-03-26 14:58:33.842 [warning] [Decorations] CAPPING events from decorations provider vscode.git 256
2023-03-26 14:58:39.176 [warning] [Decorations] CAPPING events from decorations provider vscode.git 256
2023-03-26 14:58:44.567 [warning] [Decorations] CAPPING events from decorations provider vscode.git 256
2023-03-26 14:58:49.886 [warning] [Decorations] CAPPING events from decorations provider vscode.git 256
2023-03-26 14:58:55.192 [warning] [Decorations] CAPPING events from decorations provider vscode.git 256
2023-03-26 14:59:00.522 [warning] [Decorations] CAPPING events from decorations provider vscode.git 256
2023-03-26 14:59:05.833 [warning] [Decorations] CAPPING events from decorations provider vscode.git 256
2023-03-26 14:59:11.114 [warning] [Decorations] CAPPING events from decorations provider vscode.git 256
2023-03-26 14:59:16.415 [warning] [Decorations] CAPPING events from decorations provider vscode.git 256
2023-03-26 14:59:21.729 [warning] [Decorations] CAPPING events from decorations provider vscode.git 256
2023-03-26 14:59:27.033 [warning] [Decorations] CAPPING events from decorations provider vscode.git 256
2023-03-26 14:59:32.323 [warning] [Decorations] CAPPING events from decorations provider vscode.git 256
2023-03-26 14:59:37.712 [warning] [Decorations] CAPPING events from decorations provider vscode.git 256
2023-03-26 14:59:43.057 [warning] [Decorations] CAPPING events from decorations provider vscode.git 256
2023-03-26 14:59:48.355 [warning] [Decorations] CAPPING events from decorations provider vscode.git 256
2023-03-26 14:59:53.663 [warning] [Decorations] CAPPING events from decorations provider vscode.git 256
2023-03-26 15:00:02.627 [warning] [Decorations] CAPPING events from decorations provider vscode.git 256
2023-03-26 15:00:29.823 [warning] [Decorations] CAPPING events from decorations provider vscode.git 256
2023-03-26 15:00:35.136 [warning] [Decorations] CAPPING events from decorations provider vscode.git 256
2023-03-26 15:00:41.999 [warning] [Decorations] CAPPING events from decorations provider vscode.git 256
2023-03-26 15:00:47.335 [warning] [Decorations] CAPPING events from decorations provider vscode.git 256
2023-03-26 15:00:52.697 [warning] [Decorations] CAPPING events from decorations provider vscode.git 256
2023-03-26 15:00:58.117 [warning] [Decorations] CAPPING events from decorations provider vscode.git 256
2023-03-26 15:01:03.635 [warning] [Decorations] CAPPING events from decorations provider vscode.git 256
2023-03-26 15:01:09.096 [warning] [Decorations] CAPPING events from decorations provider vscode.git 256
2023-03-26 15:01:14.482 [warning] [Decorations] CAPPING events from decorations provider vscode.git 256
2023-03-26 15:01:20.108 [warning] [Decorations] CAPPING events from decorations provider vscode.git 256
2023-03-26 15:01:25.474 [warning] [Decorations] CAPPING events from decorations provider vscode.git 256
2023-03-26 15:05:51.944 [warning] [Decorations] CAPPING events from decorations provider vscode.git 256
2023-03-26 15:05:57.425 [warning] [Decorations] CAPPING events from decorations provider vscode.git 256
2023-03-26 15:06:02.783 [warning] [Decorations] CAPPING events from decorations provider vscode.git 256
2023-03-26 15:06:15.852 [warning] [Decorations] CAPPING events from decorations provider vscode.git 256
2023-03-26 15:06:21.502 [warning] [Decorations] CAPPING events from decorations provider vscode.git 256
2023-03-26 15:06:58.025 [warning] [Decorations] CAPPING events from decorations provider vscode.git 256
2023-03-26 15:07:03.504 [warning] [Decorations] CAPPING events from decorations provider vscode.git 256
2023-03-26 15:07:09.123 [warning] [Decorations] CAPPING events from decorations provider vscode.git 256
2023-03-26 15:07:14.553 [warning] [Decorations] CAPPING events from decorations provider vscode.git 256
2023-03-26 15:07:19.883 [warning] [Decorations] CAPPING events from decorations provider vscode.git 256
2023-03-26 15:07:25.254 [warning] [Decorations] CAPPING events from decorations provider vscode.git 256
2023-03-26 15:07:30.568 [warning] [Decorations] CAPPING events from decorations provider vscode.git 256
2023-03-26 15:07:36.013 [warning] [Decorations] CAPPING events from decorations provider vscode.git 256
2023-03-26 15:07:41.438 [warning] [Decorations] CAPPING events from decorations provider vscode.git 257
2023-03-26 15:07:46.887 [warning] [Decorations] CAPPING events from decorations provider vscode.git 257
2023-03-26 15:07:52.239 [warning] [Decorations] CAPPING events from decorations provider vscode.git 257
2023-03-26 15:07:59.047 [warning] [Decorations] CAPPING events from decorations provider vscode.git 259
2023-03-26 15:08:04.407 [warning] [Decorations] CAPPING events from decorations provider vscode.git 260
2023-03-26 15:08:09.729 [warning] [Decorations] CAPPING events from decorations provider vscode.git 260
2023-03-26 15:08:15.130 [warning] [Decorations] CAPPING events from decorations provider vscode.git 260
2023-03-26 15:08:20.478 [warning] [Decorations] CAPPING events from decorations provider vscode.git 260
2023-03-26 15:08:35.540 [warning] [Decorations] CAPPING events from decorations provider vscode.git 262
2023-03-26 15:08:40.909 [warning] [Decorations] CAPPING events from decorations provider vscode.git 262
2023-03-26 15:08:46.232 [warning] [Decorations] CAPPING events from decorations provider vscode.git 262
2023-03-26 15:08:51.558 [warning] [Decorations] CAPPING events from decorations provider vscode.git 262
2023-03-26 15:08:58.527 [warning] [Decorations] CAPPING events from decorations provider vscode.git 262
2023-03-26 15:09:03.855 [warning] [Decorations] CAPPING events from decorations provider vscode.git 264
2023-03-26 15:09:09.369 [warning] [Decorations] CAPPING events from decorations provider vscode.git 264
2023-03-26 15:09:14.822 [warning] [Decorations] CAPPING events from decorations provider vscode.git 265
2023-03-26 15:09:20.182 [warning] [Decorations] CAPPING events from decorations provider vscode.git 268
2023-03-26 15:09:25.580 [warning] [Decorations] CAPPING events from decorations provider vscode.git 268
2023-03-26 15:09:30.941 [warning] [Decorations] CAPPING events from decorations provider vscode.git 268
2023-03-26 15:09:36.332 [warning] [Decorations] CAPPING events from decorations provider vscode.git 268
2023-03-26 15:09:41.643 [warning] [Decorations] CAPPING events from decorations provider vscode.git 268
2023-03-26 15:09:47.087 [warning] [Decorations] CAPPING events from decorations provider vscode.git 268
2023-03-26 15:09:52.398 [warning] [Decorations] CAPPING events from decorations provider vscode.git 268
2023-03-26 15:09:57.704 [warning] [Decorations] CAPPING events from decorations provider vscode.git 268
2023-03-26 15:10:03.130 [warning] [Decorations] CAPPING events from decorations provider vscode.git 268
2023-03-26 15:10:08.448 [warning] [Decorations] CAPPING events from decorations provider vscode.git 268
2023-03-26 15:10:13.785 [warning] [Decorations] CAPPING events from decorations provider vscode.git 268
2023-03-26 15:10:19.143 [warning] [Decorations] CAPPING events from decorations provider vscode.git 268
2023-03-26 15:10:24.469 [warning] [Decorations] CAPPING events from decorations provider vscode.git 268
2023-03-26 15:10:29.832 [warning] [Decorations] CAPPING events from decorations provider vscode.git 268
2023-03-26 15:10:35.478 [warning] [Decorations] CAPPING events from decorations provider vscode.git 268
2023-03-26 15:10:40.809 [warning] [Decorations] CAPPING events from decorations provider vscode.git 268
2023-03-26 15:10:46.211 [warning] [Decorations] CAPPING events from decorations provider vscode.git 269
2023-03-26 15:10:51.723 [warning] [Decorations] CAPPING events from decorations provider vscode.git 269
2023-03-26 15:10:57.055 [warning] [Decorations] CAPPING events from decorations provider vscode.git 270
2023-03-26 15:11:02.569 [warning] [Decorations] CAPPING events from decorations provider vscode.git 270
2023-03-26 15:11:07.882 [warning] [Decorations] CAPPING events from decorations provider vscode.git 271
2023-03-26 15:11:13.192 [warning] [Decorations] CAPPING events from decorations provider vscode.git 271
2023-03-26 15:11:18.669 [warning] [Decorations] CAPPING events from decorations provider vscode.git 271
2023-03-26 15:11:24.062 [warning] [Decorations] CAPPING events from decorations provider vscode.git 272
2023-03-26 15:11:29.421 [warning] [Decorations] CAPPING events from decorations provider vscode.git 271
2023-03-26 15:11:34.806 [warning] [Decorations] CAPPING events from decorations provider vscode.git 271
2023-03-26 15:11:40.135 [warning] [Decorations] CAPPING events from decorations provider vscode.git 271
2023-03-26 15:11:45.595 [warning] [Decorations] CAPPING events from decorations provider vscode.git 271
2023-03-26 15:11:50.947 [warning] [Decorations] CAPPING events from decorations provider vscode.git 271
2023-03-26 15:11:56.304 [warning] [Decorations] CAPPING events from decorations provider vscode.git 271
2023-03-26 15:12:02.127 [warning] [Decorations] CAPPING events from decorations provider vscode.git 271
2023-03-26 15:12:07.475 [warning] [Decorations] CAPPING events from decorations provider vscode.git 272
2023-03-26 15:12:12.968 [warning] [Decorations] CAPPING events from decorations provider vscode.git 271
2023-03-26 15:12:18.331 [warning] [Decorations] CAPPING events from decorations provider vscode.git 271
2023-03-26 15:12:23.721 [warning] [Decorations] CAPPING events from decorations provider vscode.git 272
2023-03-26 15:12:29.120 [warning] [Decorations] CAPPING events from decorations provider vscode.git 271
2023-03-26 15:12:34.621 [warning] [Decorations] CAPPING events from decorations provider vscode.git 271
2023-03-26 15:12:39.970 [warning] [Decorations] CAPPING events from decorations provider vscode.git 271
2023-03-26 15:12:45.311 [warning] [Decorations] CAPPING events from decorations provider vscode.git 271
2023-03-26 15:12:50.673 [warning] [Decorations] CAPPING events from decorations provider vscode.git 272
2023-03-26 15:12:56.032 [warning] [Decorations] CAPPING events from decorations provider vscode.git 271
2023-03-26 15:13:01.419 [warning] [Decorations] CAPPING events from decorations provider vscode.git 271
2023-03-26 15:13:06.736 [warning] [Decorations] CAPPING events from decorations provider vscode.git 271
2023-03-26 15:13:12.140 [warning] [Decorations] CAPPING events from decorations provider vscode.git 271
2023-03-26 15:13:19.080 [warning] [Decorations] CAPPING events from decorations provider vscode.git 272
2023-03-26 15:13:24.419 [warning] [Decorations] CAPPING events from decorations provider vscode.git 271
2023-03-26 15:13:32.277 [warning] [Decorations] CAPPING events from decorations provider vscode.git 272
2023-03-26 15:13:38.132 [warning] [Decorations] CAPPING events from decorations provider vscode.git 271
2023-03-26 15:13:43.493 [warning] [Decorations] CAPPING events from decorations provider vscode.git 271
2023-03-26 15:13:48.827 [warning] [Decorations] CAPPING events from decorations provider vscode.git 271
2023-03-26 15:13:54.197 [warning] [Decorations] CAPPING events from decorations provider vscode.git 271
2023-03-26 15:14:11.179 [warning] [Decorations] CAPPING events from decorations provider vscode.git 272
2023-03-26 15:14:20.131 [warning] [Decorations] CAPPING events from decorations provider vscode.git 273
2023-03-26 15:14:25.567 [warning] [Decorations] CAPPING events from decorations provider vscode.git 273
2023-03-26 15:14:30.976 [warning] [Decorations] CAPPING events from decorations provider vscode.git 272
2023-03-26 15:14:36.602 [warning] [Decorations] CAPPING events from decorations provider vscode.git 272
2023-03-26 15:14:41.950 [warning] [Decorations] CAPPING events from decorations provider vscode.git 272
2023-03-26 15:14:47.320 [warning] [Decorations] CAPPING events from decorations provider vscode.git 272
2023-03-26 15:14:52.728 [warning] [Decorations] CAPPING events from decorations provider vscode.git 272
2023-03-26 15:14:58.128 [warning] [Decorations] CAPPING events from decorations provider vscode.git 272
2023-03-26 15:15:03.594 [warning] [Decorations] CAPPING events from decorations provider vscode.git 274
2023-03-26 15:15:08.985 [warning] [Decorations] CAPPING events from decorations provider vscode.git 276
2023-03-26 15:15:14.351 [warning] [Decorations] CAPPING events from decorations provider vscode.git 285
2023-03-26 15:15:19.675 [warning] [Decorations] CAPPING events from decorations provider vscode.git 285
2023-03-26 15:15:24.990 [warning] [Decorations] CAPPING events from decorations provider vscode.git 285
2023-03-26 15:15:30.679 [warning] [Decorations] CAPPING events from decorations provider vscode.git 285
2023-03-26 15:15:36.193 [warning] [Decorations] CAPPING events from decorations provider vscode.git 285
2023-03-26 15:15:41.613 [warning] [Decorations] CAPPING events from decorations provider vscode.git 286
2023-03-26 15:15:47.179 [warning] [Decorations] CAPPING events from decorations provider vscode.git 285
2023-03-26 15:15:52.519 [warning] [Decorations] CAPPING events from decorations provider vscode.git 285
2023-03-26 15:15:57.886 [warning] [Decorations] CAPPING events from decorations provider vscode.git 285
2023-03-26 15:16:03.311 [warning] [Decorations] CAPPING events from decorations provider vscode.git 285
2023-03-26 15:16:08.706 [warning] [Decorations] CAPPING events from decorations provider vscode.git 285
2023-03-26 15:16:14.539 [warning] [Decorations] CAPPING events from decorations provider vscode.git 286
2023-03-26 15:16:19.885 [warning] [Decorations] CAPPING events from decorations provider vscode.git 285
2023-03-26 15:16:25.293 [warning] [Decorations] CAPPING events from decorations provider vscode.git 285
2023-03-26 15:16:30.634 [warning] [Decorations] CAPPING events from decorations provider vscode.git 286
2023-03-26 15:16:36.117 [warning] [Decorations] CAPPING events from decorations provider vscode.git 285
2023-03-26 15:16:41.483 [warning] [Decorations] CAPPING events from decorations provider vscode.git 285
2023-03-26 15:16:46.824 [warning] [Decorations] CAPPING events from decorations provider vscode.git 285
2023-03-26 15:16:52.355 [warning] [Decorations] CAPPING events from decorations provider vscode.git 285
2023-03-26 15:16:55.412 [error] Error: read ECONNRESET
	at TLSWrap.onStreamRead (node:internal/stream_base_commons:217:20)
2023-03-26 15:16:57.858 [warning] [Decorations] CAPPING events from decorations provider vscode.git 285
2023-03-26 15:17:03.184 [warning] [Decorations] CAPPING events from decorations provider vscode.git 285
2023-03-26 15:17:08.554 [warning] [Decorations] CAPPING events from decorations provider vscode.git 285
2023-03-26 15:17:14.494 [warning] [Decorations] CAPPING events from decorations provider vscode.git 285
2023-03-26 15:17:19.841 [warning] [Decorations] CAPPING events from decorations provider vscode.git 285
2023-03-26 15:17:25.186 [warning] [Decorations] CAPPING events from decorations provider vscode.git 286
2023-03-26 15:17:30.657 [warning] [Decorations] CAPPING events from decorations provider vscode.git 285
2023-03-26 15:17:36.473 [warning] [Decorations] CAPPING events from decorations provider vscode.git 285
2023-03-26 15:17:41.838 [warning] [Decorations] CAPPING events from decorations provider vscode.git 285
2023-03-26 15:17:47.261 [warning] [Decorations] CAPPING events from decorations provider vscode.git 285
2023-03-26 15:17:52.789 [warning] [Decorations] CAPPING events from decorations provider vscode.git 286
2023-03-26 15:17:58.330 [warning] [Decorations] CAPPING events from decorations provider vscode.git 285
2023-03-26 15:18:03.823 [warning] [Decorations] CAPPING events from decorations provider vscode.git 285
2023-03-26 15:18:09.139 [warning] [Decorations] CAPPING events from decorations provider vscode.git 285
2023-03-26 15:18:14.480 [warning] [Decorations] CAPPING events from decorations provider vscode.git 285
2023-03-26 15:18:19.839 [warning] [Decorations] CAPPING events from decorations provider vscode.git 285
2023-03-26 15:18:25.156 [warning] [Decorations] CAPPING events from decorations provider vscode.git 285
2023-03-26 15:18:30.585 [warning] [Decorations] CAPPING events from decorations provider vscode.git 285
2023-03-26 15:18:35.937 [warning] [Decorations] CAPPING events from decorations provider vscode.git 285
2023-03-26 15:18:41.423 [warning] [Decorations] CAPPING events from decorations provider vscode.git 285
2023-03-26 15:18:46.785 [warning] [Decorations] CAPPING events from decorations provider vscode.git 285
2023-03-26 15:18:52.190 [warning] [Decorations] CAPPING events from decorations provider vscode.git 285
2023-03-26 15:18:57.957 [warning] [Decorations] CAPPING events from decorations provider vscode.git 286
2023-03-26 15:19:03.298 [warning] [Decorations] CAPPING events from decorations provider vscode.git 285
2023-03-26 15:19:08.721 [warning] [Decorations] CAPPING events from decorations provider vscode.git 285
2023-03-26 15:19:14.060 [warning] [Decorations] CAPPING events from decorations provider vscode.git 285
2023-03-26 15:19:19.527 [warning] [Decorations] CAPPING events from decorations provider vscode.git 285
2023-03-26 15:19:24.859 [warning] [Decorations] CAPPING events from decorations provider vscode.git 285
2023-03-26 15:19:30.315 [warning] [Decorations] CAPPING events from decorations provider vscode.git 285
2023-03-26 15:19:35.665 [warning] [Decorations] CAPPING events from decorations provider vscode.git 285
2023-03-26 15:19:41.149 [warning] [Decorations] CAPPING events from decorations provider vscode.git 285
2023-03-26 15:19:46.565 [warning] [Decorations] CAPPING events from decorations provider vscode.git 285
2023-03-26 15:19:52.189 [warning] [Decorations] CAPPING events from decorations provider vscode.git 286
2023-03-26 15:19:57.657 [warning] [Decorations] CAPPING events from decorations provider vscode.git 286
2023-03-26 15:20:03.926 [warning] [Decorations] CAPPING events from decorations provider vscode.git 286
2023-03-26 15:20:09.373 [warning] [Decorations] CAPPING events from decorations provider vscode.git 286
2023-03-26 15:20:14.731 [warning] [Decorations] CAPPING events from decorations provider vscode.git 286
2023-03-26 15:20:20.112 [warning] [Decorations] CAPPING events from decorations provider vscode.git 286
2023-03-26 15:20:25.424 [warning] [Decorations] CAPPING events from decorations provider vscode.git 286
2023-03-26 15:20:30.875 [warning] [Decorations] CAPPING events from decorations provider vscode.git 286
2023-03-26 15:20:36.268 [warning] [Decorations] CAPPING events from decorations provider vscode.git 286
2023-03-26 15:20:41.672 [warning] [Decorations] CAPPING events from decorations provider vscode.git 286
2023-03-26 15:20:47.075 [warning] [Decorations] CAPPING events from decorations provider vscode.git 287
2023-03-26 15:20:52.465 [warning] [Decorations] CAPPING events from decorations provider vscode.git 287
2023-03-26 15:20:57.829 [warning] [Decorations] CAPPING events from decorations provider vscode.git 288
2023-03-26 15:21:03.180 [warning] [Decorations] CAPPING events from decorations provider vscode.git 287
2023-03-26 15:21:08.537 [warning] [Decorations] CAPPING events from decorations provider vscode.git 287
2023-03-26 15:21:13.849 [warning] [Decorations] CAPPING events from decorations provider vscode.git 287
2023-03-26 15:21:19.207 [warning] [Decorations] CAPPING events from decorations provider vscode.git 287
2023-03-26 15:21:24.520 [warning] [Decorations] CAPPING events from decorations provider vscode.git 287
2023-03-26 15:21:29.826 [warning] [Decorations] CAPPING events from decorations provider vscode.git 287
2023-03-26 15:21:35.282 [warning] [Decorations] CAPPING events from decorations provider vscode.git 287
2023-03-26 15:21:40.775 [warning] [Decorations] CAPPING events from decorations provider vscode.git 287
2023-03-26 15:21:46.099 [warning] [Decorations] CAPPING events from decorations provider vscode.git 288
2023-03-26 15:21:51.478 [warning] [Decorations] CAPPING events from decorations provider vscode.git 287
2023-03-26 15:21:56.833 [warning] [Decorations] CAPPING events from decorations provider vscode.git 287
2023-03-26 15:22:02.203 [warning] [Decorations] CAPPING events from decorations provider vscode.git 287
2023-03-26 15:22:07.569 [warning] [Decorations] CAPPING events from decorations provider vscode.git 287
2023-03-26 15:22:12.978 [warning] [Decorations] CAPPING events from decorations provider vscode.git 288
2023-03-26 15:22:18.291 [warning] [Decorations] CAPPING events from decorations provider vscode.git 288
2023-03-26 15:22:23.638 [warning] [Decorations] CAPPING events from decorations provider vscode.git 288
2023-03-26 15:22:28.969 [warning] [Decorations] CAPPING events from decorations provider vscode.git 288
2023-03-26 15:22:34.319 [warning] [Decorations] CAPPING events from decorations provider vscode.git 288
2023-03-26 15:22:39.665 [warning] [Decorations] CAPPING events from decorations provider vscode.git 289
2023-03-26 15:22:47.614 [warning] [Decorations] CAPPING events from decorations provider vscode.git 289
2023-03-26 15:22:53.286 [warning] [Decorations] CAPPING events from decorations provider vscode.git 289
2023-03-26 15:23:27.282 [warning] [Decorations] CAPPING events from decorations provider vscode.git 289
2023-03-26 15:23:49.564 [warning] [Decorations] CAPPING events from decorations provider vscode.git 289
2023-03-26 15:23:55.625 [warning] [Decorations] CAPPING events from decorations provider vscode.git 289
2023-03-26 15:24:01.652 [warning] [Decorations] CAPPING events from decorations provider vscode.git 290
2023-03-26 15:24:07.446 [warning] [Decorations] CAPPING events from decorations provider vscode.git 290
2023-03-26 15:24:13.099 [warning] [Decorations] CAPPING events from decorations provider vscode.git 290
2023-03-26 15:24:21.414 [warning] [Decorations] CAPPING events from decorations provider vscode.git 290
2023-03-26 15:25:13.312 [warning] [Decorations] CAPPING events from decorations provider vscode.git 290
2023-03-26 15:25:19.268 [warning] [Decorations] CAPPING events from decorations provider vscode.git 291
2023-03-26 15:25:24.612 [warning] [Decorations] CAPPING events from decorations provider vscode.git 290
2023-03-26 15:25:30.100 [warning] [Decorations] CAPPING events from decorations provider vscode.git 290
2023-03-26 15:25:35.889 [warning] [Decorations] CAPPING events from decorations provider vscode.git 290
2023-03-26 15:25:41.389 [warning] [Decorations] CAPPING events from decorations provider vscode.git 290
2023-03-26 15:25:46.915 [warning] [Decorations] CAPPING events from decorations provider vscode.git 290
2023-03-26 15:25:53.684 [warning] [Decorations] CAPPING events from decorations provider vscode.git 290
2023-03-26 15:25:59.278 [warning] [Decorations] CAPPING events from decorations provider vscode.git 290
2023-03-26 15:26:04.991 [warning] [Decorations] CAPPING events from decorations provider vscode.git 291
2023-03-26 15:26:10.493 [warning] [Decorations] CAPPING events from decorations provider vscode.git 290
2023-03-26 15:26:15.842 [warning] [Decorations] CAPPING events from decorations provider vscode.git 290
2023-03-26 15:26:21.257 [warning] [Decorations] CAPPING events from decorations provider vscode.git 291
2023-03-26 15:26:26.693 [warning] [Decorations] CAPPING events from decorations provider vscode.git 291
2023-03-26 15:26:32.041 [warning] [Decorations] CAPPING events from decorations provider vscode.git 291
2023-03-26 15:26:37.457 [warning] [Decorations] CAPPING events from decorations provider vscode.git 292
2023-03-26 15:26:42.815 [warning] [Decorations] CAPPING events from decorations provider vscode.git 292
2023-03-26 15:26:48.232 [warning] [Decorations] CAPPING events from decorations provider vscode.git 292
2023-03-26 15:26:53.757 [warning] [Decorations] CAPPING events from decorations provider vscode.git 292
2023-03-26 15:26:59.122 [warning] [Decorations] CAPPING events from decorations provider vscode.git 292
2023-03-26 15:27:04.570 [warning] [Decorations] CAPPING events from decorations provider vscode.git 284
2023-03-26 15:27:10.068 [warning] [Decorations] CAPPING events from decorations provider vscode.git 284
2023-03-26 15:27:15.427 [warning] [Decorations] CAPPING events from decorations provider vscode.git 284
2023-03-26 15:27:20.876 [warning] [Decorations] CAPPING events from decorations provider vscode.git 284
2023-03-26 15:27:26.214 [warning] [Decorations] CAPPING events from decorations provider vscode.git 284
2023-03-26 15:27:36.006 [warning] [Decorations] CAPPING events from decorations provider vscode.git 284
2023-03-26 15:27:41.465 [warning] [Decorations] CAPPING events from decorations provider vscode.git 285
2023-03-26 15:27:46.898 [warning] [Decorations] CAPPING events from decorations provider vscode.git 284
2023-03-26 15:27:52.268 [warning] [Decorations] CAPPING events from decorations provider vscode.git 284
2023-03-26 15:27:57.715 [warning] [Decorations] CAPPING events from decorations provider vscode.git 284
2023-03-26 15:28:03.056 [warning] [Decorations] CAPPING events from decorations provider vscode.git 284
2023-03-26 15:28:08.526 [warning] [Decorations] CAPPING events from decorations provider vscode.git 284
2023-03-26 15:28:13.977 [warning] [Decorations] CAPPING events from decorations provider vscode.git 285
2023-03-26 15:28:19.343 [warning] [Decorations] CAPPING events from decorations provider vscode.git 284
2023-03-26 15:28:28.480 [warning] [Decorations] CAPPING events from decorations provider vscode.git 284
2023-03-26 15:28:33.858 [warning] [Decorations] CAPPING events from decorations provider vscode.git 284
2023-03-26 15:28:39.591 [warning] [Decorations] CAPPING events from decorations provider vscode.git 284
2023-03-26 15:28:45.569 [warning] [Decorations] CAPPING events from decorations provider vscode.git 284
2023-03-26 15:28:50.935 [warning] [Decorations] CAPPING events from decorations provider vscode.git 285
2023-03-26 15:28:56.420 [warning] [Decorations] CAPPING events from decorations provider vscode.git 284
2023-03-26 15:29:01.830 [warning] [Decorations] CAPPING events from decorations provider vscode.git 284
2023-03-26 15:29:07.194 [warning] [Decorations] CAPPING events from decorations provider vscode.git 284
2023-03-26 15:29:24.657 [warning] [Decorations] CAPPING events from decorations provider vscode.git 284
2023-03-26 15:30:01.353 [warning] [Decorations] CAPPING events from decorations provider vscode.git 284
2023-03-26 15:30:06.740 [warning] [Decorations] CAPPING events from decorations provider vscode.git 284
2023-03-26 15:30:12.086 [warning] [Decorations] CAPPING events from decorations provider vscode.git 284
2023-03-26 15:31:09.763 [warning] [Decorations] CAPPING events from decorations provider vscode.git 284
2023-03-26 15:31:15.415 [warning] [Decorations] CAPPING events from decorations provider vscode.git 284
2023-03-26 15:31:21.219 [warning] [Decorations] CAPPING events from decorations provider vscode.git 285
2023-03-26 15:31:26.935 [warning] [Decorations] CAPPING events from decorations provider vscode.git 284
2023-03-26 15:31:32.507 [warning] [Decorations] CAPPING events from decorations provider vscode.git 284
2023-03-26 15:31:38.109 [warning] [Decorations] CAPPING events from decorations provider vscode.git 285
2023-03-26 15:31:43.747 [warning] [Decorations] CAPPING events from decorations provider vscode.git 284
2023-03-26 15:31:49.445 [warning] [Decorations] CAPPING events from decorations provider vscode.git 284
2023-03-26 15:31:54.896 [warning] [Decorations] CAPPING events from decorations provider vscode.git 284
2023-03-26 15:32:00.435 [warning] [Decorations] CAPPING events from decorations provider vscode.git 284
2023-03-26 15:32:06.271 [warning] [Decorations] CAPPING events from decorations provider vscode.git 284
2023-03-26 15:32:11.898 [warning] [Decorations] CAPPING events from decorations provider vscode.git 285
2023-03-26 15:32:17.431 [warning] [Decorations] CAPPING events from decorations provider vscode.git 284
2023-03-26 15:32:22.937 [warning] [Decorations] CAPPING events from decorations provider vscode.git 284
2023-03-26 15:32:28.421 [warning] [Decorations] CAPPING events from decorations provider vscode.git 284
2023-03-26 15:32:33.926 [warning] [Decorations] CAPPING events from decorations provider vscode.git 284
2023-03-26 15:32:39.438 [warning] [Decorations] CAPPING events from decorations provider vscode.git 284
2023-03-26 15:32:44.954 [warning] [Decorations] CAPPING events from decorations provider vscode.git 284
2023-03-26 15:32:50.437 [warning] [Decorations] CAPPING events from decorations provider vscode.git 284
2023-03-26 15:32:56.119 [warning] [Decorations] CAPPING events from decorations provider vscode.git 284
2023-03-26 15:33:01.781 [warning] [Decorations] CAPPING events from decorations provider vscode.git 284
2023-03-26 15:34:51.934 [warning] [Decorations] CAPPING events from decorations provider vscode.git 284
2023-03-26 15:34:57.288 [warning] [Decorations] CAPPING events from decorations provider vscode.git 284
2023-03-26 15:35:02.745 [warning] [Decorations] CAPPING events from decorations provider vscode.git 284
