2023-03-13 13:38:21.125 [info] Log level: Info
2023-03-13 13:38:21.125 [info] Validating found git in: "git"
2023-03-13 13:38:21.125 [info] Using git "2.17.1" from "git"
2023-03-13 13:38:21.125 [info] > git rev-parse --show-toplevel [14ms]
2023-03-13 13:38:21.125 [info] fatal: not a git repository (or any of the parent directories): .git
2023-03-13 13:38:21.126 [info] > git rev-parse --show-toplevel [4ms]
2023-03-13 13:38:21.126 [info] fatal: not a git repository (or any of the parent directories): .git
2023-03-13 13:38:21.126 [info] > git rev-parse --show-toplevel [12ms]
2023-03-13 13:38:21.126 [info] fatal: not a git repository (or any of the parent directories): .git
2023-03-13 13:38:21.126 [info] > git rev-parse --show-toplevel [3ms]
2023-03-13 13:38:21.126 [info] fatal: not a git repository (or any of the parent directories): .git
2023-03-13 13:38:21.126 [info] > git rev-parse --show-toplevel [3ms]
2023-03-13 13:38:21.126 [info] fatal: not a git repository (or any of the parent directories): .git
2023-03-13 13:38:21.126 [info] > git rev-parse --show-toplevel [8ms]
2023-03-13 13:38:21.126 [info] fatal: not a git repository (or any of the parent directories): .git
2023-03-13 13:38:21.126 [info] > git rev-parse --show-toplevel [4ms]
2023-03-13 13:38:21.126 [info] fatal: not a git repository (or any of the parent directories): .git
2023-03-13 13:38:21.126 [info] > git rev-parse --show-toplevel [3ms]
2023-03-13 13:38:21.126 [info] fatal: not a git repository (or any of the parent directories): .git
2023-03-13 13:38:21.126 [info] > git rev-parse --show-toplevel [10ms]
2023-03-13 13:38:21.126 [info] fatal: not a git repository (or any of the parent directories): .git
2023-03-13 13:38:21.126 [info] > git rev-parse --show-toplevel [35ms]
2023-03-13 13:38:21.126 [info] fatal: not a git repository (or any of the parent directories): .git
