2023-03-31 07:04:55.846 [info] Log level: Info
2023-03-31 07:04:55.847 [info] Validating found git in: "git"
2023-03-31 07:04:55.847 [info] Using git "2.17.1" from "git"
2023-03-31 07:04:55.847 [info] > git rev-parse --show-toplevel [20ms]
2023-03-31 07:04:55.847 [info] > git rev-parse --git-dir --git-common-dir [19ms]
2023-03-31 07:04:55.847 [info] Open repository: /home/longvu
2023-03-31 07:04:55.847 [info] > git config --get commit.template [46ms]
2023-03-31 07:04:55.847 [info] > git rev-parse --show-toplevel [59ms]
2023-03-31 07:04:55.847 [info] > git rev-parse --show-toplevel [32ms]
2023-03-31 07:04:55.847 [info] > git for-each-ref --format=%(refname)%00%(upstream:short)%00%(objectname)%00%(upstream:track)%00%(upstream:remotename)%00%(upstream:remoteref) refs/heads/main refs/remotes/main [99ms]
2023-03-31 07:04:55.847 [info] > git rev-parse --show-toplevel [94ms]
2023-03-31 07:04:55.847 [info] > git rev-parse --show-toplevel [22ms]
2023-03-31 07:04:55.847 [info] > git rev-parse --show-toplevel [29ms]
2023-03-31 07:04:55.847 [info] > git rev-parse --show-toplevel [9ms]
2023-03-31 07:04:55.847 [info] > git rev-parse --show-toplevel [175ms]
2023-03-31 07:04:55.847 [info] > git rev-parse --show-toplevel [7ms]
2023-03-31 07:04:55.847 [info] > git rev-parse --show-toplevel [6ms]
2023-03-31 07:04:57.008 [info] > git check-ignore -v -z --stdin [1165ms]
2023-03-31 07:04:57.027 [info] > git status -z -uall [1835ms]
2023-03-31 07:05:00.576 [info] > git config --get commit.template [46ms]
2023-03-31 07:05:00.791 [info] > git for-each-ref --format=%(refname)%00%(upstream:short)%00%(objectname)%00%(upstream:track)%00%(upstream:remotename)%00%(upstream:remoteref) refs/heads/main refs/remotes/main [137ms]
2023-03-31 07:05:02.533 [info] > git show --textconv :newNachos/nachos/NachOS-4.0/code/userprog/exception.cc [38ms]
2023-03-31 07:05:02.544 [info] > git ls-files --stage -- /home/longvu/newNachos/nachos/NachOS-4.0/code/userprog/exception.cc [22ms]
2023-03-31 07:05:02.589 [info] > git status -z -uall [1788ms]
2023-03-31 07:05:02.590 [info] > git cat-file -s 6060de21c551d3f2ca53d2e017d5c6b311c85713 [25ms]
2023-03-31 07:06:58.565 [info] > git config --get commit.template [19ms]
2023-03-31 07:06:58.567 [info] > git for-each-ref --format=%(refname)%00%(upstream:short)%00%(objectname)%00%(upstream:track)%00%(upstream:remotename)%00%(upstream:remoteref) refs/heads/main refs/remotes/main [7ms]
2023-03-31 07:06:59.405 [info] > git status -z -uall [823ms]
2023-03-31 07:07:02.003 [info] > git fetch [3481ms]
2023-03-31 07:07:02.003 [info] Missing or invalid credentials.
Skip silent fetch commands
Missing or invalid credentials.
Skip silent fetch commands
remote: Repository not found.
fatal: Authentication failed for 'https://github.com/TrinhLongVu/nachos.git/'
2023-03-31 07:07:02.033 [info] > git config --get commit.template [8ms]
2023-03-31 07:07:02.054 [info] > git for-each-ref --format=%(refname)%00%(upstream:short)%00%(objectname)%00%(upstream:track)%00%(upstream:remotename)%00%(upstream:remoteref) refs/heads/main refs/remotes/main [10ms]
2023-03-31 07:07:02.754 [info] > git ls-files --stage -- /home/longvu/newNachos/nachos/NachOS-4.0/code/userprog/exception.cc [13ms]
2023-03-31 07:07:02.766 [info] > git cat-file -s 6060de21c551d3f2ca53d2e017d5c6b311c85713 [2ms]
2023-03-31 07:07:02.798 [info] > git show --textconv :newNachos/nachos/NachOS-4.0/code/userprog/exception.cc [10ms]
2023-03-31 07:07:02.906 [info] > git status -z -uall [843ms]
2023-03-31 07:07:05.244 [info] > git config --get commit.template [8ms]
2023-03-31 07:07:05.267 [info] > git for-each-ref --format=%(refname)%00%(upstream:short)%00%(objectname)%00%(upstream:track)%00%(upstream:remotename)%00%(upstream:remoteref) refs/heads/main refs/remotes/main [6ms]
2023-03-31 07:07:06.129 [info] > git status -z -uall [780ms]
2023-03-31 07:07:12.007 [info] > git config --get commit.template [15ms]
2023-03-31 07:07:12.010 [info] > git for-each-ref --format=%(refname)%00%(upstream:short)%00%(objectname)%00%(upstream:track)%00%(upstream:remotename)%00%(upstream:remoteref) refs/heads/main refs/remotes/main [5ms]
2023-03-31 07:07:12.533 [info] > git status -z -uall [510ms]
2023-03-31 07:07:18.526 [info] > git config --get commit.template [17ms]
2023-03-31 07:07:18.530 [info] > git for-each-ref --format=%(refname)%00%(upstream:short)%00%(objectname)%00%(upstream:track)%00%(upstream:remotename)%00%(upstream:remoteref) refs/heads/main refs/remotes/main [5ms]
2023-03-31 07:07:19.115 [info] > git status -z -uall [573ms]
2023-03-31 07:07:25.109 [info] > git config --get commit.template [2ms]
2023-03-31 07:07:25.124 [info] > git for-each-ref --format=%(refname)%00%(upstream:short)%00%(objectname)%00%(upstream:track)%00%(upstream:remotename)%00%(upstream:remoteref) refs/heads/main refs/remotes/main [4ms]
2023-03-31 07:07:25.693 [info] > git status -z -uall [557ms]
2023-03-31 07:07:31.827 [info] > git config --get commit.template [15ms]
2023-03-31 07:07:31.831 [info] > git for-each-ref --format=%(refname)%00%(upstream:short)%00%(objectname)%00%(upstream:track)%00%(upstream:remotename)%00%(upstream:remoteref) refs/heads/main refs/remotes/main [5ms]
2023-03-31 07:07:32.431 [info] > git status -z -uall [589ms]
2023-03-31 07:07:38.508 [info] > git config --get commit.template [20ms]
2023-03-31 07:07:38.511 [info] > git for-each-ref --format=%(refname)%00%(upstream:short)%00%(objectname)%00%(upstream:track)%00%(upstream:remotename)%00%(upstream:remoteref) refs/heads/main refs/remotes/main [5ms]
2023-03-31 07:07:39.150 [info] > git status -z -uall [625ms]
2023-03-31 07:07:45.576 [info] > git config --get commit.template [18ms]
2023-03-31 07:07:45.580 [info] > git for-each-ref --format=%(refname)%00%(upstream:short)%00%(objectname)%00%(upstream:track)%00%(upstream:remotename)%00%(upstream:remoteref) refs/heads/main refs/remotes/main [5ms]
2023-03-31 07:07:46.209 [info] > git status -z -uall [616ms]
2023-03-31 07:07:52.249 [info] > git config --get commit.template [13ms]
2023-03-31 07:07:52.335 [info] > git for-each-ref --format=%(refname)%00%(upstream:short)%00%(objectname)%00%(upstream:track)%00%(upstream:remotename)%00%(upstream:remoteref) refs/heads/main refs/remotes/main [15ms]
2023-03-31 07:07:52.890 [info] > git status -z -uall [523ms]
2023-03-31 07:07:58.845 [info] > git config --get commit.template [32ms]
2023-03-31 07:07:58.859 [info] > git for-each-ref --format=%(refname)%00%(upstream:short)%00%(objectname)%00%(upstream:track)%00%(upstream:remotename)%00%(upstream:remoteref) refs/heads/main refs/remotes/main [25ms]
2023-03-31 07:07:59.800 [info] > git status -z -uall [896ms]
2023-03-31 07:08:05.968 [info] > git config --get commit.template [16ms]
2023-03-31 07:08:05.972 [info] > git for-each-ref --format=%(refname)%00%(upstream:short)%00%(objectname)%00%(upstream:track)%00%(upstream:remotename)%00%(upstream:remoteref) refs/heads/main refs/remotes/main [5ms]
2023-03-31 07:08:06.505 [info] > git status -z -uall [519ms]
2023-03-31 07:08:12.582 [info] > git config --get commit.template [21ms]
2023-03-31 07:08:12.585 [info] > git for-each-ref --format=%(refname)%00%(upstream:short)%00%(objectname)%00%(upstream:track)%00%(upstream:remotename)%00%(upstream:remoteref) refs/heads/main refs/remotes/main [5ms]
2023-03-31 07:08:13.220 [info] > git status -z -uall [620ms]
2023-03-31 07:08:19.837 [info] > git config --get commit.template [24ms]
2023-03-31 07:08:19.840 [info] > git for-each-ref --format=%(refname)%00%(upstream:short)%00%(objectname)%00%(upstream:track)%00%(upstream:remotename)%00%(upstream:remoteref) refs/heads/main refs/remotes/main [5ms]
2023-03-31 07:08:20.380 [info] > git status -z -uall [526ms]
2023-03-31 07:08:26.433 [info] > git config --get commit.template [7ms]
2023-03-31 07:08:26.453 [info] > git for-each-ref --format=%(refname)%00%(upstream:short)%00%(objectname)%00%(upstream:track)%00%(upstream:remotename)%00%(upstream:remoteref) refs/heads/main refs/remotes/main [2ms]
2023-03-31 07:08:26.888 [info] > git status -z -uall [423ms]
2023-03-31 07:08:32.625 [info] > git config --get commit.template [7ms]
2023-03-31 07:08:32.654 [info] > git for-each-ref --format=%(refname)%00%(upstream:short)%00%(objectname)%00%(upstream:track)%00%(upstream:remotename)%00%(upstream:remoteref) refs/heads/main refs/remotes/main [3ms]
2023-03-31 07:08:33.088 [info] > git status -z -uall [418ms]
2023-03-31 07:08:38.972 [info] > git config --get commit.template [54ms]
2023-03-31 07:08:38.974 [info] > git for-each-ref --format=%(refname)%00%(upstream:short)%00%(objectname)%00%(upstream:track)%00%(upstream:remotename)%00%(upstream:remoteref) refs/heads/main refs/remotes/main [12ms]
2023-03-31 07:08:39.438 [info] > git status -z -uall [442ms]
2023-03-31 07:08:45.125 [info] > git config --get commit.template [37ms]
2023-03-31 07:08:45.127 [info] > git for-each-ref --format=%(refname)%00%(upstream:short)%00%(objectname)%00%(upstream:track)%00%(upstream:remotename)%00%(upstream:remoteref) refs/heads/main refs/remotes/main [3ms]
2023-03-31 07:08:45.567 [info] > git status -z -uall [428ms]
2023-03-31 07:08:51.259 [info] > git config --get commit.template [3ms]
2023-03-31 07:08:51.283 [info] > git for-each-ref --format=%(refname)%00%(upstream:short)%00%(objectname)%00%(upstream:track)%00%(upstream:remotename)%00%(upstream:remoteref) refs/heads/main refs/remotes/main [2ms]
2023-03-31 07:08:51.733 [info] > git status -z -uall [437ms]
2023-03-31 07:08:57.458 [info] > git config --get commit.template [23ms]
2023-03-31 07:08:57.459 [info] > git for-each-ref --format=%(refname)%00%(upstream:short)%00%(objectname)%00%(upstream:track)%00%(upstream:remotename)%00%(upstream:remoteref) refs/heads/main refs/remotes/main [2ms]
2023-03-31 07:08:57.894 [info] > git status -z -uall [422ms]
2023-03-31 07:09:03.611 [info] > git config --get commit.template [29ms]
2023-03-31 07:09:03.612 [info] > git for-each-ref --format=%(refname)%00%(upstream:short)%00%(objectname)%00%(upstream:track)%00%(upstream:remotename)%00%(upstream:remoteref) refs/heads/main refs/remotes/main [3ms]
2023-03-31 07:09:04.070 [info] > git status -z -uall [437ms]
2023-03-31 07:09:09.757 [info] > git config --get commit.template [26ms]
2023-03-31 07:09:09.758 [info] > git for-each-ref --format=%(refname)%00%(upstream:short)%00%(objectname)%00%(upstream:track)%00%(upstream:remotename)%00%(upstream:remoteref) refs/heads/main refs/remotes/main [2ms]
2023-03-31 07:09:10.209 [info] > git status -z -uall [436ms]
2023-03-31 07:09:15.898 [info] > git config --get commit.template [31ms]
2023-03-31 07:09:15.900 [info] > git for-each-ref --format=%(refname)%00%(upstream:short)%00%(objectname)%00%(upstream:track)%00%(upstream:remotename)%00%(upstream:remoteref) refs/heads/main refs/remotes/main [4ms]
2023-03-31 07:09:16.359 [info] > git status -z -uall [445ms]
2023-03-31 07:09:22.113 [info] > git config --get commit.template [34ms]
2023-03-31 07:09:22.114 [info] > git for-each-ref --format=%(refname)%00%(upstream:short)%00%(objectname)%00%(upstream:track)%00%(upstream:remotename)%00%(upstream:remoteref) refs/heads/main refs/remotes/main [3ms]
2023-03-31 07:09:22.563 [info] > git status -z -uall [432ms]
2023-03-31 07:09:28.269 [info] > git config --get commit.template [28ms]
2023-03-31 07:09:28.271 [info] > git for-each-ref --format=%(refname)%00%(upstream:short)%00%(objectname)%00%(upstream:track)%00%(upstream:remotename)%00%(upstream:remoteref) refs/heads/main refs/remotes/main [3ms]
2023-03-31 07:09:28.708 [info] > git status -z -uall [425ms]
2023-03-31 07:09:34.309 [info] > git config --get commit.template [2ms]
2023-03-31 07:09:34.333 [info] > git for-each-ref --format=%(refname)%00%(upstream:short)%00%(objectname)%00%(upstream:track)%00%(upstream:remotename)%00%(upstream:remoteref) refs/heads/main refs/remotes/main [3ms]
2023-03-31 07:09:34.861 [info] > git status -z -uall [510ms]
2023-03-31 07:09:40.537 [info] > git config --get commit.template [16ms]
2023-03-31 07:09:40.539 [info] > git for-each-ref --format=%(refname)%00%(upstream:short)%00%(objectname)%00%(upstream:track)%00%(upstream:remotename)%00%(upstream:remoteref) refs/heads/main refs/remotes/main [3ms]
2023-03-31 07:09:41.020 [info] > git status -z -uall [471ms]
2023-03-31 07:09:46.574 [info] > git config --get commit.template [5ms]
2023-03-31 07:09:46.591 [info] > git for-each-ref --format=%(refname)%00%(upstream:short)%00%(objectname)%00%(upstream:track)%00%(upstream:remotename)%00%(upstream:remoteref) refs/heads/main refs/remotes/main [3ms]
2023-03-31 07:09:47.065 [info] > git status -z -uall [463ms]
2023-03-31 07:09:52.608 [info] > git config --get commit.template [13ms]
2023-03-31 07:09:52.623 [info] > git for-each-ref --format=%(refname)%00%(upstream:short)%00%(objectname)%00%(upstream:track)%00%(upstream:remotename)%00%(upstream:remoteref) refs/heads/main refs/remotes/main [15ms]
2023-03-31 07:09:53.065 [info] > git status -z -uall [431ms]
2023-03-31 07:09:58.777 [info] > git config --get commit.template [2ms]
2023-03-31 07:09:58.799 [info] > git for-each-ref --format=%(refname)%00%(upstream:short)%00%(objectname)%00%(upstream:track)%00%(upstream:remotename)%00%(upstream:remoteref) refs/heads/main refs/remotes/main [2ms]
2023-03-31 07:09:59.265 [info] > git status -z -uall [446ms]
2023-03-31 07:10:04.946 [info] > git config --get commit.template [18ms]
2023-03-31 07:10:04.948 [info] > git for-each-ref --format=%(refname)%00%(upstream:short)%00%(objectname)%00%(upstream:track)%00%(upstream:remotename)%00%(upstream:remoteref) refs/heads/main refs/remotes/main [4ms]
2023-03-31 07:10:05.387 [info] > git status -z -uall [425ms]
2023-03-31 07:10:11.009 [info] > git config --get commit.template [19ms]
2023-03-31 07:10:11.010 [info] > git for-each-ref --format=%(refname)%00%(upstream:short)%00%(objectname)%00%(upstream:track)%00%(upstream:remotename)%00%(upstream:remoteref) refs/heads/main refs/remotes/main [3ms]
2023-03-31 07:10:11.463 [info] > git status -z -uall [435ms]
2023-03-31 07:10:17.139 [info] > git config --get commit.template [23ms]
2023-03-31 07:10:17.140 [info] > git for-each-ref --format=%(refname)%00%(upstream:short)%00%(objectname)%00%(upstream:track)%00%(upstream:remotename)%00%(upstream:remoteref) refs/heads/main refs/remotes/main [2ms]
2023-03-31 07:10:17.580 [info] > git status -z -uall [427ms]
2023-03-31 07:10:23.293 [info] > git config --get commit.template [4ms]
2023-03-31 07:10:23.319 [info] > git for-each-ref --format=%(refname)%00%(upstream:short)%00%(objectname)%00%(upstream:track)%00%(upstream:remotename)%00%(upstream:remoteref) refs/heads/main refs/remotes/main [2ms]
2023-03-31 07:10:23.754 [info] > git status -z -uall [417ms]
2023-03-31 07:10:29.423 [info] > git config --get commit.template [3ms]
2023-03-31 07:10:29.446 [info] > git for-each-ref --format=%(refname)%00%(upstream:short)%00%(objectname)%00%(upstream:track)%00%(upstream:remotename)%00%(upstream:remoteref) refs/heads/main refs/remotes/main [2ms]
2023-03-31 07:10:29.882 [info] > git status -z -uall [420ms]
2023-03-31 07:10:35.496 [info] > git config --get commit.template [2ms]
2023-03-31 07:10:35.516 [info] > git for-each-ref --format=%(refname)%00%(upstream:short)%00%(objectname)%00%(upstream:track)%00%(upstream:remotename)%00%(upstream:remoteref) refs/heads/main refs/remotes/main [2ms]
2023-03-31 07:10:36.069 [info] > git status -z -uall [537ms]
2023-03-31 07:10:41.759 [info] > git config --get commit.template [2ms]
2023-03-31 07:10:41.772 [info] > git for-each-ref --format=%(refname)%00%(upstream:short)%00%(objectname)%00%(upstream:track)%00%(upstream:remotename)%00%(upstream:remoteref) refs/heads/main refs/remotes/main [1ms]
2023-03-31 07:10:42.208 [info] > git status -z -uall [424ms]
2023-03-31 07:10:47.979 [info] > git config --get commit.template [21ms]
2023-03-31 07:10:47.980 [info] > git for-each-ref --format=%(refname)%00%(upstream:short)%00%(objectname)%00%(upstream:track)%00%(upstream:remotename)%00%(upstream:remoteref) refs/heads/main refs/remotes/main [2ms]
2023-03-31 07:10:48.431 [info] > git status -z -uall [438ms]
2023-03-31 07:10:54.094 [info] > git config --get commit.template [2ms]
2023-03-31 07:10:54.110 [info] > git for-each-ref --format=%(refname)%00%(upstream:short)%00%(objectname)%00%(upstream:track)%00%(upstream:remotename)%00%(upstream:remoteref) refs/heads/main refs/remotes/main [2ms]
2023-03-31 07:10:54.537 [info] > git status -z -uall [412ms]
2023-03-31 07:11:00.190 [info] > git config --get commit.template [18ms]
2023-03-31 07:11:00.191 [info] > git for-each-ref --format=%(refname)%00%(upstream:short)%00%(objectname)%00%(upstream:track)%00%(upstream:remotename)%00%(upstream:remoteref) refs/heads/main refs/remotes/main [2ms]
2023-03-31 07:11:00.644 [info] > git status -z -uall [438ms]
2023-03-31 07:11:06.308 [info] > git config --get commit.template [2ms]
2023-03-31 07:11:06.323 [info] > git for-each-ref --format=%(refname)%00%(upstream:short)%00%(objectname)%00%(upstream:track)%00%(upstream:remotename)%00%(upstream:remoteref) refs/heads/main refs/remotes/main [1ms]
2023-03-31 07:11:06.855 [info] > git status -z -uall [518ms]
2023-03-31 07:11:12.845 [info] > git config --get commit.template [17ms]
2023-03-31 07:11:12.846 [info] > git for-each-ref --format=%(refname)%00%(upstream:short)%00%(objectname)%00%(upstream:track)%00%(upstream:remotename)%00%(upstream:remoteref) refs/heads/main refs/remotes/main [3ms]
2023-03-31 07:11:13.331 [info] > git status -z -uall [470ms]
2023-03-31 07:11:19.178 [info] > git config --get commit.template [2ms]
2023-03-31 07:11:19.195 [info] > git for-each-ref --format=%(refname)%00%(upstream:short)%00%(objectname)%00%(upstream:track)%00%(upstream:remotename)%00%(upstream:remoteref) refs/heads/main refs/remotes/main [2ms]
2023-03-31 07:11:19.942 [info] > git status -z -uall [729ms]
2023-03-31 07:11:26.091 [info] > git config --get commit.template [30ms]
2023-03-31 07:11:26.092 [info] > git for-each-ref --format=%(refname)%00%(upstream:short)%00%(objectname)%00%(upstream:track)%00%(upstream:remotename)%00%(upstream:remoteref) refs/heads/main refs/remotes/main [3ms]
2023-03-31 07:11:26.542 [info] > git status -z -uall [432ms]
2023-03-31 07:11:32.532 [info] > git config --get commit.template [26ms]
2023-03-31 07:11:32.533 [info] > git for-each-ref --format=%(refname)%00%(upstream:short)%00%(objectname)%00%(upstream:track)%00%(upstream:remotename)%00%(upstream:remoteref) refs/heads/main refs/remotes/main [3ms]
2023-03-31 07:11:32.972 [info] > git status -z -uall [425ms]
