2023-03-12 07:07:02.501 [info] Log level: Info
2023-03-12 07:07:02.501 [info] Validating found git in: "git"
2023-03-12 07:07:02.501 [info] Using git "2.17.1" from "git"
2023-03-12 07:07:02.501 [info] > git rev-parse --show-toplevel [29ms]
2023-03-12 07:07:02.501 [info] fatal: not a git repository (or any of the parent directories): .git
2023-03-12 07:07:02.501 [info] > git rev-parse --show-toplevel [20ms]
2023-03-12 07:07:02.501 [info] fatal: not a git repository (or any of the parent directories): .git
2023-03-12 07:07:02.501 [info] > git rev-parse --show-toplevel [21ms]
2023-03-12 07:07:02.501 [info] fatal: not a git repository (or any of the parent directories): .git
2023-03-12 07:07:02.501 [info] > git rev-parse --show-toplevel [8ms]
2023-03-12 07:07:02.501 [info] fatal: not a git repository (or any of the parent directories): .git
2023-03-12 07:07:02.501 [info] > git rev-parse --show-toplevel [4ms]
2023-03-12 07:07:02.501 [info] fatal: not a git repository (or any of the parent directories): .git
2023-03-12 07:07:02.501 [info] > git rev-parse --show-toplevel [1ms]
2023-03-12 07:07:02.501 [info] fatal: not a git repository (or any of the parent directories): .git
2023-03-12 07:07:02.501 [info] > git rev-parse --show-toplevel [6ms]
2023-03-12 07:07:02.501 [info] fatal: not a git repository (or any of the parent directories): .git
2023-03-12 07:07:02.501 [info] > git rev-parse --show-toplevel [20ms]
2023-03-12 07:07:02.501 [info] fatal: not a git repository (or any of the parent directories): .git
2023-03-12 07:07:02.501 [info] > git rev-parse --show-toplevel [3ms]
2023-03-12 07:07:02.501 [info] fatal: not a git repository (or any of the parent directories): .git
2023-03-12 07:07:02.501 [info] > git rev-parse --show-toplevel [38ms]
2023-03-12 07:07:02.501 [info] fatal: not a git repository (or any of the parent directories): .git
2023-03-12 07:07:02.501 [info] > git rev-parse --show-toplevel [62ms]
2023-03-12 07:07:02.501 [info] fatal: not a git repository (or any of the parent directories): .git
2023-03-12 07:07:16.254 [info] > git rev-parse --show-toplevel [10ms]
2023-03-12 07:07:16.255 [info] fatal: not a git repository (or any of the parent directories): .git
2023-03-12 07:07:17.923 [info] > git rev-parse --show-toplevel [28ms]
2023-03-12 07:07:17.923 [info] fatal: not a git repository (or any of the parent directories): .git
2023-03-12 07:07:20.037 [info] > git rev-parse --show-toplevel [8ms]
2023-03-12 07:07:20.038 [info] fatal: not a git repository (or any of the parent directories): .git
2023-03-12 07:07:42.193 [info] > git rev-parse --show-toplevel [7ms]
2023-03-12 07:07:42.193 [info] fatal: not a git repository (or any of the parent directories): .git
2023-03-12 07:07:50.547 [info] > git rev-parse --show-toplevel [3ms]
2023-03-12 07:07:50.547 [info] fatal: not a git repository (or any of the parent directories): .git
2023-03-12 07:09:02.684 [info] > git rev-parse --show-toplevel [21ms]
2023-03-12 07:09:02.684 [info] fatal: not a git repository (or any of the parent directories): .git
2023-03-12 07:09:03.681 [info] > git rev-parse --show-toplevel [6ms]
2023-03-12 07:09:03.682 [info] fatal: not a git repository (or any of the parent directories): .git
2023-03-12 07:09:30.215 [info] > git rev-parse --show-toplevel [10ms]
2023-03-12 07:09:30.215 [info] fatal: not a git repository (or any of the parent directories): .git
2023-03-12 07:09:32.367 [info] > git rev-parse --show-toplevel [6ms]
2023-03-12 07:09:32.368 [info] fatal: not a git repository (or any of the parent directories): .git
2023-03-12 07:13:24.198 [info] > git rev-parse --show-toplevel [7ms]
2023-03-12 07:13:24.198 [info] fatal: not a git repository (or any of the parent directories): .git
2023-03-12 07:13:28.016 [info] > git rev-parse --show-toplevel [56ms]
2023-03-12 07:13:28.016 [info] fatal: not a git repository (or any of the parent directories): .git
2023-03-12 07:13:29.201 [info] > git rev-parse --show-toplevel [23ms]
2023-03-12 07:13:29.201 [info] fatal: not a git repository (or any of the parent directories): .git
2023-03-12 07:14:44.749 [info] > git rev-parse --show-toplevel [10ms]
2023-03-12 07:14:44.749 [info] fatal: not a git repository (or any of the parent directories): .git
2023-03-12 07:14:45.808 [info] > git rev-parse --show-toplevel [45ms]
2023-03-12 07:14:45.808 [info] fatal: not a git repository (or any of the parent directories): .git
2023-03-12 07:15:39.913 [info] > git rev-parse --show-toplevel [17ms]
2023-03-12 07:15:39.913 [info] fatal: not a git repository (or any of the parent directories): .git
2023-03-12 07:16:13.461 [info] > git rev-parse --show-toplevel [15ms]
2023-03-12 07:16:13.461 [info] fatal: not a git repository (or any of the parent directories): .git
2023-03-12 07:16:14.971 [info] > git rev-parse --show-toplevel [4ms]
2023-03-12 07:16:14.972 [info] fatal: not a git repository (or any of the parent directories): .git
2023-03-12 07:16:16.966 [info] > git rev-parse --show-toplevel [12ms]
2023-03-12 07:16:16.966 [info] fatal: not a git repository (or any of the parent directories): .git
2023-03-12 07:16:18.014 [info] > git rev-parse --show-toplevel [6ms]
2023-03-12 07:16:18.014 [info] fatal: not a git repository (or any of the parent directories): .git
2023-03-12 07:16:24.265 [info] > git rev-parse --show-toplevel [13ms]
2023-03-12 07:16:24.265 [info] fatal: not a git repository (or any of the parent directories): .git
2023-03-12 07:16:27.740 [info] > git rev-parse --show-toplevel [51ms]
2023-03-12 07:16:27.740 [info] fatal: not a git repository (or any of the parent directories): .git
2023-03-12 07:16:29.597 [info] > git rev-parse --show-toplevel [9ms]
2023-03-12 07:16:29.597 [info] fatal: not a git repository (or any of the parent directories): .git
2023-03-12 07:16:32.611 [info] > git rev-parse --show-toplevel [4ms]
2023-03-12 07:16:32.611 [info] fatal: not a git repository (or any of the parent directories): .git
2023-03-12 07:18:38.143 [info] > git rev-parse --show-toplevel [10ms]
2023-03-12 07:18:38.143 [info] fatal: not a git repository (or any of the parent directories): .git
2023-03-12 07:19:20.758 [info] > git rev-parse --show-toplevel [7ms]
2023-03-12 07:19:20.758 [info] fatal: not a git repository (or any of the parent directories): .git
2023-03-12 07:19:24.979 [info] > git rev-parse --show-toplevel [34ms]
2023-03-12 07:19:24.980 [info] fatal: not a git repository (or any of the parent directories): .git
2023-03-12 07:19:26.190 [info] > git rev-parse --show-toplevel [6ms]
2023-03-12 07:19:26.190 [info] fatal: not a git repository (or any of the parent directories): .git
2023-03-12 07:19:28.556 [info] > git rev-parse --show-toplevel [6ms]
2023-03-12 07:19:28.556 [info] fatal: not a git repository (or any of the parent directories): .git
2023-03-12 07:19:29.704 [info] > git rev-parse --show-toplevel [6ms]
2023-03-12 07:19:29.706 [info] fatal: not a git repository (or any of the parent directories): .git
2023-03-12 07:20:03.293 [info] > git rev-parse --show-toplevel [6ms]
2023-03-12 07:20:03.293 [info] fatal: not a git repository (or any of the parent directories): .git
2023-03-12 07:20:04.188 [info] > git rev-parse --show-toplevel [6ms]
2023-03-12 07:20:04.188 [info] fatal: not a git repository (or any of the parent directories): .git
2023-03-12 07:20:05.423 [info] > git rev-parse --show-toplevel [13ms]
2023-03-12 07:20:05.423 [info] fatal: not a git repository (or any of the parent directories): .git
2023-03-12 07:20:30.902 [info] > git rev-parse --show-toplevel [8ms]
2023-03-12 07:20:30.902 [info] fatal: not a git repository (or any of the parent directories): .git
2023-03-12 07:20:33.119 [info] > git rev-parse --show-toplevel [35ms]
2023-03-12 07:20:33.119 [info] fatal: not a git repository (or any of the parent directories): .git
2023-03-12 07:21:19.498 [info] > git rev-parse --show-toplevel [8ms]
2023-03-12 07:21:19.498 [info] fatal: not a git repository (or any of the parent directories): .git
2023-03-12 07:21:27.784 [info] > git rev-parse --show-toplevel [54ms]
2023-03-12 07:21:27.784 [info] fatal: not a git repository (or any of the parent directories): .git
2023-03-12 07:21:28.588 [info] > git rev-parse --show-toplevel [17ms]
2023-03-12 07:21:28.589 [info] fatal: not a git repository (or any of the parent directories): .git
2023-03-12 07:21:30.205 [info] > git rev-parse --show-toplevel [10ms]
2023-03-12 07:21:30.205 [info] fatal: not a git repository (or any of the parent directories): .git
2023-03-12 07:22:40.346 [info] > git rev-parse --show-toplevel [10ms]
2023-03-12 07:22:40.346 [info] fatal: not a git repository (or any of the parent directories): .git
2023-03-12 07:22:57.266 [info] > git rev-parse --show-toplevel [11ms]
2023-03-12 07:22:57.266 [info] fatal: not a git repository (or any of the parent directories): .git
2023-03-12 07:23:22.136 [info] > git rev-parse --show-toplevel [6ms]
2023-03-12 07:23:22.136 [info] fatal: not a git repository (or any of the parent directories): .git
2023-03-12 07:23:26.096 [info] > git rev-parse --show-toplevel [5ms]
2023-03-12 07:23:26.096 [info] fatal: not a git repository (or any of the parent directories): .git
2023-03-12 07:23:29.963 [info] > git rev-parse --show-toplevel [12ms]
2023-03-12 07:23:29.964 [info] fatal: not a git repository (or any of the parent directories): .git
2023-03-12 07:23:46.410 [info] > git rev-parse --show-toplevel [10ms]
2023-03-12 07:23:46.410 [info] fatal: not a git repository (or any of the parent directories): .git
2023-03-12 07:25:55.249 [info] > git rev-parse --show-toplevel [4ms]
2023-03-12 07:25:55.249 [info] fatal: not a git repository (or any of the parent directories): .git
2023-03-12 07:25:56.916 [info] > git rev-parse --show-toplevel [4ms]
2023-03-12 07:25:56.916 [info] fatal: not a git repository (or any of the parent directories): .git
2023-03-12 07:25:57.785 [info] > git rev-parse --show-toplevel [5ms]
2023-03-12 07:25:57.785 [info] fatal: not a git repository (or any of the parent directories): .git
2023-03-12 07:25:58.554 [info] > git rev-parse --show-toplevel [6ms]
2023-03-12 07:25:58.554 [info] fatal: not a git repository (or any of the parent directories): .git
2023-03-12 07:26:05.004 [info] > git rev-parse --show-toplevel [7ms]
2023-03-12 07:26:05.004 [info] fatal: not a git repository (or any of the parent directories): .git
2023-03-12 07:26:10.405 [info] > git rev-parse --show-toplevel [14ms]
2023-03-12 07:26:10.405 [info] fatal: not a git repository (or any of the parent directories): .git
2023-03-12 07:26:28.539 [info] > git rev-parse --show-toplevel [41ms]
2023-03-12 07:26:28.539 [info] fatal: not a git repository (or any of the parent directories): .git
2023-03-12 07:26:37.147 [info] > git rev-parse --show-toplevel [9ms]
2023-03-12 07:26:37.147 [info] fatal: not a git repository (or any of the parent directories): .git
2023-03-12 07:27:37.690 [info] > git rev-parse --show-toplevel [4ms]
2023-03-12 07:27:37.690 [info] fatal: not a git repository (or any of the parent directories): .git
2023-03-12 07:29:09.231 [info] > git rev-parse --show-toplevel [16ms]
2023-03-12 07:29:09.234 [info] fatal: not a git repository (or any of the parent directories): .git
2023-03-12 07:35:17.541 [info] > git rev-parse --show-toplevel [12ms]
2023-03-12 07:35:17.542 [info] fatal: not a git repository (or any of the parent directories): .git
2023-03-12 07:35:19.124 [info] > git rev-parse --show-toplevel [13ms]
2023-03-12 07:35:19.124 [info] fatal: not a git repository (or any of the parent directories): .git
2023-03-12 07:35:34.190 [info] > git rev-parse --show-toplevel [10ms]
2023-03-12 07:35:34.190 [info] fatal: not a git repository (or any of the parent directories): .git
2023-03-12 07:39:56.138 [info] > git rev-parse --show-toplevel [13ms]
2023-03-12 07:39:56.138 [info] fatal: not a git repository (or any of the parent directories): .git
2023-03-12 07:40:24.834 [info] > git rev-parse --show-toplevel [9ms]
2023-03-12 07:40:24.835 [info] fatal: not a git repository (or any of the parent directories): .git
2023-03-12 07:45:49.489 [info] > git rev-parse --show-toplevel [4ms]
2023-03-12 07:45:49.490 [info] fatal: not a git repository (or any of the parent directories): .git
2023-03-12 07:45:51.581 [info] > git rev-parse --show-toplevel [6ms]
2023-03-12 07:45:51.581 [info] fatal: not a git repository (or any of the parent directories): .git
2023-03-12 07:46:06.960 [info] > git rev-parse --show-toplevel [8ms]
2023-03-12 07:46:06.960 [info] fatal: not a git repository (or any of the parent directories): .git
2023-03-12 07:49:46.245 [info] > git rev-parse --show-toplevel [38ms]
2023-03-12 07:49:46.245 [info] fatal: not a git repository (or any of the parent directories): .git
2023-03-12 07:49:52.697 [info] > git rev-parse --show-toplevel [10ms]
2023-03-12 07:49:52.697 [info] fatal: not a git repository (or any of the parent directories): .git
2023-03-12 07:50:23.306 [info] > git rev-parse --show-toplevel [6ms]
2023-03-12 07:50:23.307 [info] fatal: not a git repository (or any of the parent directories): .git
2023-03-12 07:50:25.360 [info] > git rev-parse --show-toplevel [13ms]
2023-03-12 07:50:25.360 [info] fatal: not a git repository (or any of the parent directories): .git
2023-03-12 07:50:36.079 [info] > git rev-parse --show-toplevel [9ms]
2023-03-12 07:50:36.079 [info] fatal: not a git repository (or any of the parent directories): .git
2023-03-12 08:34:05.706 [info] > git rev-parse --show-toplevel [47ms]
2023-03-12 08:34:05.706 [info] fatal: not a git repository (or any of the parent directories): .git
2023-03-12 08:34:10.076 [info] > git rev-parse --show-toplevel [16ms]
2023-03-12 08:34:10.077 [info] fatal: not a git repository (or any of the parent directories): .git
2023-03-12 08:34:14.414 [info] > git rev-parse --show-toplevel [9ms]
2023-03-12 08:34:14.414 [info] fatal: not a git repository (or any of the parent directories): .git
2023-03-12 08:34:21.960 [info] > git rev-parse --show-toplevel [5ms]
2023-03-12 08:34:21.960 [info] fatal: not a git repository (or any of the parent directories): .git
2023-03-12 08:34:51.173 [info] > git rev-parse --show-toplevel [70ms]
2023-03-12 08:34:51.173 [info] fatal: not a git repository (or any of the parent directories): .git
2023-03-12 08:34:52.234 [info] > git rev-parse --show-toplevel [11ms]
2023-03-12 08:34:52.234 [info] fatal: not a git repository (or any of the parent directories): .git
2023-03-12 08:35:33.742 [info] > git rev-parse --show-toplevel [6ms]
2023-03-12 08:35:33.742 [info] fatal: not a git repository (or any of the parent directories): .git
2023-03-12 08:35:43.220 [info] > git rev-parse --show-toplevel [18ms]
2023-03-12 08:35:43.220 [info] fatal: not a git repository (or any of the parent directories): .git
2023-03-12 08:35:45.796 [info] > git rev-parse --show-toplevel [3ms]
2023-03-12 08:35:45.796 [info] fatal: not a git repository (or any of the parent directories): .git
2023-03-12 08:35:47.949 [info] > git rev-parse --show-toplevel [4ms]
2023-03-12 08:35:47.949 [info] fatal: not a git repository (or any of the parent directories): .git
2023-03-12 08:36:08.325 [info] > git rev-parse --show-toplevel [8ms]
2023-03-12 08:36:08.326 [info] fatal: not a git repository (or any of the parent directories): .git
2023-03-12 08:37:53.993 [info] > git rev-parse --show-toplevel [10ms]
2023-03-12 08:37:53.993 [info] fatal: not a git repository (or any of the parent directories): .git
2023-03-12 08:37:59.015 [info] > git rev-parse --show-toplevel [7ms]
2023-03-12 08:37:59.015 [info] fatal: not a git repository (or any of the parent directories): .git
2023-03-12 08:39:50.560 [info] > git rev-parse --show-toplevel [4ms]
2023-03-12 08:39:50.560 [info] fatal: not a git repository (or any of the parent directories): .git
2023-03-12 08:39:52.140 [info] > git rev-parse --show-toplevel [3ms]
2023-03-12 08:39:52.140 [info] fatal: not a git repository (or any of the parent directories): .git
2023-03-12 08:40:02.908 [info] > git rev-parse --show-toplevel [4ms]
2023-03-12 08:40:02.908 [info] fatal: not a git repository (or any of the parent directories): .git
2023-03-12 08:40:14.658 [info] > git rev-parse --show-toplevel [5ms]
2023-03-12 08:40:14.658 [info] fatal: not a git repository (or any of the parent directories): .git
2023-03-12 08:40:16.390 [info] > git rev-parse --show-toplevel [5ms]
2023-03-12 08:40:16.390 [info] fatal: not a git repository (or any of the parent directories): .git
2023-03-12 08:43:10.535 [info] > git rev-parse --show-toplevel [50ms]
2023-03-12 08:43:10.535 [info] fatal: not a git repository (or any of the parent directories): .git
2023-03-12 08:43:11.147 [info] > git rev-parse --show-toplevel [6ms]
2023-03-12 08:43:11.147 [info] fatal: not a git repository (or any of the parent directories): .git
2023-03-12 08:43:11.916 [info] > git rev-parse --show-toplevel [10ms]
2023-03-12 08:43:11.916 [info] fatal: not a git repository (or any of the parent directories): .git
2023-03-12 08:43:27.644 [info] > git rev-parse --show-toplevel [57ms]
2023-03-12 08:43:27.644 [info] fatal: not a git repository (or any of the parent directories): .git
2023-03-12 08:47:51.668 [info] > git rev-parse --show-toplevel [8ms]
2023-03-12 08:47:51.668 [info] fatal: not a git repository (or any of the parent directories): .git
2023-03-12 08:47:52.838 [info] > git rev-parse --show-toplevel [32ms]
2023-03-12 08:47:52.838 [info] fatal: not a git repository (or any of the parent directories): .git
2023-03-12 08:47:54.605 [info] > git rev-parse --show-toplevel [10ms]
2023-03-12 08:47:54.605 [info] fatal: not a git repository (or any of the parent directories): .git
2023-03-12 08:47:58.772 [info] > git rev-parse --show-toplevel [7ms]
2023-03-12 08:47:58.772 [info] fatal: not a git repository (or any of the parent directories): .git
2023-03-12 08:48:02.337 [info] > git rev-parse --show-toplevel [14ms]
2023-03-12 08:48:02.337 [info] fatal: not a git repository (or any of the parent directories): .git
2023-03-12 08:49:02.761 [info] > git rev-parse --show-toplevel [30ms]
2023-03-12 08:49:02.761 [info] fatal: not a git repository (or any of the parent directories): .git
2023-03-12 08:49:05.075 [info] > git rev-parse --show-toplevel [7ms]
2023-03-12 08:49:05.076 [info] fatal: not a git repository (or any of the parent directories): .git
2023-03-12 08:49:20.816 [info] > git rev-parse --show-toplevel [11ms]
2023-03-12 08:49:20.816 [info] fatal: not a git repository (or any of the parent directories): .git
2023-03-12 08:49:21.513 [info] > git rev-parse --show-toplevel [10ms]
2023-03-12 08:49:21.513 [info] fatal: not a git repository (or any of the parent directories): .git
2023-03-12 08:50:17.171 [info] > git rev-parse --show-toplevel [13ms]
2023-03-12 08:50:17.171 [info] fatal: not a git repository (or any of the parent directories): .git
2023-03-12 08:50:19.339 [info] > git rev-parse --show-toplevel [5ms]
2023-03-12 08:50:19.339 [info] fatal: not a git repository (or any of the parent directories): .git
2023-03-12 08:54:12.854 [info] > git rev-parse --show-toplevel [6ms]
2023-03-12 08:54:12.854 [info] fatal: not a git repository (or any of the parent directories): .git
2023-03-12 08:54:17.284 [info] > git rev-parse --show-toplevel [13ms]
2023-03-12 08:54:17.284 [info] fatal: not a git repository (or any of the parent directories): .git
2023-03-12 08:54:19.278 [info] > git rev-parse --show-toplevel [21ms]
2023-03-12 08:54:19.278 [info] fatal: not a git repository (or any of the parent directories): .git
2023-03-12 08:54:24.167 [info] > git rev-parse --show-toplevel [5ms]
2023-03-12 08:54:24.167 [info] fatal: not a git repository (or any of the parent directories): .git
2023-03-12 08:54:24.912 [info] > git rev-parse --show-toplevel [11ms]
2023-03-12 08:54:24.912 [info] fatal: not a git repository (or any of the parent directories): .git
2023-03-12 08:54:39.805 [info] > git rev-parse --show-toplevel [12ms]
2023-03-12 08:54:39.805 [info] fatal: not a git repository (or any of the parent directories): .git
2023-03-12 08:57:52.688 [info] > git rev-parse --show-toplevel [6ms]
2023-03-12 08:57:52.688 [info] fatal: not a git repository (or any of the parent directories): .git
2023-03-12 08:57:55.672 [info] > git rev-parse --show-toplevel [13ms]
2023-03-12 08:57:55.689 [info] fatal: not a git repository (or any of the parent directories): .git
2023-03-12 08:58:53.695 [info] > git rev-parse --show-toplevel [5ms]
2023-03-12 08:58:53.695 [info] fatal: not a git repository (or any of the parent directories): .git
2023-03-12 08:58:57.406 [info] > git rev-parse --show-toplevel [8ms]
2023-03-12 08:58:57.406 [info] fatal: not a git repository (or any of the parent directories): .git
2023-03-12 08:59:19.215 [info] > git rev-parse --show-toplevel [43ms]
2023-03-12 08:59:19.216 [info] fatal: not a git repository (or any of the parent directories): .git
2023-03-12 08:59:20.872 [info] > git rev-parse --show-toplevel [13ms]
2023-03-12 08:59:20.872 [info] fatal: not a git repository (or any of the parent directories): .git
2023-03-12 08:59:22.163 [info] > git rev-parse --show-toplevel [6ms]
2023-03-12 08:59:22.163 [info] fatal: not a git repository (or any of the parent directories): .git
2023-03-12 09:00:42.599 [info] > git rev-parse --show-toplevel [9ms]
2023-03-12 09:00:42.599 [info] fatal: not a git repository (or any of the parent directories): .git
2023-03-12 09:01:05.505 [info] > git rev-parse --show-toplevel [5ms]
2023-03-12 09:01:05.505 [info] fatal: not a git repository (or any of the parent directories): .git
2023-03-12 09:03:57.246 [info] > git rev-parse --show-toplevel [10ms]
2023-03-12 09:03:57.246 [info] fatal: not a git repository (or any of the parent directories): .git
2023-03-12 09:04:43.250 [info] > git rev-parse --show-toplevel [9ms]
2023-03-12 09:04:43.250 [info] fatal: not a git repository (or any of the parent directories): .git
2023-03-12 09:05:57.731 [info] > git rev-parse --show-toplevel [5ms]
2023-03-12 09:05:57.732 [info] fatal: not a git repository (or any of the parent directories): .git
2023-03-12 09:06:18.005 [info] > git rev-parse --show-toplevel [10ms]
2023-03-12 09:06:18.005 [info] fatal: not a git repository (or any of the parent directories): .git
2023-03-12 09:06:41.987 [info] > git rev-parse --show-toplevel [11ms]
2023-03-12 09:06:41.987 [info] fatal: not a git repository (or any of the parent directories): .git
2023-03-12 09:09:17.055 [info] > git rev-parse --show-toplevel [26ms]
2023-03-12 09:09:17.055 [info] fatal: not a git repository (or any of the parent directories): .git
2023-03-12 09:09:29.834 [info] > git rev-parse --show-toplevel [7ms]
2023-03-12 09:09:29.834 [info] fatal: not a git repository (or any of the parent directories): .git
2023-03-12 09:09:31.272 [info] > git rev-parse --show-toplevel [14ms]
2023-03-12 09:09:31.272 [info] fatal: not a git repository (or any of the parent directories): .git
2023-03-12 09:16:06.942 [info] > git rev-parse --show-toplevel [20ms]
2023-03-12 09:16:06.942 [info] fatal: not a git repository (or any of the parent directories): .git
