*
* Visual Studio Code Server
*
* By using the software, you agree to
* the Visual Studio Code Server License Terms (https://aka.ms/vscode-server-license) and
* the Microsoft Privacy Statement (https://privacy.microsoft.com/en-US/privacystatement).
*
Server bound to 127.0.0.1:40851 (IPv4)
Extension host agent listening on 40851

[07:04:33] 




[07:04:33] Extension host agent started.
[07:04:33] [127.0.0.1][a5abc912][ManagementConnection] New connection established.
[07:04:33] [127.0.0.1][d805c1a4][ExtensionHostConnection] New connection established.
[07:04:33] [127.0.0.1][d805c1a4][ExtensionHostConnection] <2005> Launched Extension Host Process.
[07:04:33] Deleted from disk ms-python.python /home/longvu/.vscode-server/extensions/ms-python.python-2023.4.1
[07:04:33] Deleted from disk ms-python.vscode-pylance /home/longvu/.vscode-server/extensions/ms-python.vscode-pylance-2023.3.30
[07:04:33] Deleted from disk ms-toolsai.jupyter /home/longvu/.vscode-server/extensions/ms-toolsai.jupyter-2023.2.1200692131
[07:04:33] Deleted from disk ms-toolsai.jupyter-keymap /home/longvu/.vscode-server/extensions/ms-toolsai.jupyter-keymap-1.1.0
[07:04:33] Deleted from disk ms-toolsai.jupyter-renderers /home/longvu/.vscode-server/extensions/ms-toolsai.jupyter-renderers-1.0.15
[07:04:33] Deleted from disk ms-toolsai.vscode-jupyter-cell-tags /home/longvu/.vscode-server/extensions/ms-toolsai.vscode-jupyter-cell-tags-0.1.8
[07:04:33] Deleted from disk ms-toolsai.vscode-jupyter-slideshow /home/longvu/.vscode-server/extensions/ms-toolsai.vscode-jupyter-slideshow-0.1.5
[IPC Library: Pty Host]  WARN Shell integration cannot be enabled for executable "/bin/sh" and args [
  '-c',
  'wget --version > /dev/null\n' +
    'if [ $? -eq 0 ]\n' +
    'then\n' +
    "\twget --connect-timeout=7 --tries=1 --dns-timeout=7 -q --header='Metadata:true' -O - http://169.254.169.254/metadata/instance?api-version=2019-03-11\n" +
    'else\n' +
    '\tcurl --version > /dev/null\n' +
    '\tif [ $? -eq 0 ]\n' +
    '\tthen\n' +
    "\t\tcurl --connect-timeout 7 -s --header='Metadata:true' http://169.254.169.254/metadata/instance?api-version=2019-03-11\n" +
    '\tfi\n' +
    'fi\n' +
    'exit 0'
]
[IPC Library: Pty Host]  WARN Shell integration cannot be enabled for executable "/bin/sh" and args [
  '-c',
  'wget --version > /dev/null\n' +
    'if [ $? -eq 0 ]\n' +
    'then\n' +
    '\twget --connect-timeout=7 --tries=1 --dns-timeout=7 -q  -O - http://169.254.169.254/latest/meta-data/instance-id\n' +
    'else\n' +
    '\tcurl --version > /dev/null\n' +
    '\tif [ $? -eq 0 ]\n' +
    '\tthen\n' +
    '\t\tcurl --connect-timeout 7 -s  http://169.254.169.254/latest/meta-data/instance-id\n' +
    '\tfi\n' +
    'fi\n' +
    'exit 0'
]
[IPC Library: Pty Host]  WARN Shell integration cannot be enabled for executable "/bin/sh" and args [
  '-c',
  'wget --version > /dev/null\n' +
    'if [ $? -eq 0 ]\n' +
    'then\n' +
    '\twget --connect-timeout=7 --tries=1 --dns-timeout=7 -q  -O - http://169.254.169.254/metadata/v1/id\n' +
    'else\n' +
    '\tcurl --version > /dev/null\n' +
    '\tif [ $? -eq 0 ]\n' +
    '\tthen\n' +
    '\t\tcurl --connect-timeout 7 -s  http://169.254.169.254/metadata/v1/id\n' +
    '\tfi\n' +
    'fi\n' +
    'exit 0'
]
[IPC Library: Pty Host]  WARN Shell integration cannot be enabled for executable "/bin/sh" and args [
  '-c',
  'wget --version > /dev/null\n' +
    'if [ $? -eq 0 ]\n' +
    'then\n' +
    "\twget --connect-timeout=7 --tries=1 --dns-timeout=7 -q --header='Metadata-Flavor:Google' -O - http://metadata.google.internal/computeMetadata/v1/instance/id\n" +
    'else\n' +
    '\tcurl --version > /dev/null\n' +
    '\tif [ $? -eq 0 ]\n' +
    '\tthen\n' +
    "\t\tcurl --connect-timeout 7 -s --header='Metadata-Flavor:Google' http://metadata.google.internal/computeMetadata/v1/instance/id\n" +
    '\tfi\n' +
    'fi\n' +
    'exit 0'
]
[07:04:39] [127.0.0.1][a5abc912][ManagementConnection] The client has disconnected gracefully, so the connection will be disposed.
[07:04:39] [127.0.0.1][d805c1a4][ExtensionHostConnection] <2005> Extension Host Process exited with code: 0, signal: null.
Cancelling previous shutdown timeout
[07:04:39] Cancelling previous shutdown timeout
Last EH closed, waiting before shutting down
[07:04:39] Last EH closed, waiting before shutting down
Got delay-shutdown request while in shutdown timeout, delaying
[07:04:47] Got delay-shutdown request while in shutdown timeout, delaying
Cancelling previous shutdown timeout
[07:04:47] Cancelling previous shutdown timeout
[07:04:47] [127.0.0.1][77cbf1a7][ManagementConnection] New connection established.
[07:04:47] [127.0.0.1][c9a1d2e3][ExtensionHostConnection] New connection established.
[07:04:47] [127.0.0.1][c9a1d2e3][ExtensionHostConnection] <2206> Launched Extension Host Process.
rejected promise not handled within 1 second: CodeExpectedError: Could not find pty on pty host
stack trace: CodeExpectedError: Could not find pty on pty host
    at S.L (/home/longvu/.vscode-server/bin/ee2b180d582a7f601fa6ecfdad8d9fd269ab1884/out/vs/platform/terminal/node/ptyHostMain.js:27:6849)
    at S.updateTitle (/home/longvu/.vscode-server/bin/ee2b180d582a7f601fa6ecfdad8d9fd269ab1884/out/vs/platform/terminal/node/ptyHostMain.js:27:2630)
    at Object.call (/home/longvu/.vscode-server/bin/ee2b180d582a7f601fa6ecfdad8d9fd269ab1884/out/vs/platform/terminal/node/ptyHostMain.js:17:5043)
    at l.s (/home/longvu/.vscode-server/bin/ee2b180d582a7f601fa6ecfdad8d9fd269ab1884/out/vs/platform/terminal/node/ptyHostMain.js:15:5412)
    at l.q (/home/longvu/.vscode-server/bin/ee2b180d582a7f601fa6ecfdad8d9fd269ab1884/out/vs/platform/terminal/node/ptyHostMain.js:15:4915)
    at /home/longvu/.vscode-server/bin/ee2b180d582a7f601fa6ecfdad8d9fd269ab1884/out/vs/platform/terminal/node/ptyHostMain.js:15:4326
    at n.invoke (/home/longvu/.vscode-server/bin/ee2b180d582a7f601fa6ecfdad8d9fd269ab1884/out/vs/platform/terminal/node/ptyHostMain.js:11:145)
    at E.deliver (/home/longvu/.vscode-server/bin/ee2b180d582a7f601fa6ecfdad8d9fd269ab1884/out/vs/platform/terminal/node/ptyHostMain.js:11:2070)
    at c.fire (/home/longvu/.vscode-server/bin/ee2b180d582a7f601fa6ecfdad8d9fd269ab1884/out/vs/platform/terminal/node/ptyHostMain.js:11:1708)
    at process.T (/home/longvu/.vscode-server/bin/ee2b180d582a7f601fa6ecfdad8d9fd269ab1884/out/vs/platform/terminal/node/ptyHostMain.js:9:20949)
    at process.emit (node:events:526:28)
    at emit (node:internal/child_process:938:14)
    at processTicksAndRejections (node:internal/process/task_queues:84:21)
[07:04:50] Error [CodeExpectedError]: Could not find pty on pty host
    at S.L (/home/longvu/.vscode-server/bin/ee2b180d582a7f601fa6ecfdad8d9fd269ab1884/out/vs/platform/terminal/node/ptyHostMain.js:27:6849)
    at S.updateTitle (/home/longvu/.vscode-server/bin/ee2b180d582a7f601fa6ecfdad8d9fd269ab1884/out/vs/platform/terminal/node/ptyHostMain.js:27:2630)
    at Object.call (/home/longvu/.vscode-server/bin/ee2b180d582a7f601fa6ecfdad8d9fd269ab1884/out/vs/platform/terminal/node/ptyHostMain.js:17:5043)
    at l.s (/home/longvu/.vscode-server/bin/ee2b180d582a7f601fa6ecfdad8d9fd269ab1884/out/vs/platform/terminal/node/ptyHostMain.js:15:5412)
    at l.q (/home/longvu/.vscode-server/bin/ee2b180d582a7f601fa6ecfdad8d9fd269ab1884/out/vs/platform/terminal/node/ptyHostMain.js:15:4915)
    at /home/longvu/.vscode-server/bin/ee2b180d582a7f601fa6ecfdad8d9fd269ab1884/out/vs/platform/terminal/node/ptyHostMain.js:15:4326
    at n.invoke (/home/longvu/.vscode-server/bin/ee2b180d582a7f601fa6ecfdad8d9fd269ab1884/out/vs/platform/terminal/node/ptyHostMain.js:11:145)
    at E.deliver (/home/longvu/.vscode-server/bin/ee2b180d582a7f601fa6ecfdad8d9fd269ab1884/out/vs/platform/terminal/node/ptyHostMain.js:11:2070)
    at c.fire (/home/longvu/.vscode-server/bin/ee2b180d582a7f601fa6ecfdad8d9fd269ab1884/out/vs/platform/terminal/node/ptyHostMain.js:11:1708)
    at process.T (/home/longvu/.vscode-server/bin/ee2b180d582a7f601fa6ecfdad8d9fd269ab1884/out/vs/platform/terminal/node/ptyHostMain.js:9:20949)
    at process.emit (node:events:526:28)
    at emit (node:internal/child_process:938:14)
    at processTicksAndRejections (node:internal/process/task_queues:84:21)
[IPC Library: Pty Host]  WARN Shell integration cannot be enabled for executable "/bin/sh" and args [
  '-c',
  'wget --version > /dev/null\n' +
    'if [ $? -eq 0 ]\n' +
    'then\n' +
    "\twget --connect-timeout=7 --tries=1 --dns-timeout=7 -q --header='Metadata:true' -O - http://169.254.169.254/metadata/instance?api-version=2019-03-11\n" +
    'else\n' +
    '\tcurl --version > /dev/null\n' +
    '\tif [ $? -eq 0 ]\n' +
    '\tthen\n' +
    "\t\tcurl --connect-timeout 7 -s --header='Metadata:true' http://169.254.169.254/metadata/instance?api-version=2019-03-11\n" +
    '\tfi\n' +
    'fi\n' +
    'exit 0'
]
[IPC Library: Pty Host]  WARN Shell integration cannot be enabled for executable "/bin/sh" and args [
  '-c',
  'wget --version > /dev/null\n' +
    'if [ $? -eq 0 ]\n' +
    'then\n' +
    '\twget --connect-timeout=7 --tries=1 --dns-timeout=7 -q  -O - http://169.254.169.254/latest/meta-data/instance-id\n' +
    'else\n' +
    '\tcurl --version > /dev/null\n' +
    '\tif [ $? -eq 0 ]\n' +
    '\tthen\n' +
    '\t\tcurl --connect-timeout 7 -s  http://169.254.169.254/latest/meta-data/instance-id\n' +
    '\tfi\n' +
    'fi\n' +
    'exit 0'
]
[IPC Library: Pty Host]  WARN Shell integration cannot be enabled for executable "/bin/sh" and args [
  '-c',
  'wget --version > /dev/null\n' +
    'if [ $? -eq 0 ]\n' +
    'then\n' +
    '\twget --connect-timeout=7 --tries=1 --dns-timeout=7 -q  -O - http://169.254.169.254/metadata/v1/id\n' +
    'else\n' +
    '\tcurl --version > /dev/null\n' +
    '\tif [ $? -eq 0 ]\n' +
    '\tthen\n' +
    '\t\tcurl --connect-timeout 7 -s  http://169.254.169.254/metadata/v1/id\n' +
    '\tfi\n' +
    'fi\n' +
    'exit 0'
]
[IPC Library: Pty Host]  WARN Shell integration cannot be enabled for executable "/bin/sh" and args [
  '-c',
  'wget --version > /dev/null\n' +
    'if [ $? -eq 0 ]\n' +
    'then\n' +
    "\twget --connect-timeout=7 --tries=1 --dns-timeout=7 -q --header='Metadata-Flavor:Google' -O - http://metadata.google.internal/computeMetadata/v1/instance/id\n" +
    'else\n' +
    '\tcurl --version > /dev/null\n' +
    '\tif [ $? -eq 0 ]\n' +
    '\tthen\n' +
    "\t\tcurl --connect-timeout 7 -s --header='Metadata-Flavor:Google' http://metadata.google.internal/computeMetadata/v1/instance/id\n" +
    '\tfi\n' +
    'fi\n' +
    'exit 0'
]
New EH opened, aborting shutdown
[07:09:47] New EH opened, aborting shutdown
[07:11:38] [127.0.0.1][77cbf1a7][ManagementConnection] The client has disconnected gracefully, so the connection will be disposed.
[07:11:40] [127.0.0.1][c9a1d2e3][ExtensionHostConnection] <2206> Extension Host Process exited with code: 0, signal: null.
Last EH closed, waiting before shutting down
[07:11:40] Last EH closed, waiting before shutting down
Last EH closed, shutting down
[07:17:00] Last EH closed, shutting down
